#
# There is insufficient memory for the Java Runtime Environment to continue.
# Native memory allocation (malloc) failed to allocate 1647696 bytes for Chunk::new
# Possible reasons:
#   The system is out of physical RAM or swap space
#   The process is running with CompressedOops enabled, and the Java Heap may be blocking the growth of the native heap
# Possible solutions:
#   Reduce memory load on the system
#   Increase physical memory or swap space
#   Check if swap backing store is full
#   Decrease Java heap size (-Xmx/-Xms)
#   Decrease number of Java threads
#   Decrease Java thread stack sizes (-Xss)
#   Set larger code cache with -XX:ReservedCodeCacheSize=
#   JVM is running with Unscaled Compressed Oops mode in which the Java heap is
#     placed in the first 4GB address space. The Java Heap base address is the
#     maximum limit for the native heap growth. Please use -XX:HeapBaseMinAddress
#     to set the Java Heap base and to place the Java Heap above 4GB virtual address.
# This output file may be truncated or incomplete.
#
#  Out of Memory Error (arena.cpp:189), pid=9500, tid=8560
#
# JRE version: OpenJDK Runtime Environment (17.0.6) (build 17.0.6+0-b2043.56-9586694)
# Java VM: OpenJDK 64-Bit Server VM (17.0.6+0-b2043.56-9586694, mixed mode, tiered, compressed oops, compressed class ptrs, g1 gc, windows-amd64)
# No core dump will be written. Minidumps are not enabled by default on client versions of Windows
#

---------------  S U M M A R Y ------------

Command Line: --add-opens=java.base/java.util=ALL-UNNAMED --add-opens=java.base/java.lang=ALL-UNNAMED --add-opens=java.base/java.lang.invoke=ALL-UNNAMED --add-opens=java.prefs/java.util.prefs=ALL-UNNAMED --add-opens=java.base/java.nio.charset=ALL-UNNAMED --add-opens=java.base/java.net=ALL-UNNAMED --add-opens=java.base/java.util.concurrent.atomic=ALL-UNNAMED -Xmx2048m -Dfile.encoding=UTF-8 -Duser.country=US -Duser.language=en -Duser.variant org.gradle.launcher.daemon.bootstrap.GradleDaemon 8.0

Host: Intel(R) Core(TM) i5-4590S CPU @ 3.00GHz, 4 cores, 7G,  Windows 10 , 64 bit Build 19041 (10.0.19041.2913)
Time: Sat Jun  3 14:37:33 2023 Pacific Daylight Time elapsed time: 30.799922 seconds (0d 0h 0m 30s)

---------------  T H R E A D  ---------------

Current thread (0x000001a7af40bdf0):  JavaThread "C2 CompilerThread0" daemon [_thread_in_native, id=8560, stack(0x0000001b3ec00000,0x0000001b3ed00000)]


Current CompileTask:
C2:  30799 14809   !   4       java.io.ObjectOutputStream::writeSerialData (223 bytes)

Stack: [0x0000001b3ec00000,0x0000001b3ed00000]
Native frames: (J=compiled Java code, j=interpreted, Vv=VM code, C=native code)
V  [jvm.dll+0x683b4a]
V  [jvm.dll+0x842654]
V  [jvm.dll+0x843dfe]
V  [jvm.dll+0x844463]
V  [jvm.dll+0x249b75]
V  [jvm.dll+0xabcac]
V  [jvm.dll+0xac27c]
V  [jvm.dll+0x368802]
V  [jvm.dll+0x1bced2]
V  [jvm.dll+0x21c359]
V  [jvm.dll+0x21b621]
V  [jvm.dll+0x1a4fdd]
V  [jvm.dll+0x22b098]
V  [jvm.dll+0x229159]
V  [jvm.dll+0x7f809c]
V  [jvm.dll+0x7f25fa]
V  [jvm.dll+0x682985]
C  [ucrtbase.dll+0x21bb2]
C  [KERNEL32.DLL+0x17614]
C  [ntdll.dll+0x526a1]


---------------  P R O C E S S  ---------------

Threads class SMR info:
_java_thread_list=0x000001a7b5bdfd50, length=92, elements={
0x000001a7933a8830, 0x000001a7ae8a0ca0, 0x000001a7ae8a1ca0, 0x000001a7ae8dd140,
0x000001a7af40a080, 0x000001a7af40a940, 0x000001a7af40b200, 0x000001a7af40bdf0,
0x000001a7af410cb0, 0x000001a7af433d80, 0x000001a7af5894a0, 0x000001a7af58bd90,
0x000001a7b0f4daf0, 0x000001a7b0f4be10, 0x000001a7b0f4b470, 0x000001a7b0f4e490,
0x000001a7b0f4c7b0, 0x000001a7b0f4b940, 0x000001a7b0f4cc80, 0x000001a7b0f4c2e0,
0x000001a7b0f4d620, 0x000001a7b0f4d150, 0x000001a7b0f4afa0, 0x000001a7b0f4dfc0,
0x000001a7b0f4e960, 0x000001a7b23eb730, 0x000001a7b23e5220, 0x000001a7b23e8240,
0x000001a7b23e6f00, 0x000001a7b23ea8c0, 0x000001a7b23e9a50, 0x000001a7b23e9f20,
0x000001a7b23ebc00, 0x000001a7b23e6090, 0x000001a7b23e6a30, 0x000001a7b23e56f0,
0x000001a7b23ead90, 0x000001a7b23ea3f0, 0x000001a7b23eb260, 0x000001a7b23e78a0,
0x000001a7b23e7d70, 0x000001a7b23e8710, 0x000001a7b23e8be0, 0x000001a7b23e90b0,
0x000001a7b23e9580, 0x000001a7b387e170, 0x000001a7b387fe50, 0x000001a7b3881b30,
0x000001a7b3883340, 0x000001a7b38824d0, 0x000001a7b38841b0, 0x000001a7b3883810,
0x000001a7b3884680, 0x000001a7b38854f0, 0x000001a7b3885020, 0x000001a7b387dca0,
0x000001a7b387eb10, 0x000001a7b387f980, 0x000001a7b38829a0, 0x000001a7b387e640,
0x000001a7b38807f0, 0x000001a7b387efe0, 0x000001a7b3883ce0, 0x000001a7b3884b50,
0x000001a7b387f4b0, 0x000001a7b3880320, 0x000001a7b3880cc0, 0x000001a7b3881190,
0x000001a7b3881660, 0x000001a7b3882000, 0x000001a7b3882e70, 0x000001a7b52ffa40,
0x000001a7b52fff10, 0x000001a7b52fc080, 0x000001a7b52f9060, 0x000001a7b53003e0,
0x000001a7b52ff0a0, 0x000001a7b52ff570, 0x000001a7b52f9ed0, 0x000001a7b52fc550,
0x000001a7b52f9530, 0x000001a7b52fd890, 0x000001a7b52fa3a0, 0x000001a7b52fad40,
0x000001a7b52fb210, 0x000001a7b52fe700, 0x000001a7b52fd3c0, 0x000001a7b52febd0,
0x000001a7b52f9a00, 0x000001a7b52fb6e0, 0x000001a7b52fca20, 0x000001a7b52fcef0
}

Java Threads: ( => current thread )
  0x000001a7933a8830 JavaThread "main" [_thread_blocked, id=5236, stack(0x0000001b3df00000,0x0000001b3e000000)]
  0x000001a7ae8a0ca0 JavaThread "Reference Handler" daemon [_thread_blocked, id=6000, stack(0x0000001b3e600000,0x0000001b3e700000)]
  0x000001a7ae8a1ca0 JavaThread "Finalizer" daemon [_thread_blocked, id=9312, stack(0x0000001b3e700000,0x0000001b3e800000)]
  0x000001a7ae8dd140 JavaThread "Signal Dispatcher" daemon [_thread_blocked, id=6220, stack(0x0000001b3e800000,0x0000001b3e900000)]
  0x000001a7af40a080 JavaThread "Attach Listener" daemon [_thread_blocked, id=11072, stack(0x0000001b3e900000,0x0000001b3ea00000)]
  0x000001a7af40a940 JavaThread "Service Thread" daemon [_thread_blocked, id=3500, stack(0x0000001b3ea00000,0x0000001b3eb00000)]
  0x000001a7af40b200 JavaThread "Monitor Deflation Thread" daemon [_thread_blocked, id=4140, stack(0x0000001b3eb00000,0x0000001b3ec00000)]
=>0x000001a7af40bdf0 JavaThread "C2 CompilerThread0" daemon [_thread_in_native, id=8560, stack(0x0000001b3ec00000,0x0000001b3ed00000)]
  0x000001a7af410cb0 JavaThread "C1 CompilerThread0" daemon [_thread_blocked, id=1836, stack(0x0000001b3ed00000,0x0000001b3ee00000)]
  0x000001a7af433d80 JavaThread "Sweeper thread" daemon [_thread_blocked, id=6016, stack(0x0000001b3ee00000,0x0000001b3ef00000)]
  0x000001a7af5894a0 JavaThread "Common-Cleaner" daemon [_thread_blocked, id=8384, stack(0x0000001b3ef00000,0x0000001b3f000000)]
  0x000001a7af58bd90 JavaThread "Notification Thread" daemon [_thread_blocked, id=380, stack(0x0000001b3f000000,0x0000001b3f100000)]
  0x000001a7b0f4daf0 JavaThread "Daemon health stats" [_thread_blocked, id=3020, stack(0x0000001b3f600000,0x0000001b3f700000)]
  0x000001a7b0f4be10 JavaThread "Incoming local TCP Connector on port 53379" [_thread_in_native, id=3656, stack(0x0000001b3f700000,0x0000001b3f800000)]
  0x000001a7b0f4b470 JavaThread "Daemon periodic checks" [_thread_blocked, id=8740, stack(0x0000001b3f800000,0x0000001b3f900000)]
  0x000001a7b0f4e490 JavaThread "Daemon" [_thread_blocked, id=9336, stack(0x0000001b3f900000,0x0000001b3fa00000)]
  0x000001a7b0f4c7b0 JavaThread "Handler for socket connection from /127.0.0.1:53379 to /127.0.0.1:53382" [_thread_in_native, id=11320, stack(0x0000001b3fa00000,0x0000001b3fb00000)]
  0x000001a7b0f4b940 JavaThread "Cancel handler" [_thread_blocked, id=5744, stack(0x0000001b3f200000,0x0000001b3f300000)]
  0x000001a7b0f4cc80 JavaThread "Daemon worker" [_thread_blocked, id=4432, stack(0x0000001b3fb00000,0x0000001b3fc00000)]
  0x000001a7b0f4c2e0 JavaThread "Asynchronous log dispatcher for DefaultDaemonConnection: socket connection from /127.0.0.1:53379 to /127.0.0.1:53382" [_thread_blocked, id=6004, stack(0x0000001b3fc00000,0x0000001b3fd00000)]
  0x000001a7b0f4d620 JavaThread "Stdin handler" [_thread_blocked, id=8888, stack(0x0000001b3fd00000,0x0000001b3fe00000)]
  0x000001a7b0f4d150 JavaThread "Daemon client event forwarder" [_thread_blocked, id=132, stack(0x0000001b3fe00000,0x0000001b3ff00000)]
  0x000001a7b0f4afa0 JavaThread "Cache worker for journal cache (C:\Users\Mr Robot\.gradle\caches\journal-1)" [_thread_blocked, id=7180, stack(0x0000001b3ff00000,0x0000001b40000000)]
  0x000001a7b0f4dfc0 JavaThread "File lock request listener" [_thread_in_native, id=8472, stack(0x0000001b40000000,0x0000001b40100000)]
  0x000001a7b0f4e960 JavaThread "Cache worker for file hash cache (C:\Users\Mr Robot\.gradle\caches\8.0\fileHashes)" [_thread_blocked, id=3256, stack(0x0000001b40100000,0x0000001b40200000)]
  0x000001a7b23eb730 JavaThread "File watcher server" daemon [_thread_in_native, id=6232, stack(0x0000001b40200000,0x0000001b40300000)]
  0x000001a7b23e5220 JavaThread "File watcher consumer" daemon [_thread_blocked, id=9092, stack(0x0000001b40300000,0x0000001b40400000)]
  0x000001a7b23e8240 JavaThread "Cache worker for checksums cache (C:\Users\Mr Robot\AndroidStudioProjects\SahiwalHealthCare3\.gradle\8.0\checksums)" [_thread_blocked, id=8260, stack(0x0000001b40400000,0x0000001b40500000)]
  0x000001a7b23e6f00 JavaThread "Cache worker for cache directory md-rule (C:\Users\Mr Robot\.gradle\caches\8.0\md-rule)" [_thread_blocked, id=10672, stack(0x0000001b40500000,0x0000001b40600000)]
  0x000001a7b23ea8c0 JavaThread "Cache worker for file content cache (C:\Users\Mr Robot\.gradle\caches\8.0\fileContent)" [_thread_blocked, id=7272, stack(0x0000001b40600000,0x0000001b40700000)]
  0x000001a7b23e9a50 JavaThread "Cache worker for file hash cache (C:\Users\Mr Robot\AndroidStudioProjects\SahiwalHealthCare3\.gradle\8.0\fileHashes)" [_thread_blocked, id=8772, stack(0x0000001b40800000,0x0000001b40900000)]
  0x000001a7b23e9f20 JavaThread "Cache worker for cache directory md-supplier (C:\Users\Mr Robot\.gradle\caches\8.0\md-supplier)" [_thread_blocked, id=7348, stack(0x0000001b40900000,0x0000001b40a00000)]
  0x000001a7b23ebc00 JavaThread "Cache worker for execution history cache (C:\Users\Mr Robot\.gradle\caches\8.0\executionHistory)" [_thread_blocked, id=8992, stack(0x0000001b40700000,0x0000001b40800000)]
  0x000001a7b23e6090 JavaThread "jar transforms" [_thread_blocked, id=392, stack(0x0000001b40b00000,0x0000001b40c00000)]
  0x000001a7b23e6a30 JavaThread "jar transforms Thread 2" [_thread_blocked, id=11148, stack(0x0000001b40c00000,0x0000001b40d00000)]
  0x000001a7b23e56f0 JavaThread "jar transforms Thread 3" [_thread_blocked, id=2764, stack(0x0000001b40e00000,0x0000001b40f00000)]
  0x000001a7b23ead90 JavaThread "jar transforms Thread 4" [_thread_blocked, id=10824, stack(0x0000001b40f00000,0x0000001b41000000)]
  0x000001a7b23ea3f0 JavaThread "Cache worker for dependencies-accessors (C:\Users\Mr Robot\AndroidStudioProjects\SahiwalHealthCare3\.gradle\8.0\dependencies-accessors)" [_thread_blocked, id=8408, stack(0x0000001b41000000,0x0000001b41100000)]
  0x000001a7b23eb260 JavaThread "Cache worker for Build Output Cleanup Cache (C:\Users\Mr Robot\AndroidStudioProjects\SahiwalHealthCare3\.gradle\buildOutputCleanup)" [_thread_blocked, id=12284, stack(0x0000001b40a00000,0x0000001b40b00000)]
  0x000001a7b23e78a0 JavaThread "Unconstrained build operations" [_thread_blocked, id=1312, stack(0x0000001b41200000,0x0000001b41300000)]
  0x000001a7b23e7d70 JavaThread "Unconstrained build operations Thread 2" [_thread_blocked, id=9796, stack(0x0000001b41300000,0x0000001b41400000)]
  0x000001a7b23e8710 JavaThread "Unconstrained build operations Thread 3" [_thread_blocked, id=6192, stack(0x0000001b41400000,0x0000001b41500000)]
  0x000001a7b23e8be0 JavaThread "Unconstrained build operations Thread 4" [_thread_blocked, id=116, stack(0x0000001b41500000,0x0000001b41600000)]
  0x000001a7b23e90b0 JavaThread "Unconstrained build operations Thread 5" [_thread_blocked, id=6240, stack(0x0000001b41600000,0x0000001b41700000)]
  0x000001a7b23e9580 JavaThread "Unconstrained build operations Thread 6" [_thread_blocked, id=11528, stack(0x0000001b41700000,0x0000001b41800000)]
  0x000001a7b387e170 JavaThread "Unconstrained build operations Thread 7" [_thread_blocked, id=6748, stack(0x0000001b41800000,0x0000001b41900000)]
  0x000001a7b387fe50 JavaThread "Unconstrained build operations Thread 8" [_thread_blocked, id=12244, stack(0x0000001b41900000,0x0000001b41a00000)]
  0x000001a7b3881b30 JavaThread "Unconstrained build operations Thread 9" [_thread_blocked, id=4196, stack(0x0000001b41a00000,0x0000001b41b00000)]
  0x000001a7b3883340 JavaThread "Unconstrained build operations Thread 10" [_thread_blocked, id=1080, stack(0x0000001b41b00000,0x0000001b41c00000)]
  0x000001a7b38824d0 JavaThread "Unconstrained build operations Thread 11" [_thread_blocked, id=8608, stack(0x0000001b41c00000,0x0000001b41d00000)]
  0x000001a7b38841b0 JavaThread "Unconstrained build operations Thread 12" [_thread_blocked, id=984, stack(0x0000001b41d00000,0x0000001b41e00000)]
  0x000001a7b3883810 JavaThread "Unconstrained build operations Thread 13" [_thread_blocked, id=11800, stack(0x0000001b41e00000,0x0000001b41f00000)]
  0x000001a7b3884680 JavaThread "Unconstrained build operations Thread 14" [_thread_blocked, id=9968, stack(0x0000001b41f00000,0x0000001b42000000)]
  0x000001a7b38854f0 JavaThread "Unconstrained build operations Thread 15" [_thread_blocked, id=3220, stack(0x0000001b42000000,0x0000001b42100000)]
  0x000001a7b3885020 JavaThread "Unconstrained build operations Thread 16" [_thread_blocked, id=1044, stack(0x0000001b42100000,0x0000001b42200000)]
  0x000001a7b387dca0 JavaThread "Unconstrained build operations Thread 17" [_thread_blocked, id=9936, stack(0x0000001b42200000,0x0000001b42300000)]
  0x000001a7b387eb10 JavaThread "Unconstrained build operations Thread 18" [_thread_blocked, id=7060, stack(0x0000001b42300000,0x0000001b42400000)]
  0x000001a7b387f980 JavaThread "Unconstrained build operations Thread 19" [_thread_blocked, id=2564, stack(0x0000001b42400000,0x0000001b42500000)]
  0x000001a7b38829a0 JavaThread "Unconstrained build operations Thread 20" [_thread_blocked, id=7188, stack(0x0000001b42500000,0x0000001b42600000)]
  0x000001a7b387e640 JavaThread "Unconstrained build operations Thread 21" [_thread_blocked, id=8396, stack(0x0000001b42600000,0x0000001b42700000)]
  0x000001a7b38807f0 JavaThread "Unconstrained build operations Thread 22" [_thread_blocked, id=9612, stack(0x0000001b42700000,0x0000001b42800000)]
  0x000001a7b387efe0 JavaThread "Unconstrained build operations Thread 23" [_thread_in_native, id=5976, stack(0x0000001b42800000,0x0000001b42900000)]
  0x000001a7b3883ce0 JavaThread "Unconstrained build operations Thread 24" [_thread_blocked, id=4156, stack(0x0000001b42900000,0x0000001b42a00000)]
  0x000001a7b3884b50 JavaThread "Unconstrained build operations Thread 25" [_thread_blocked, id=5220, stack(0x0000001b42a00000,0x0000001b42b00000)]
  0x000001a7b387f4b0 JavaThread "Unconstrained build operations Thread 26" [_thread_blocked, id=3600, stack(0x0000001b42b00000,0x0000001b42c00000)]
  0x000001a7b3880320 JavaThread "Unconstrained build operations Thread 27" [_thread_blocked, id=7276, stack(0x0000001b42c00000,0x0000001b42d00000)]
  0x000001a7b3880cc0 JavaThread "Unconstrained build operations Thread 28" [_thread_blocked, id=1964, stack(0x0000001b42d00000,0x0000001b42e00000)]
  0x000001a7b3881190 JavaThread "Unconstrained build operations Thread 29" [_thread_blocked, id=10688, stack(0x0000001b42e00000,0x0000001b42f00000)]
  0x000001a7b3881660 JavaThread "Unconstrained build operations Thread 30" [_thread_blocked, id=2844, stack(0x0000001b42f00000,0x0000001b43000000)]
  0x000001a7b3882000 JavaThread "Unconstrained build operations Thread 31" [_thread_blocked, id=11756, stack(0x0000001b43000000,0x0000001b43100000)]
  0x000001a7b3882e70 JavaThread "Unconstrained build operations Thread 32" [_thread_blocked, id=8024, stack(0x0000001b43100000,0x0000001b43200000)]
  0x000001a7b52ffa40 JavaThread "Unconstrained build operations Thread 33" [_thread_blocked, id=7608, stack(0x0000001b43200000,0x0000001b43300000)]
  0x000001a7b52fff10 JavaThread "Unconstrained build operations Thread 34" [_thread_blocked, id=8288, stack(0x0000001b43300000,0x0000001b43400000)]
  0x000001a7b52fc080 JavaThread "Unconstrained build operations Thread 35" [_thread_blocked, id=4744, stack(0x0000001b43400000,0x0000001b43500000)]
  0x000001a7b52f9060 JavaThread "Unconstrained build operations Thread 36" [_thread_blocked, id=6224, stack(0x0000001b43500000,0x0000001b43600000)]
  0x000001a7b53003e0 JavaThread "Unconstrained build operations Thread 37" [_thread_blocked, id=9844, stack(0x0000001b43600000,0x0000001b43700000)]
  0x000001a7b52ff0a0 JavaThread "Unconstrained build operations Thread 38" [_thread_blocked, id=3952, stack(0x0000001b43700000,0x0000001b43800000)]
  0x000001a7b52ff570 JavaThread "Unconstrained build operations Thread 39" [_thread_blocked, id=9420, stack(0x0000001b43800000,0x0000001b43900000)]
  0x000001a7b52f9ed0 JavaThread "Unconstrained build operations Thread 40" [_thread_blocked, id=8452, stack(0x0000001b43900000,0x0000001b43a00000)]
  0x000001a7b52fc550 JavaThread "build event listener" [_thread_blocked, id=1812, stack(0x0000001b43a00000,0x0000001b43b00000)]
  0x000001a7b52f9530 JavaThread "Memory manager" [_thread_blocked, id=6116, stack(0x0000001b43b00000,0x0000001b43c00000)]
  0x000001a7b52fd890 JavaThread "pool-3-thread-1" [_thread_blocked, id=9460, stack(0x0000001b43c00000,0x0000001b43d00000)]
  0x000001a7b52fa3a0 JavaThread "build event listener" [_thread_blocked, id=5924, stack(0x0000001b43d00000,0x0000001b43e00000)]
  0x000001a7b52fad40 JavaThread "included builds" [_thread_blocked, id=10536, stack(0x0000001b43e00000,0x0000001b43f00000)]
  0x000001a7b52fb210 JavaThread "Execution worker" [_thread_blocked, id=6380, stack(0x0000001b43f00000,0x0000001b44000000)]
  0x000001a7b52fe700 JavaThread "Execution worker Thread 2" [_thread_blocked, id=10704, stack(0x0000001b44000000,0x0000001b44100000)]
  0x000001a7b52fd3c0 JavaThread "Execution worker Thread 3" [_thread_blocked, id=4360, stack(0x0000001b44100000,0x0000001b44200000)]
  0x000001a7b52febd0 JavaThread "Cache worker for execution history cache (C:\Users\Mr Robot\AndroidStudioProjects\SahiwalHealthCare3\.gradle\8.0\executionHistory)" [_thread_blocked, id=8712, stack(0x0000001b44200000,0x0000001b44300000)]
  0x000001a7b52f9a00 JavaThread "WorkerExecutor Queue" [_thread_blocked, id=2344, stack(0x0000001b44500000,0x0000001b44600000)]
  0x000001a7b52fb6e0 JavaThread "WorkerExecutor Queue Thread 2" [_thread_blocked, id=728, stack(0x0000001b44600000,0x0000001b44700000)]
  0x000001a7b52fca20 JavaThread "WorkerExecutor Queue Thread 3" [_thread_blocked, id=9624, stack(0x0000001b44700000,0x0000001b44800000)]
  0x000001a7b52fcef0 JavaThread "WorkerExecutor Queue Thread 4" [_thread_blocked, id=2304, stack(0x0000001b44800000,0x0000001b44900000)]

Other Threads:
  0x000001a7ae89aa30 VMThread "VM Thread" [stack: 0x0000001b3e500000,0x0000001b3e600000] [id=8768]
  0x000001a7af58c260 WatcherThread [stack: 0x0000001b3f100000,0x0000001b3f200000] [id=2512]
  0x000001a793406e90 GCTaskThread "GC Thread#0" [stack: 0x0000001b3e000000,0x0000001b3e100000] [id=8212]
  0x000001a7afa55d60 GCTaskThread "GC Thread#1" [stack: 0x0000001b3f300000,0x0000001b3f400000] [id=10648]
  0x000001a7aff90dc0 GCTaskThread "GC Thread#2" [stack: 0x0000001b3f400000,0x0000001b3f500000] [id=6448]
  0x000001a7b0325240 GCTaskThread "GC Thread#3" [stack: 0x0000001b3f500000,0x0000001b3f600000] [id=8060]
  0x000001a793417ce0 ConcurrentGCThread "G1 Main Marker" [stack: 0x0000001b3e100000,0x0000001b3e200000] [id=4296]
  0x000001a793418da0 ConcurrentGCThread "G1 Conc#0" [stack: 0x0000001b3e200000,0x0000001b3e300000] [id=4860]
  0x000001a79347ecb0 ConcurrentGCThread "G1 Refine#0" [stack: 0x0000001b3e300000,0x0000001b3e400000] [id=9800]
  0x000001a7af647ac0 ConcurrentGCThread "G1 Refine#1" [stack: 0x0000001b40d00000,0x0000001b40e00000] [id=11068]
  0x000001a7b3506990 ConcurrentGCThread "G1 Refine#2" [stack: 0x0000001b44300000,0x0000001b44400000] [id=10548]
  0x000001a7b3508370 ConcurrentGCThread "G1 Refine#3" [stack: 0x0000001b44400000,0x0000001b44500000] [id=9540]
  0x000001a7ae6f16f0 ConcurrentGCThread "G1 Service" [stack: 0x0000001b3e400000,0x0000001b3e500000] [id=1328]

Threads with active compile tasks:
C2 CompilerThread0    30843 14809   !   4       java.io.ObjectOutputStream::writeSerialData (223 bytes)

VM state: not at safepoint (normal execution)

VM Mutex/Monitor currently owned by a thread: None

Heap address: 0x0000000080000000, size: 2048 MB, Compressed Oops mode: 32-bit

CDS archive(s) not mapped
Compressed class space mapped at: 0x0000000100000000-0x0000000140000000, reserved size: 1073741824
Narrow klass base: 0x0000000000000000, Narrow klass shift: 3, Narrow klass range: 0x140000000

GC Precious Log:
 CPUs: 4 total, 4 available
 Memory: 8084M
 Large Page Support: Disabled
 NUMA Support: Disabled
 Compressed Oops: Enabled (32-bit)
 Heap Region Size: 1M
 Heap Min Capacity: 8M
 Heap Initial Capacity: 128M
 Heap Max Capacity: 2G
 Pre-touch: Disabled
 Parallel Workers: 4
 Concurrent Workers: 1
 Concurrent Refinement Workers: 4
 Periodic GC: Disabled

Heap:
 garbage-first heap   total 285696K, used 207637K [0x0000000080000000, 0x0000000100000000)
  region size 1024K, 58 young (59392K), 7 survivors (7168K)
 Metaspace       used 109013K, committed 109760K, reserved 1146880K
  class space    used 14372K, committed 14720K, reserved 1048576K

Heap Regions: E=young(eden), S=young(survivor), O=old, HS=humongous(starts), HC=humongous(continues), CS=collection set, F=free, OA=open archive, CA=closed archive, TAMS=top-at-mark-start (previous, next)
|   0|0x0000000080000000, 0x0000000080100000, 0x0000000080100000|100%| O|  |TAMS 0x0000000080100000, 0x0000000080000000| Untracked 
|   1|0x0000000080100000, 0x0000000080200000, 0x0000000080200000|100%| O|  |TAMS 0x0000000080200000, 0x0000000080100000| Untracked 
|   2|0x0000000080200000, 0x0000000080300000, 0x0000000080300000|100%|HS|  |TAMS 0x0000000080300000, 0x0000000080200000| Complete 
|   3|0x0000000080300000, 0x0000000080400000, 0x0000000080400000|100%|HC|  |TAMS 0x0000000080400000, 0x0000000080300000| Complete 
|   4|0x0000000080400000, 0x0000000080500000, 0x0000000080500000|100%|HC|  |TAMS 0x0000000080500000, 0x0000000080400000| Complete 
|   5|0x0000000080500000, 0x0000000080600000, 0x0000000080600000|100%|HC|  |TAMS 0x0000000080600000, 0x0000000080500000| Complete 
|   6|0x0000000080600000, 0x0000000080700000, 0x0000000080700000|100%| O|  |TAMS 0x0000000080700000, 0x0000000080600000| Untracked 
|   7|0x0000000080700000, 0x0000000080800000, 0x0000000080800000|100%| O|  |TAMS 0x0000000080800000, 0x0000000080700000| Untracked 
|   8|0x0000000080800000, 0x0000000080900000, 0x0000000080900000|100%| O|  |TAMS 0x0000000080900000, 0x0000000080800000| Untracked 
|   9|0x0000000080900000, 0x0000000080a00000, 0x0000000080a00000|100%| O|  |TAMS 0x0000000080a00000, 0x0000000080900000| Untracked 
|  10|0x0000000080a00000, 0x0000000080b00000, 0x0000000080b00000|100%| O|  |TAMS 0x0000000080b00000, 0x0000000080a00000| Untracked 
|  11|0x0000000080b00000, 0x0000000080c00000, 0x0000000080c00000|100%| O|  |TAMS 0x0000000080c00000, 0x0000000080b00000| Untracked 
|  12|0x0000000080c00000, 0x0000000080d00000, 0x0000000080d00000|100%| O|  |TAMS 0x0000000080d00000, 0x0000000080c00000| Untracked 
|  13|0x0000000080d00000, 0x0000000080e00000, 0x0000000080e00000|100%| O|  |TAMS 0x0000000080e00000, 0x0000000080d00000| Untracked 
|  14|0x0000000080e00000, 0x0000000080f00000, 0x0000000080f00000|100%| O|  |TAMS 0x0000000080f00000, 0x0000000080e00000| Untracked 
|  15|0x0000000080f00000, 0x0000000081000000, 0x0000000081000000|100%| O|  |TAMS 0x0000000081000000, 0x0000000080f00000| Untracked 
|  16|0x0000000081000000, 0x0000000081100000, 0x0000000081100000|100%| O|  |TAMS 0x0000000081100000, 0x0000000081000000| Untracked 
|  17|0x0000000081100000, 0x0000000081200000, 0x0000000081200000|100%| O|  |TAMS 0x0000000081200000, 0x0000000081100000| Untracked 
|  18|0x0000000081200000, 0x0000000081300000, 0x0000000081300000|100%| O|  |TAMS 0x0000000081300000, 0x0000000081200000| Untracked 
|  19|0x0000000081300000, 0x0000000081400000, 0x0000000081400000|100%| O|  |TAMS 0x0000000081400000, 0x0000000081300000| Untracked 
|  20|0x0000000081400000, 0x0000000081500000, 0x0000000081500000|100%| O|  |TAMS 0x0000000081500000, 0x0000000081400000| Untracked 
|  21|0x0000000081500000, 0x0000000081600000, 0x0000000081600000|100%| O|  |TAMS 0x0000000081600000, 0x0000000081500000| Untracked 
|  22|0x0000000081600000, 0x0000000081700000, 0x0000000081700000|100%| O|  |TAMS 0x0000000081700000, 0x0000000081600000| Untracked 
|  23|0x0000000081700000, 0x0000000081800000, 0x0000000081800000|100%| O|  |TAMS 0x0000000081800000, 0x0000000081700000| Untracked 
|  24|0x0000000081800000, 0x0000000081900000, 0x0000000081900000|100%| O|  |TAMS 0x0000000081900000, 0x0000000081800000| Untracked 
|  25|0x0000000081900000, 0x0000000081a00000, 0x0000000081a00000|100%| O|  |TAMS 0x0000000081a00000, 0x0000000081900000| Untracked 
|  26|0x0000000081a00000, 0x0000000081b00000, 0x0000000081b00000|100%| O|  |TAMS 0x0000000081b00000, 0x0000000081a00000| Untracked 
|  27|0x0000000081b00000, 0x0000000081c00000, 0x0000000081c00000|100%| O|  |TAMS 0x0000000081c00000, 0x0000000081b00000| Untracked 
|  28|0x0000000081c00000, 0x0000000081d00000, 0x0000000081d00000|100%| O|  |TAMS 0x0000000081d00000, 0x0000000081c00000| Untracked 
|  29|0x0000000081d00000, 0x0000000081e00000, 0x0000000081e00000|100%| O|  |TAMS 0x0000000081e00000, 0x0000000081d00000| Untracked 
|  30|0x0000000081e00000, 0x0000000081f00000, 0x0000000081f00000|100%| O|  |TAMS 0x0000000081f00000, 0x0000000081e00000| Untracked 
|  31|0x0000000081f00000, 0x0000000082000000, 0x0000000082000000|100%| O|  |TAMS 0x0000000082000000, 0x0000000081f00000| Untracked 
|  32|0x0000000082000000, 0x0000000082100000, 0x0000000082100000|100%| O|  |TAMS 0x0000000082100000, 0x0000000082000000| Untracked 
|  33|0x0000000082100000, 0x0000000082200000, 0x0000000082200000|100%| O|  |TAMS 0x0000000082200000, 0x0000000082100000| Untracked 
|  34|0x0000000082200000, 0x0000000082300000, 0x0000000082300000|100%| O|  |TAMS 0x0000000082300000, 0x0000000082200000| Untracked 
|  35|0x0000000082300000, 0x0000000082400000, 0x0000000082400000|100%|HS|  |TAMS 0x0000000082400000, 0x0000000082300000| Complete 
|  36|0x0000000082400000, 0x0000000082500000, 0x0000000082500000|100%| O|  |TAMS 0x0000000082500000, 0x0000000082400000| Untracked 
|  37|0x0000000082500000, 0x0000000082600000, 0x0000000082600000|100%| O|  |TAMS 0x0000000082600000, 0x0000000082500000| Untracked 
|  38|0x0000000082600000, 0x0000000082700000, 0x0000000082700000|100%| O|  |TAMS 0x0000000082700000, 0x0000000082600000| Untracked 
|  39|0x0000000082700000, 0x0000000082800000, 0x0000000082800000|100%| O|  |TAMS 0x0000000082800000, 0x0000000082700000| Untracked 
|  40|0x0000000082800000, 0x0000000082900000, 0x0000000082900000|100%|HS|  |TAMS 0x0000000082900000, 0x0000000082800000| Complete 
|  41|0x0000000082900000, 0x0000000082a00000, 0x0000000082a00000|100%| O|  |TAMS 0x0000000082a00000, 0x0000000082900000| Untracked 
|  42|0x0000000082a00000, 0x0000000082b00000, 0x0000000082b00000|100%| O|  |TAMS 0x0000000082b00000, 0x0000000082a00000| Untracked 
|  43|0x0000000082b00000, 0x0000000082c00000, 0x0000000082c00000|100%| O|  |TAMS 0x0000000082c00000, 0x0000000082b00000| Untracked 
|  44|0x0000000082c00000, 0x0000000082d00000, 0x0000000082d00000|100%| O|  |TAMS 0x0000000082d00000, 0x0000000082c00000| Untracked 
|  45|0x0000000082d00000, 0x0000000082e00000, 0x0000000082e00000|100%| O|  |TAMS 0x0000000082e00000, 0x0000000082d00000| Untracked 
|  46|0x0000000082e00000, 0x0000000082f00000, 0x0000000082f00000|100%| O|  |TAMS 0x0000000082f00000, 0x0000000082e00000| Untracked 
|  47|0x0000000082f00000, 0x0000000083000000, 0x0000000083000000|100%| O|  |TAMS 0x0000000083000000, 0x0000000082f00000| Untracked 
|  48|0x0000000083000000, 0x0000000083100000, 0x0000000083100000|100%| O|  |TAMS 0x0000000083100000, 0x0000000083000000| Untracked 
|  49|0x0000000083100000, 0x0000000083200000, 0x0000000083200000|100%| O|  |TAMS 0x0000000083200000, 0x0000000083100000| Untracked 
|  50|0x0000000083200000, 0x0000000083300000, 0x0000000083300000|100%| O|  |TAMS 0x0000000083300000, 0x0000000083200000| Untracked 
|  51|0x0000000083300000, 0x0000000083400000, 0x0000000083400000|100%| O|  |TAMS 0x0000000083400000, 0x0000000083300000| Untracked 
|  52|0x0000000083400000, 0x0000000083500000, 0x0000000083500000|100%| O|  |TAMS 0x0000000083500000, 0x0000000083400000| Untracked 
|  53|0x0000000083500000, 0x0000000083600000, 0x0000000083600000|100%| O|  |TAMS 0x0000000083600000, 0x0000000083500000| Untracked 
|  54|0x0000000083600000, 0x0000000083700000, 0x0000000083700000|100%| O|  |TAMS 0x0000000083700000, 0x0000000083600000| Untracked 
|  55|0x0000000083700000, 0x0000000083800000, 0x0000000083800000|100%| O|  |TAMS 0x0000000083800000, 0x0000000083700000| Untracked 
|  56|0x0000000083800000, 0x0000000083900000, 0x0000000083900000|100%| O|  |TAMS 0x0000000083900000, 0x0000000083800000| Untracked 
|  57|0x0000000083900000, 0x0000000083a00000, 0x0000000083a00000|100%| O|  |TAMS 0x0000000083a00000, 0x0000000083900000| Untracked 
|  58|0x0000000083a00000, 0x0000000083b00000, 0x0000000083b00000|100%| O|  |TAMS 0x0000000083b00000, 0x0000000083a00000| Untracked 
|  59|0x0000000083b00000, 0x0000000083c00000, 0x0000000083c00000|100%| O|  |TAMS 0x0000000083c00000, 0x0000000083b00000| Untracked 
|  60|0x0000000083c00000, 0x0000000083d00000, 0x0000000083d00000|100%| O|  |TAMS 0x0000000083d00000, 0x0000000083c00000| Untracked 
|  61|0x0000000083d00000, 0x0000000083e00000, 0x0000000083e00000|100%| O|  |TAMS 0x0000000083e00000, 0x0000000083d00000| Untracked 
|  62|0x0000000083e00000, 0x0000000083f00000, 0x0000000083f00000|100%| O|  |TAMS 0x0000000083f00000, 0x0000000083e00000| Untracked 
|  63|0x0000000083f00000, 0x0000000084000000, 0x0000000084000000|100%| O|  |TAMS 0x0000000084000000, 0x0000000083f00000| Untracked 
|  64|0x0000000084000000, 0x0000000084100000, 0x0000000084100000|100%| O|  |TAMS 0x0000000084100000, 0x0000000084000000| Untracked 
|  65|0x0000000084100000, 0x0000000084200000, 0x0000000084200000|100%| O|  |TAMS 0x0000000084200000, 0x0000000084100000| Untracked 
|  66|0x0000000084200000, 0x0000000084300000, 0x0000000084300000|100%| O|  |TAMS 0x0000000084300000, 0x0000000084200000| Untracked 
|  67|0x0000000084300000, 0x0000000084400000, 0x0000000084400000|100%| O|  |TAMS 0x0000000084400000, 0x0000000084300000| Untracked 
|  68|0x0000000084400000, 0x0000000084500000, 0x0000000084500000|100%| O|  |TAMS 0x0000000084500000, 0x0000000084400000| Untracked 
|  69|0x0000000084500000, 0x0000000084600000, 0x0000000084600000|100%| O|  |TAMS 0x0000000084600000, 0x0000000084500000| Untracked 
|  70|0x0000000084600000, 0x0000000084700000, 0x0000000084700000|100%| O|  |TAMS 0x0000000084700000, 0x0000000084600000| Untracked 
|  71|0x0000000084700000, 0x0000000084800000, 0x0000000084800000|100%| O|  |TAMS 0x0000000084800000, 0x0000000084700000| Untracked 
|  72|0x0000000084800000, 0x0000000084900000, 0x0000000084900000|100%| O|  |TAMS 0x0000000084900000, 0x0000000084800000| Untracked 
|  73|0x0000000084900000, 0x0000000084a00000, 0x0000000084a00000|100%| O|  |TAMS 0x0000000084a00000, 0x0000000084900000| Untracked 
|  74|0x0000000084a00000, 0x0000000084b00000, 0x0000000084b00000|100%| O|  |TAMS 0x0000000084b00000, 0x0000000084a00000| Untracked 
|  75|0x0000000084b00000, 0x0000000084c00000, 0x0000000084c00000|100%| O|  |TAMS 0x0000000084c00000, 0x0000000084b00000| Untracked 
|  76|0x0000000084c00000, 0x0000000084d00000, 0x0000000084d00000|100%| O|  |TAMS 0x0000000084d00000, 0x0000000084c00000| Untracked 
|  77|0x0000000084d00000, 0x0000000084e00000, 0x0000000084e00000|100%| O|  |TAMS 0x0000000084e00000, 0x0000000084d00000| Untracked 
|  78|0x0000000084e00000, 0x0000000084f00000, 0x0000000084f00000|100%| O|  |TAMS 0x0000000084f00000, 0x0000000084e00000| Untracked 
|  79|0x0000000084f00000, 0x0000000085000000, 0x0000000085000000|100%| O|  |TAMS 0x0000000085000000, 0x0000000084f00000| Untracked 
|  80|0x0000000085000000, 0x0000000085100000, 0x0000000085100000|100%| O|  |TAMS 0x0000000085100000, 0x0000000085000000| Untracked 
|  81|0x0000000085100000, 0x0000000085200000, 0x0000000085200000|100%| O|  |TAMS 0x0000000085200000, 0x0000000085100000| Untracked 
|  82|0x0000000085200000, 0x0000000085300000, 0x0000000085300000|100%| O|  |TAMS 0x0000000085300000, 0x0000000085200000| Untracked 
|  83|0x0000000085300000, 0x0000000085400000, 0x0000000085400000|100%| O|  |TAMS 0x0000000085400000, 0x0000000085300000| Untracked 
|  84|0x0000000085400000, 0x0000000085500000, 0x0000000085500000|100%| O|  |TAMS 0x0000000085500000, 0x0000000085400000| Untracked 
|  85|0x0000000085500000, 0x0000000085600000, 0x0000000085600000|100%| O|  |TAMS 0x0000000085600000, 0x0000000085500000| Untracked 
|  86|0x0000000085600000, 0x0000000085700000, 0x0000000085700000|100%| O|  |TAMS 0x0000000085700000, 0x0000000085600000| Untracked 
|  87|0x0000000085700000, 0x0000000085800000, 0x0000000085800000|100%| O|  |TAMS 0x0000000085800000, 0x0000000085700000| Untracked 
|  88|0x0000000085800000, 0x0000000085900000, 0x0000000085900000|100%| O|  |TAMS 0x0000000085900000, 0x0000000085800000| Untracked 
|  89|0x0000000085900000, 0x0000000085a00000, 0x0000000085a00000|100%| O|  |TAMS 0x0000000085a00000, 0x0000000085900000| Untracked 
|  90|0x0000000085a00000, 0x0000000085b00000, 0x0000000085b00000|100%| O|  |TAMS 0x0000000085b00000, 0x0000000085a00000| Untracked 
|  91|0x0000000085b00000, 0x0000000085b00000, 0x0000000085c00000|  0%| F|  |TAMS 0x0000000085b00000, 0x0000000085b00000| Untracked 
|  92|0x0000000085c00000, 0x0000000085d00000, 0x0000000085d00000|100%| O|  |TAMS 0x0000000085d00000, 0x0000000085c00000| Untracked 
|  93|0x0000000085d00000, 0x0000000085d00000, 0x0000000085e00000|  0%| F|  |TAMS 0x0000000085d00000, 0x0000000085d00000| Untracked 
|  94|0x0000000085e00000, 0x0000000085f00000, 0x0000000085f00000|100%| O|  |TAMS 0x0000000085f00000, 0x0000000085e00000| Untracked 
|  95|0x0000000085f00000, 0x0000000085f00000, 0x0000000086000000|  0%| F|  |TAMS 0x0000000085f00000, 0x0000000085f00000| Untracked 
|  96|0x0000000086000000, 0x0000000086100000, 0x0000000086100000|100%| O|  |TAMS 0x0000000086100000, 0x0000000086000000| Untracked 
|  97|0x0000000086100000, 0x0000000086100000, 0x0000000086200000|  0%| F|  |TAMS 0x0000000086100000, 0x0000000086100000| Untracked 
|  98|0x0000000086200000, 0x0000000086300000, 0x0000000086300000|100%| O|  |TAMS 0x0000000086300000, 0x0000000086200000| Untracked 
|  99|0x0000000086300000, 0x0000000086400000, 0x0000000086400000|100%| O|  |TAMS 0x0000000086400000, 0x0000000086300000| Untracked 
| 100|0x0000000086400000, 0x0000000086400000, 0x0000000086500000|  0%| F|  |TAMS 0x0000000086400000, 0x0000000086400000| Untracked 
| 101|0x0000000086500000, 0x0000000086600000, 0x0000000086600000|100%| O|  |TAMS 0x0000000086600000, 0x0000000086500000| Untracked 
| 102|0x0000000086600000, 0x0000000086700000, 0x0000000086700000|100%| O|  |TAMS 0x0000000086700000, 0x0000000086600000| Untracked 
| 103|0x0000000086700000, 0x0000000086800000, 0x0000000086800000|100%| O|  |TAMS 0x0000000086800000, 0x0000000086700000| Untracked 
| 104|0x0000000086800000, 0x0000000086900000, 0x0000000086900000|100%| O|  |TAMS 0x0000000086800000, 0x0000000086800000| Untracked 
| 105|0x0000000086900000, 0x0000000086a00000, 0x0000000086a00000|100%| O|  |TAMS 0x0000000086a00000, 0x0000000086900000| Untracked 
| 106|0x0000000086a00000, 0x0000000086b00000, 0x0000000086b00000|100%| O|  |TAMS 0x0000000086b00000, 0x0000000086a00000| Untracked 
| 107|0x0000000086b00000, 0x0000000086c00000, 0x0000000086c00000|100%| O|  |TAMS 0x0000000086c00000, 0x0000000086b00000| Untracked 
| 108|0x0000000086c00000, 0x0000000086d00000, 0x0000000086d00000|100%| O|  |TAMS 0x0000000086d00000, 0x0000000086c00000| Untracked 
| 109|0x0000000086d00000, 0x0000000086d00000, 0x0000000086e00000|  0%| F|  |TAMS 0x0000000086d00000, 0x0000000086d00000| Untracked 
| 110|0x0000000086e00000, 0x0000000086f00000, 0x0000000086f00000|100%| O|  |TAMS 0x0000000086e00000, 0x0000000086e00000| Untracked 
| 111|0x0000000086f00000, 0x0000000087000000, 0x0000000087000000|100%| O|  |TAMS 0x0000000087000000, 0x0000000086f00000| Untracked 
| 112|0x0000000087000000, 0x0000000087100000, 0x0000000087100000|100%| O|  |TAMS 0x0000000087100000, 0x0000000087000000| Untracked 
| 113|0x0000000087100000, 0x0000000087200000, 0x0000000087200000|100%| O|  |TAMS 0x0000000087100000, 0x0000000087100000| Untracked 
| 114|0x0000000087200000, 0x0000000087300000, 0x0000000087300000|100%| O|  |TAMS 0x0000000087300000, 0x0000000087200000| Untracked 
| 115|0x0000000087300000, 0x0000000087400000, 0x0000000087400000|100%| O|  |TAMS 0x0000000087300000, 0x0000000087300000| Untracked 
| 116|0x0000000087400000, 0x0000000087500000, 0x0000000087500000|100%| O|  |TAMS 0x0000000087400000, 0x0000000087400000| Untracked 
| 117|0x0000000087500000, 0x0000000087600000, 0x0000000087600000|100%| O|  |TAMS 0x0000000087600000, 0x0000000087500000| Untracked 
| 118|0x0000000087600000, 0x0000000087700000, 0x0000000087700000|100%| O|  |TAMS 0x0000000087700000, 0x0000000087600000| Untracked 
| 119|0x0000000087700000, 0x0000000087800000, 0x0000000087800000|100%| O|  |TAMS 0x0000000087800000, 0x0000000087700000| Untracked 
| 120|0x0000000087800000, 0x0000000087900000, 0x0000000087900000|100%| O|  |TAMS 0x0000000087900000, 0x0000000087800000| Untracked 
| 121|0x0000000087900000, 0x0000000087900000, 0x0000000087a00000|  0%| F|  |TAMS 0x0000000087900000, 0x0000000087900000| Untracked 
| 122|0x0000000087a00000, 0x0000000087a00000, 0x0000000087b00000|  0%| F|  |TAMS 0x0000000087a00000, 0x0000000087a00000| Untracked 
| 123|0x0000000087b00000, 0x0000000087c00000, 0x0000000087c00000|100%| O|  |TAMS 0x0000000087c00000, 0x0000000087b00000| Untracked 
| 124|0x0000000087c00000, 0x0000000087c00000, 0x0000000087d00000|  0%| F|  |TAMS 0x0000000087c00000, 0x0000000087c00000| Untracked 
| 125|0x0000000087d00000, 0x0000000087e00000, 0x0000000087e00000|100%| O|  |TAMS 0x0000000087e00000, 0x0000000087d00000| Untracked 
| 126|0x0000000087e00000, 0x0000000087f00000, 0x0000000087f00000|100%| O|  |TAMS 0x0000000087f00000, 0x0000000087e00000| Untracked 
| 127|0x0000000087f00000, 0x0000000088000000, 0x0000000088000000|100%| O|  |TAMS 0x0000000088000000, 0x0000000087f00000| Untracked 
| 128|0x0000000088000000, 0x0000000088100000, 0x0000000088100000|100%| O|  |TAMS 0x0000000088100000, 0x0000000088000000| Untracked 
| 129|0x0000000088100000, 0x0000000088200000, 0x0000000088200000|100%| O|  |TAMS 0x0000000088200000, 0x0000000088100000| Untracked 
| 130|0x0000000088200000, 0x0000000088300000, 0x0000000088300000|100%| O|  |TAMS 0x0000000088300000, 0x0000000088200000| Untracked 
| 131|0x0000000088300000, 0x0000000088400000, 0x0000000088400000|100%| O|  |TAMS 0x0000000088400000, 0x0000000088300000| Untracked 
| 132|0x0000000088400000, 0x0000000088500000, 0x0000000088500000|100%| O|  |TAMS 0x0000000088500000, 0x0000000088400000| Untracked 
| 133|0x0000000088500000, 0x0000000088600000, 0x0000000088600000|100%| O|  |TAMS 0x0000000088600000, 0x0000000088500000| Untracked 
| 134|0x0000000088600000, 0x0000000088700000, 0x0000000088700000|100%| O|  |TAMS 0x0000000088700000, 0x0000000088600000| Untracked 
| 135|0x0000000088700000, 0x0000000088800000, 0x0000000088800000|100%| O|  |TAMS 0x0000000088800000, 0x0000000088700000| Untracked 
| 136|0x0000000088800000, 0x0000000088800000, 0x0000000088900000|  0%| F|  |TAMS 0x0000000088800000, 0x0000000088800000| Untracked 
| 137|0x0000000088900000, 0x0000000088900000, 0x0000000088a00000|  0%| F|  |TAMS 0x0000000088900000, 0x0000000088900000| Untracked 
| 138|0x0000000088a00000, 0x0000000088b00000, 0x0000000088b00000|100%| O|  |TAMS 0x0000000088b00000, 0x0000000088a00000| Untracked 
| 139|0x0000000088b00000, 0x0000000088b00000, 0x0000000088c00000|  0%| F|  |TAMS 0x0000000088b00000, 0x0000000088b00000| Untracked 
| 140|0x0000000088c00000, 0x0000000088d00000, 0x0000000088d00000|100%| O|  |TAMS 0x0000000088d00000, 0x0000000088c00000| Untracked 
| 141|0x0000000088d00000, 0x0000000088e00000, 0x0000000088e00000|100%| O|  |TAMS 0x0000000088e00000, 0x0000000088d00000| Untracked 
| 142|0x0000000088e00000, 0x0000000088f00000, 0x0000000088f00000|100%| O|  |TAMS 0x0000000088e58400, 0x0000000088e00000| Untracked 
| 143|0x0000000088f00000, 0x0000000089000000, 0x0000000089000000|100%| O|  |TAMS 0x0000000088f00000, 0x0000000088f00000| Untracked 
| 144|0x0000000089000000, 0x0000000089100000, 0x0000000089100000|100%| O|  |TAMS 0x0000000089100000, 0x0000000089000000| Untracked 
| 145|0x0000000089100000, 0x0000000089200000, 0x0000000089200000|100%| O|  |TAMS 0x0000000089200000, 0x0000000089100000| Untracked 
| 146|0x0000000089200000, 0x0000000089300000, 0x0000000089300000|100%| O|  |TAMS 0x0000000089300000, 0x0000000089200000| Untracked 
| 147|0x0000000089300000, 0x0000000089400000, 0x0000000089400000|100%| O|  |TAMS 0x0000000089400000, 0x0000000089300000| Untracked 
| 148|0x0000000089400000, 0x0000000089500000, 0x0000000089500000|100%| O|  |TAMS 0x0000000089500000, 0x0000000089400000| Untracked 
| 149|0x0000000089500000, 0x0000000089600000, 0x0000000089600000|100%| O|  |TAMS 0x0000000089600000, 0x0000000089500000| Untracked 
| 150|0x0000000089600000, 0x0000000089700000, 0x0000000089700000|100%| O|  |TAMS 0x0000000089700000, 0x0000000089600000| Untracked 
| 151|0x0000000089700000, 0x0000000089800000, 0x0000000089800000|100%| O|  |TAMS 0x0000000089700000, 0x0000000089700000| Untracked 
| 152|0x0000000089800000, 0x0000000089900000, 0x0000000089900000|100%| O|  |TAMS 0x0000000089800000, 0x0000000089800000| Untracked 
| 153|0x0000000089900000, 0x0000000089a00000, 0x0000000089a00000|100%| O|  |TAMS 0x0000000089900000, 0x0000000089900000| Untracked 
| 154|0x0000000089a00000, 0x0000000089b00000, 0x0000000089b00000|100%| O|  |TAMS 0x0000000089a00000, 0x0000000089a00000| Untracked 
| 155|0x0000000089b00000, 0x0000000089c00000, 0x0000000089c00000|100%| O|  |TAMS 0x0000000089b00000, 0x0000000089b00000| Untracked 
| 156|0x0000000089c00000, 0x0000000089d00000, 0x0000000089d00000|100%| O|  |TAMS 0x0000000089c00000, 0x0000000089c00000| Untracked 
| 157|0x0000000089d00000, 0x0000000089e00000, 0x0000000089e00000|100%| O|  |TAMS 0x0000000089d00000, 0x0000000089d00000| Untracked 
| 158|0x0000000089e00000, 0x0000000089f00000, 0x0000000089f00000|100%| O|  |TAMS 0x0000000089e00000, 0x0000000089e00000| Untracked 
| 159|0x0000000089f00000, 0x0000000089f24c00, 0x000000008a000000| 14%| O|  |TAMS 0x0000000089f00000, 0x0000000089f00000| Untracked 
| 160|0x000000008a000000, 0x000000008a000000, 0x000000008a100000|  0%| F|  |TAMS 0x000000008a000000, 0x000000008a000000| Untracked 
| 161|0x000000008a100000, 0x000000008a100000, 0x000000008a200000|  0%| F|  |TAMS 0x000000008a100000, 0x000000008a100000| Untracked 
| 162|0x000000008a200000, 0x000000008a200000, 0x000000008a300000|  0%| F|  |TAMS 0x000000008a200000, 0x000000008a200000| Untracked 
| 163|0x000000008a300000, 0x000000008a300000, 0x000000008a400000|  0%| F|  |TAMS 0x000000008a300000, 0x000000008a300000| Untracked 
| 164|0x000000008a400000, 0x000000008a400000, 0x000000008a500000|  0%| F|  |TAMS 0x000000008a400000, 0x000000008a400000| Untracked 
| 165|0x000000008a500000, 0x000000008a500000, 0x000000008a600000|  0%| F|  |TAMS 0x000000008a500000, 0x000000008a500000| Untracked 
| 166|0x000000008a600000, 0x000000008a600000, 0x000000008a700000|  0%| F|  |TAMS 0x000000008a600000, 0x000000008a600000| Untracked 
| 167|0x000000008a700000, 0x000000008a700000, 0x000000008a800000|  0%| F|  |TAMS 0x000000008a700000, 0x000000008a700000| Untracked 
| 168|0x000000008a800000, 0x000000008a800000, 0x000000008a900000|  0%| F|  |TAMS 0x000000008a800000, 0x000000008a800000| Untracked 
| 169|0x000000008a900000, 0x000000008a900000, 0x000000008aa00000|  0%| F|  |TAMS 0x000000008a900000, 0x000000008a900000| Untracked 
| 170|0x000000008aa00000, 0x000000008aa00000, 0x000000008ab00000|  0%| F|  |TAMS 0x000000008aa00000, 0x000000008aa00000| Untracked 
| 171|0x000000008ab00000, 0x000000008ab00000, 0x000000008ac00000|  0%| F|  |TAMS 0x000000008ab00000, 0x000000008ab00000| Untracked 
| 172|0x000000008ac00000, 0x000000008ac00000, 0x000000008ad00000|  0%| F|  |TAMS 0x000000008ac00000, 0x000000008ac00000| Untracked 
| 173|0x000000008ad00000, 0x000000008ad00000, 0x000000008ae00000|  0%| F|  |TAMS 0x000000008ad00000, 0x000000008ad00000| Untracked 
| 174|0x000000008ae00000, 0x000000008ae00000, 0x000000008af00000|  0%| F|  |TAMS 0x000000008ae00000, 0x000000008ae00000| Untracked 
| 175|0x000000008af00000, 0x000000008af00000, 0x000000008b000000|  0%| F|  |TAMS 0x000000008af00000, 0x000000008af00000| Untracked 
| 176|0x000000008b000000, 0x000000008b000000, 0x000000008b100000|  0%| F|  |TAMS 0x000000008b000000, 0x000000008b000000| Untracked 
| 177|0x000000008b100000, 0x000000008b100000, 0x000000008b200000|  0%| F|  |TAMS 0x000000008b100000, 0x000000008b100000| Untracked 
| 178|0x000000008b200000, 0x000000008b200000, 0x000000008b300000|  0%| F|  |TAMS 0x000000008b200000, 0x000000008b200000| Untracked 
| 179|0x000000008b300000, 0x000000008b300000, 0x000000008b400000|  0%| F|  |TAMS 0x000000008b300000, 0x000000008b300000| Untracked 
| 180|0x000000008b400000, 0x000000008b400000, 0x000000008b500000|  0%| F|  |TAMS 0x000000008b400000, 0x000000008b400000| Untracked 
| 181|0x000000008b500000, 0x000000008b500000, 0x000000008b600000|  0%| F|  |TAMS 0x000000008b500000, 0x000000008b500000| Untracked 
| 182|0x000000008b600000, 0x000000008b600000, 0x000000008b700000|  0%| F|  |TAMS 0x000000008b600000, 0x000000008b600000| Untracked 
| 183|0x000000008b700000, 0x000000008b700000, 0x000000008b800000|  0%| F|  |TAMS 0x000000008b700000, 0x000000008b700000| Untracked 
| 184|0x000000008b800000, 0x000000008b800000, 0x000000008b900000|  0%| F|  |TAMS 0x000000008b800000, 0x000000008b800000| Untracked 
| 185|0x000000008b900000, 0x000000008b900000, 0x000000008ba00000|  0%| F|  |TAMS 0x000000008b900000, 0x000000008b900000| Untracked 
| 186|0x000000008ba00000, 0x000000008ba00000, 0x000000008bb00000|  0%| F|  |TAMS 0x000000008ba00000, 0x000000008ba00000| Untracked 
| 187|0x000000008bb00000, 0x000000008bb00000, 0x000000008bc00000|  0%| F|  |TAMS 0x000000008bb00000, 0x000000008bb00000| Untracked 
| 188|0x000000008bc00000, 0x000000008bc00000, 0x000000008bd00000|  0%| F|  |TAMS 0x000000008bc00000, 0x000000008bc00000| Untracked 
| 189|0x000000008bd00000, 0x000000008bd00000, 0x000000008be00000|  0%| F|  |TAMS 0x000000008bd00000, 0x000000008bd00000| Untracked 
| 190|0x000000008be00000, 0x000000008be00000, 0x000000008bf00000|  0%| F|  |TAMS 0x000000008be00000, 0x000000008be00000| Untracked 
| 191|0x000000008bf00000, 0x000000008bf00000, 0x000000008c000000|  0%| F|  |TAMS 0x000000008bf00000, 0x000000008bf00000| Untracked 
| 192|0x000000008c000000, 0x000000008c000000, 0x000000008c100000|  0%| F|  |TAMS 0x000000008c000000, 0x000000008c000000| Untracked 
| 193|0x000000008c100000, 0x000000008c100000, 0x000000008c200000|  0%| F|  |TAMS 0x000000008c100000, 0x000000008c100000| Untracked 
| 194|0x000000008c200000, 0x000000008c2a0a90, 0x000000008c300000| 62%| S|CS|TAMS 0x000000008c200000, 0x000000008c200000| Complete 
| 195|0x000000008c300000, 0x000000008c400000, 0x000000008c400000|100%| S|CS|TAMS 0x000000008c300000, 0x000000008c300000| Complete 
| 196|0x000000008c400000, 0x000000008c500000, 0x000000008c500000|100%| S|CS|TAMS 0x000000008c400000, 0x000000008c400000| Complete 
| 197|0x000000008c500000, 0x000000008c600000, 0x000000008c600000|100%| S|CS|TAMS 0x000000008c500000, 0x000000008c500000| Complete 
| 198|0x000000008c600000, 0x000000008c700000, 0x000000008c700000|100%| S|CS|TAMS 0x000000008c600000, 0x000000008c600000| Complete 
| 199|0x000000008c700000, 0x000000008c800000, 0x000000008c800000|100%| S|CS|TAMS 0x000000008c700000, 0x000000008c700000| Complete 
| 200|0x000000008c800000, 0x000000008c900000, 0x000000008c900000|100%| S|CS|TAMS 0x000000008c800000, 0x000000008c800000| Complete 
| 201|0x000000008c900000, 0x000000008c900000, 0x000000008ca00000|  0%| F|  |TAMS 0x000000008c900000, 0x000000008c900000| Untracked 
| 202|0x000000008ca00000, 0x000000008ca00000, 0x000000008cb00000|  0%| F|  |TAMS 0x000000008ca00000, 0x000000008ca00000| Untracked 
| 203|0x000000008cb00000, 0x000000008cb00000, 0x000000008cc00000|  0%| F|  |TAMS 0x000000008cb00000, 0x000000008cb00000| Untracked 
| 204|0x000000008cc00000, 0x000000008cc00000, 0x000000008cd00000|  0%| F|  |TAMS 0x000000008cc00000, 0x000000008cc00000| Untracked 
| 205|0x000000008cd00000, 0x000000008cd00000, 0x000000008ce00000|  0%| F|  |TAMS 0x000000008cd00000, 0x000000008cd00000| Untracked 
| 206|0x000000008ce00000, 0x000000008ce00000, 0x000000008cf00000|  0%| F|  |TAMS 0x000000008ce00000, 0x000000008ce00000| Untracked 
| 207|0x000000008cf00000, 0x000000008cf00000, 0x000000008d000000|  0%| F|  |TAMS 0x000000008cf00000, 0x000000008cf00000| Untracked 
| 208|0x000000008d000000, 0x000000008d000000, 0x000000008d100000|  0%| F|  |TAMS 0x000000008d000000, 0x000000008d000000| Untracked 
| 209|0x000000008d100000, 0x000000008d100000, 0x000000008d200000|  0%| F|  |TAMS 0x000000008d100000, 0x000000008d100000| Untracked 
| 210|0x000000008d200000, 0x000000008d200000, 0x000000008d300000|  0%| F|  |TAMS 0x000000008d200000, 0x000000008d200000| Untracked 
| 211|0x000000008d300000, 0x000000008d300000, 0x000000008d400000|  0%| F|  |TAMS 0x000000008d300000, 0x000000008d300000| Untracked 
| 212|0x000000008d400000, 0x000000008d400000, 0x000000008d500000|  0%| F|  |TAMS 0x000000008d400000, 0x000000008d400000| Untracked 
| 213|0x000000008d500000, 0x000000008d500000, 0x000000008d600000|  0%| F|  |TAMS 0x000000008d500000, 0x000000008d500000| Untracked 
| 214|0x000000008d600000, 0x000000008d600000, 0x000000008d700000|  0%| F|  |TAMS 0x000000008d600000, 0x000000008d600000| Untracked 
| 215|0x000000008d700000, 0x000000008d700000, 0x000000008d800000|  0%| F|  |TAMS 0x000000008d700000, 0x000000008d700000| Untracked 
| 216|0x000000008d800000, 0x000000008d800000, 0x000000008d900000|  0%| F|  |TAMS 0x000000008d800000, 0x000000008d800000| Untracked 
| 217|0x000000008d900000, 0x000000008d900000, 0x000000008da00000|  0%| F|  |TAMS 0x000000008d900000, 0x000000008d900000| Untracked 
| 218|0x000000008da00000, 0x000000008da00000, 0x000000008db00000|  0%| F|  |TAMS 0x000000008da00000, 0x000000008da00000| Untracked 
| 219|0x000000008db00000, 0x000000008db00000, 0x000000008dc00000|  0%| F|  |TAMS 0x000000008db00000, 0x000000008db00000| Untracked 
| 220|0x000000008dc00000, 0x000000008dc00000, 0x000000008dd00000|  0%| F|  |TAMS 0x000000008dc00000, 0x000000008dc00000| Untracked 
| 221|0x000000008dd00000, 0x000000008dd00000, 0x000000008de00000|  0%| F|  |TAMS 0x000000008dd00000, 0x000000008dd00000| Untracked 
| 222|0x000000008de00000, 0x000000008de00000, 0x000000008df00000|  0%| F|  |TAMS 0x000000008de00000, 0x000000008de00000| Untracked 
| 223|0x000000008df00000, 0x000000008df00000, 0x000000008e000000|  0%| F|  |TAMS 0x000000008df00000, 0x000000008df00000| Untracked 
| 224|0x000000008e000000, 0x000000008e000000, 0x000000008e100000|  0%| F|  |TAMS 0x000000008e000000, 0x000000008e000000| Untracked 
| 225|0x000000008e100000, 0x000000008e100000, 0x000000008e200000|  0%| F|  |TAMS 0x000000008e100000, 0x000000008e100000| Untracked 
| 226|0x000000008e200000, 0x000000008e200000, 0x000000008e300000|  0%| F|  |TAMS 0x000000008e200000, 0x000000008e200000| Untracked 
| 227|0x000000008e300000, 0x000000008e300000, 0x000000008e400000|  0%| F|  |TAMS 0x000000008e300000, 0x000000008e300000| Untracked 
| 228|0x000000008e400000, 0x000000008e414928, 0x000000008e500000|  8%| E|  |TAMS 0x000000008e400000, 0x000000008e400000| Complete 
| 229|0x000000008e500000, 0x000000008e600000, 0x000000008e600000|100%| E|CS|TAMS 0x000000008e500000, 0x000000008e500000| Complete 
| 230|0x000000008e600000, 0x000000008e700000, 0x000000008e700000|100%| E|CS|TAMS 0x000000008e600000, 0x000000008e600000| Complete 
| 231|0x000000008e700000, 0x000000008e800000, 0x000000008e800000|100%| E|  |TAMS 0x000000008e700000, 0x000000008e700000| Complete 
| 232|0x000000008e800000, 0x000000008e900000, 0x000000008e900000|100%| E|CS|TAMS 0x000000008e800000, 0x000000008e800000| Complete 
| 233|0x000000008e900000, 0x000000008ea00000, 0x000000008ea00000|100%| E|CS|TAMS 0x000000008e900000, 0x000000008e900000| Complete 
| 234|0x000000008ea00000, 0x000000008eb00000, 0x000000008eb00000|100%| E|CS|TAMS 0x000000008ea00000, 0x000000008ea00000| Complete 
| 235|0x000000008eb00000, 0x000000008ec00000, 0x000000008ec00000|100%| E|CS|TAMS 0x000000008eb00000, 0x000000008eb00000| Complete 
| 236|0x000000008ec00000, 0x000000008ed00000, 0x000000008ed00000|100%| E|CS|TAMS 0x000000008ec00000, 0x000000008ec00000| Complete 
| 237|0x000000008ed00000, 0x000000008ee00000, 0x000000008ee00000|100%| E|CS|TAMS 0x000000008ed00000, 0x000000008ed00000| Complete 
| 238|0x000000008ee00000, 0x000000008ef00000, 0x000000008ef00000|100%| E|CS|TAMS 0x000000008ee00000, 0x000000008ee00000| Complete 
| 239|0x000000008ef00000, 0x000000008f000000, 0x000000008f000000|100%| E|CS|TAMS 0x000000008ef00000, 0x000000008ef00000| Complete 
| 240|0x000000008f000000, 0x000000008f100000, 0x000000008f100000|100%| E|CS|TAMS 0x000000008f000000, 0x000000008f000000| Complete 
| 241|0x000000008f100000, 0x000000008f200000, 0x000000008f200000|100%| E|CS|TAMS 0x000000008f100000, 0x000000008f100000| Complete 
| 242|0x000000008f200000, 0x000000008f300000, 0x000000008f300000|100%| E|CS|TAMS 0x000000008f200000, 0x000000008f200000| Complete 
| 243|0x000000008f300000, 0x000000008f400000, 0x000000008f400000|100%| E|CS|TAMS 0x000000008f300000, 0x000000008f300000| Complete 
| 244|0x000000008f400000, 0x000000008f500000, 0x000000008f500000|100%| E|CS|TAMS 0x000000008f400000, 0x000000008f400000| Complete 
| 245|0x000000008f500000, 0x000000008f600000, 0x000000008f600000|100%| E|CS|TAMS 0x000000008f500000, 0x000000008f500000| Complete 
| 246|0x000000008f600000, 0x000000008f700000, 0x000000008f700000|100%| E|CS|TAMS 0x000000008f600000, 0x000000008f600000| Complete 
| 247|0x000000008f700000, 0x000000008f800000, 0x000000008f800000|100%| E|CS|TAMS 0x000000008f700000, 0x000000008f700000| Complete 
| 248|0x000000008f800000, 0x000000008f900000, 0x000000008f900000|100%| E|CS|TAMS 0x000000008f800000, 0x000000008f800000| Complete 
| 249|0x000000008f900000, 0x000000008fa00000, 0x000000008fa00000|100%| E|CS|TAMS 0x000000008f900000, 0x000000008f900000| Complete 
| 250|0x000000008fa00000, 0x000000008fb00000, 0x000000008fb00000|100%| E|CS|TAMS 0x000000008fa00000, 0x000000008fa00000| Complete 
| 251|0x000000008fb00000, 0x000000008fc00000, 0x000000008fc00000|100%| E|CS|TAMS 0x000000008fb00000, 0x000000008fb00000| Complete 
| 252|0x000000008fc00000, 0x000000008fd00000, 0x000000008fd00000|100%| E|CS|TAMS 0x000000008fc00000, 0x000000008fc00000| Complete 
| 253|0x000000008fd00000, 0x000000008fe00000, 0x000000008fe00000|100%| E|CS|TAMS 0x000000008fd00000, 0x000000008fd00000| Complete 
| 254|0x000000008fe00000, 0x000000008ff00000, 0x000000008ff00000|100%| E|CS|TAMS 0x000000008fe00000, 0x000000008fe00000| Complete 
| 255|0x000000008ff00000, 0x0000000090000000, 0x0000000090000000|100%| E|CS|TAMS 0x000000008ff00000, 0x000000008ff00000| Complete 
| 256|0x0000000090000000, 0x0000000090100000, 0x0000000090100000|100%| E|CS|TAMS 0x0000000090000000, 0x0000000090000000| Complete 
| 257|0x0000000090100000, 0x0000000090200000, 0x0000000090200000|100%| E|CS|TAMS 0x0000000090100000, 0x0000000090100000| Complete 
| 258|0x0000000090200000, 0x0000000090300000, 0x0000000090300000|100%| E|CS|TAMS 0x0000000090200000, 0x0000000090200000| Complete 
| 259|0x0000000090300000, 0x0000000090400000, 0x0000000090400000|100%| E|CS|TAMS 0x0000000090300000, 0x0000000090300000| Complete 
| 260|0x0000000090400000, 0x0000000090500000, 0x0000000090500000|100%| E|CS|TAMS 0x0000000090400000, 0x0000000090400000| Complete 
| 261|0x0000000090500000, 0x0000000090600000, 0x0000000090600000|100%| E|CS|TAMS 0x0000000090500000, 0x0000000090500000| Complete 
| 262|0x0000000090600000, 0x0000000090700000, 0x0000000090700000|100%| E|CS|TAMS 0x0000000090600000, 0x0000000090600000| Complete 
| 263|0x0000000090700000, 0x0000000090800000, 0x0000000090800000|100%| E|CS|TAMS 0x0000000090700000, 0x0000000090700000| Complete 
| 264|0x0000000090800000, 0x0000000090900000, 0x0000000090900000|100%| E|CS|TAMS 0x0000000090800000, 0x0000000090800000| Complete 
| 265|0x0000000090900000, 0x0000000090a00000, 0x0000000090a00000|100%| E|CS|TAMS 0x0000000090900000, 0x0000000090900000| Complete 
| 266|0x0000000090a00000, 0x0000000090b00000, 0x0000000090b00000|100%| E|CS|TAMS 0x0000000090a00000, 0x0000000090a00000| Complete 
| 267|0x0000000090b00000, 0x0000000090c00000, 0x0000000090c00000|100%| E|CS|TAMS 0x0000000090b00000, 0x0000000090b00000| Complete 
| 268|0x0000000090c00000, 0x0000000090d00000, 0x0000000090d00000|100%| E|CS|TAMS 0x0000000090c00000, 0x0000000090c00000| Complete 
| 269|0x0000000090d00000, 0x0000000090e00000, 0x0000000090e00000|100%| E|CS|TAMS 0x0000000090d00000, 0x0000000090d00000| Complete 
| 270|0x0000000090e00000, 0x0000000090f00000, 0x0000000090f00000|100%| E|CS|TAMS 0x0000000090e00000, 0x0000000090e00000| Complete 
| 271|0x0000000090f00000, 0x0000000091000000, 0x0000000091000000|100%| E|CS|TAMS 0x0000000090f00000, 0x0000000090f00000| Complete 
| 272|0x0000000091000000, 0x0000000091100000, 0x0000000091100000|100%| E|CS|TAMS 0x0000000091000000, 0x0000000091000000| Complete 
| 273|0x0000000091100000, 0x0000000091200000, 0x0000000091200000|100%| E|CS|TAMS 0x0000000091100000, 0x0000000091100000| Complete 
| 274|0x0000000091200000, 0x0000000091300000, 0x0000000091300000|100%| E|CS|TAMS 0x0000000091200000, 0x0000000091200000| Complete 
| 275|0x0000000091300000, 0x0000000091400000, 0x0000000091400000|100%| E|CS|TAMS 0x0000000091300000, 0x0000000091300000| Complete 
| 276|0x0000000091400000, 0x0000000091500000, 0x0000000091500000|100%| E|CS|TAMS 0x0000000091400000, 0x0000000091400000| Complete 
| 277|0x0000000091500000, 0x0000000091600000, 0x0000000091600000|100%| E|CS|TAMS 0x0000000091500000, 0x0000000091500000| Complete 
| 278|0x0000000091600000, 0x0000000091700000, 0x0000000091700000|100%| E|CS|TAMS 0x0000000091600000, 0x0000000091600000| Complete 

Card table byte_map: [0x000001a7a7aa0000,0x000001a7a7ea0000] _byte_map_base: 0x000001a7a76a0000

Marking Bits (Prev, Next): (CMBitMap*) 0x000001a7934073f0, (CMBitMap*) 0x000001a7934073b0
 Prev Bits: [0x000001a7aa2a0000, 0x000001a7ac2a0000)
 Next Bits: [0x000001a7a82a0000, 0x000001a7aa2a0000)

Polling page: 0x000001a793180000

Metaspace:

Usage:
  Non-class:     92.42 MB used.
      Class:     14.04 MB used.
       Both:    106.46 MB used.

Virtual space:
  Non-class space:       96.00 MB reserved,      92.81 MB ( 97%) committed,  12 nodes.
      Class space:        1.00 GB reserved,      14.38 MB (  1%) committed,  1 nodes.
             Both:        1.09 GB reserved,     107.19 MB ( 10%) committed. 

Chunk freelists:
   Non-Class:  2.64 MB
       Class:  1.57 MB
        Both:  4.21 MB

MaxMetaspaceSize: unlimited
CompressedClassSpaceSize: 1.00 GB
Initial GC threshold: 21.00 MB
Current GC threshold: 169.00 MB
CDS: off
MetaspaceReclaimPolicy: balanced
 - commit_granule_bytes: 65536.
 - commit_granule_words: 8192.
 - virtual_space_node_default_size: 1048576.
 - enlarge_chunks_in_place: 1.
 - new_chunks_are_fully_committed: 0.
 - uncommit_free_chunks: 1.
 - use_allocation_guard: 0.
 - handle_deallocations: 1.


Internal statistics:

num_allocs_failed_limit: 6.
num_arena_births: 1004.
num_arena_deaths: 0.
num_vsnodes_births: 13.
num_vsnodes_deaths: 0.
num_space_committed: 1714.
num_space_uncommitted: 0.
num_chunks_returned_to_freelist: 6.
num_chunks_taken_from_freelist: 4910.
num_chunk_merges: 6.
num_chunk_splits: 3275.
num_chunks_enlarged: 2214.
num_purges: 0.
num_inconsistent_stats: 0.

CodeHeap 'non-profiled nmethods': size=120000Kb used=6557Kb max_used=6852Kb free=113442Kb
 bounds [0x000001a79fb50000, 0x000001a7a0210000, 0x000001a7a7080000]
CodeHeap 'profiled nmethods': size=120000Kb used=24064Kb max_used=25450Kb free=95935Kb
 bounds [0x000001a798080000, 0x000001a799960000, 0x000001a79f5b0000]
CodeHeap 'non-nmethods': size=5760Kb used=2438Kb max_used=2473Kb free=3321Kb
 bounds [0x000001a79f5b0000, 0x000001a79f830000, 0x000001a79fb50000]
 total_blobs=13675 nmethods=12696 adapters=890
 compilation: enabled
              stopped_count=0, restarted_count=0
 full_count=0

Compilation events (20 events):
Event: 30.505 Thread 0x000001a7af410cb0 14842       3       org.gradle.tooling.internal.provider.runner.ClientBuildEventGenerator::started (168 bytes)
Event: 30.506 Thread 0x000001a7af410cb0 nmethod 14842 0x000001a799955690 code [0x000001a7999559a0, 0x000001a799956a28]
Event: 30.510 Thread 0x000001a7af410cb0 14843       2       org.gradle.internal.snapshot.impl.AbstractValueProcessor::processValue (775 bytes)
Event: 30.512 Thread 0x000001a7af410cb0 nmethod 14843 0x000001a799956f10 code [0x000001a799957620, 0x000001a799959b98]
Event: 30.515 Thread 0x000001a7af40bdf0 nmethod 14820 0x000001a79fc05690 code [0x000001a79fc058a0, 0x000001a79fc06860]
Event: 30.515 Thread 0x000001a7af40bdf0 14809   !   4       java.io.ObjectOutputStream::writeSerialData (223 bytes)
Event: 30.516 Thread 0x000001a7af410cb0 14844       3       org.gradle.internal.properties.annotations.DefaultTypeMetadataStore$DefaultPropertyMetadata::<init> (15 bytes)
Event: 30.516 Thread 0x000001a7af410cb0 nmethod 14844 0x000001a7980fc310 code [0x000001a7980fc4c0, 0x000001a7980fc6d8]
Event: 30.516 Thread 0x000001a7af410cb0 14845       3       com.google.common.collect.Iterables$5::iterator (17 bytes)
Event: 30.517 Thread 0x000001a7af410cb0 nmethod 14845 0x000001a79818ce90 code [0x000001a79818d0a0, 0x000001a79818d8e8]
Event: 30.519 Thread 0x000001a7af410cb0 14846       3       org.gradle.internal.work.DefaultWorkerLeaseService::acquireLocks (42 bytes)
Event: 30.520 Thread 0x000001a7af410cb0 nmethod 14846 0x000001a7982cc090 code [0x000001a7982cc2a0, 0x000001a7982cc8e8]
Event: 30.527 Thread 0x000001a7af410cb0 14850       3       com.google.common.collect.MapMakerInternalMap$Segment::getEntry (80 bytes)
Event: 30.527 Thread 0x000001a7af410cb0 nmethod 14850 0x000001a798183990 code [0x000001a798183c40, 0x000001a798184c88]
Event: 30.568 Thread 0x000001a7af410cb0 14851       3       com.google.common.cache.LocalCache$Segment::getEntry (73 bytes)
Event: 30.569 Thread 0x000001a7af410cb0 nmethod 14851 0x000001a798ae9790 code [0x000001a798ae9a80, 0x000001a798aeabd8]
Event: 30.636 Thread 0x000001a7af410cb0 14852       3       com.google.common.cache.LocalCache$Segment::cleanUp (21 bytes)
Event: 30.637 Thread 0x000001a7af410cb0 nmethod 14852 0x000001a7980ac690 code [0x000001a7980ac880, 0x000001a7980acd48]
Event: 30.761 Thread 0x000001a7af410cb0 14856   !   3       java.util.concurrent.ArrayBlockingQueue::take (46 bytes)
Event: 30.762 Thread 0x000001a7af410cb0 nmethod 14856 0x000001a7985d0290 code [0x000001a7985d0520, 0x000001a7985d1178]

GC Heap History (20 events):
Event: 25.851 GC heap before
{Heap before GC invocations=39 (full 0):
 garbage-first heap   total 216064K, used 164864K [0x0000000080000000, 0x0000000100000000)
  region size 1024K, 45 young (46080K), 11 survivors (11264K)
 Metaspace       used 97311K, committed 98048K, reserved 1138688K
  class space    used 13097K, committed 13440K, reserved 1048576K
}
Event: 25.866 GC heap after
{Heap after GC invocations=40 (full 0):
 garbage-first heap   total 216064K, used 134144K [0x0000000080000000, 0x0000000100000000)
  region size 1024K, 6 young (6144K), 6 survivors (6144K)
 Metaspace       used 97311K, committed 98048K, reserved 1138688K
  class space    used 13097K, committed 13440K, reserved 1048576K
}
Event: 26.044 GC heap before
{Heap before GC invocations=40 (full 0):
 garbage-first heap   total 216064K, used 166912K [0x0000000080000000, 0x0000000100000000)
  region size 1024K, 36 young (36864K), 6 survivors (6144K)
 Metaspace       used 97373K, committed 98112K, reserved 1138688K
  class space    used 13103K, committed 13440K, reserved 1048576K
}
Event: 26.051 GC heap after
{Heap after GC invocations=41 (full 0):
 garbage-first heap   total 216064K, used 138240K [0x0000000080000000, 0x0000000100000000)
  region size 1024K, 4 young (4096K), 4 survivors (4096K)
 Metaspace       used 97373K, committed 98112K, reserved 1138688K
  class space    used 13103K, committed 13440K, reserved 1048576K
}
Event: 26.227 GC heap before
{Heap before GC invocations=41 (full 0):
 garbage-first heap   total 216064K, used 168960K [0x0000000080000000, 0x0000000100000000)
  region size 1024K, 34 young (34816K), 4 survivors (4096K)
 Metaspace       used 97410K, committed 98112K, reserved 1138688K
  class space    used 13106K, committed 13440K, reserved 1048576K
}
Event: 26.230 GC heap after
{Heap after GC invocations=42 (full 0):
 garbage-first heap   total 216064K, used 141541K [0x0000000080000000, 0x0000000100000000)
  region size 1024K, 3 young (3072K), 3 survivors (3072K)
 Metaspace       used 97410K, committed 98112K, reserved 1138688K
  class space    used 13106K, committed 13440K, reserved 1048576K
}
Event: 26.613 GC heap before
{Heap before GC invocations=42 (full 0):
 garbage-first heap   total 216064K, used 165093K [0x0000000080000000, 0x0000000100000000)
  region size 1024K, 21 young (21504K), 3 survivors (3072K)
 Metaspace       used 97441K, committed 98112K, reserved 1138688K
  class space    used 13106K, committed 13440K, reserved 1048576K
}
Event: 26.624 GC heap after
{Heap after GC invocations=43 (full 0):
 garbage-first heap   total 260096K, used 156343K [0x0000000080000000, 0x0000000100000000)
  region size 1024K, 5 young (5120K), 5 survivors (5120K)
 Metaspace       used 97441K, committed 98112K, reserved 1138688K
  class space    used 13106K, committed 13440K, reserved 1048576K
}
Event: 26.647 GC heap before
{Heap before GC invocations=43 (full 0):
 garbage-first heap   total 260096K, used 173751K [0x0000000080000000, 0x0000000100000000)
  region size 1024K, 6 young (6144K), 5 survivors (5120K)
 Metaspace       used 97441K, committed 98112K, reserved 1138688K
  class space    used 13106K, committed 13440K, reserved 1048576K
}
Event: 26.653 GC heap after
{Heap after GC invocations=44 (full 0):
 garbage-first heap   total 260096K, used 159744K [0x0000000080000000, 0x0000000100000000)
  region size 1024K, 3 young (3072K), 3 survivors (3072K)
 Metaspace       used 97441K, committed 98112K, reserved 1138688K
  class space    used 13106K, committed 13440K, reserved 1048576K
}
Event: 27.307 GC heap before
{Heap before GC invocations=44 (full 0):
 garbage-first heap   total 260096K, used 211968K [0x0000000080000000, 0x0000000100000000)
  region size 1024K, 49 young (50176K), 3 survivors (3072K)
 Metaspace       used 100049K, committed 100800K, reserved 1138688K
  class space    used 13335K, committed 13696K, reserved 1048576K
}
Event: 27.316 GC heap after
{Heap after GC invocations=45 (full 0):
 garbage-first heap   total 260096K, used 160097K [0x0000000080000000, 0x0000000100000000)
  region size 1024K, 7 young (7168K), 7 survivors (7168K)
 Metaspace       used 100049K, committed 100800K, reserved 1138688K
  class space    used 13335K, committed 13696K, reserved 1048576K
}
Event: 27.736 GC heap before
{Heap before GC invocations=45 (full 0):
 garbage-first heap   total 260096K, used 207201K [0x0000000080000000, 0x0000000100000000)
  region size 1024K, 54 young (55296K), 7 survivors (7168K)
 Metaspace       used 102928K, committed 103680K, reserved 1146880K
  class space    used 13608K, committed 13952K, reserved 1048576K
}
Event: 27.749 GC heap after
{Heap after GC invocations=46 (full 0):
 garbage-first heap   total 260096K, used 167619K [0x0000000080000000, 0x0000000100000000)
  region size 1024K, 7 young (7168K), 7 survivors (7168K)
 Metaspace       used 102928K, committed 103680K, reserved 1146880K
  class space    used 13608K, committed 13952K, reserved 1048576K
}
Event: 28.764 GC heap before
{Heap before GC invocations=47 (full 0):
 garbage-first heap   total 285696K, used 203459K [0x0000000080000000, 0x0000000100000000)
  region size 1024K, 48 young (49152K), 7 survivors (7168K)
 Metaspace       used 105043K, committed 105792K, reserved 1146880K
  class space    used 13859K, committed 14208K, reserved 1048576K
}
Event: 28.769 GC heap after
{Heap after GC invocations=48 (full 0):
 garbage-first heap   total 285696K, used 159952K [0x0000000080000000, 0x0000000100000000)
  region size 1024K, 2 young (2048K), 2 survivors (2048K)
 Metaspace       used 105043K, committed 105792K, reserved 1146880K
  class space    used 13859K, committed 14208K, reserved 1048576K
}
Event: 28.978 GC heap before
{Heap before GC invocations=48 (full 0):
 garbage-first heap   total 285696K, used 170192K [0x0000000080000000, 0x0000000100000000)
  region size 1024K, 13 young (13312K), 2 survivors (2048K)
 Metaspace       used 106834K, committed 107584K, reserved 1146880K
  class space    used 14083K, committed 14464K, reserved 1048576K
}
Event: 28.984 GC heap after
{Heap after GC invocations=49 (full 0):
 garbage-first heap   total 285696K, used 151699K [0x0000000080000000, 0x0000000100000000)
  region size 1024K, 1 young (1024K), 1 survivors (1024K)
 Metaspace       used 106834K, committed 107584K, reserved 1146880K
  class space    used 14083K, committed 14464K, reserved 1048576K
}
Event: 30.141 GC heap before
{Heap before GC invocations=49 (full 0):
 garbage-first heap   total 285696K, used 229523K [0x0000000080000000, 0x0000000100000000)
  region size 1024K, 78 young (79872K), 1 survivors (1024K)
 Metaspace       used 108888K, committed 109632K, reserved 1146880K
  class space    used 14359K, committed 14720K, reserved 1048576K
}
Event: 30.149 GC heap after
{Heap after GC invocations=50 (full 0):
 garbage-first heap   total 285696K, used 157461K [0x0000000080000000, 0x0000000100000000)
  region size 1024K, 7 young (7168K), 7 survivors (7168K)
 Metaspace       used 108888K, committed 109632K, reserved 1146880K
  class space    used 14359K, committed 14720K, reserved 1048576K
}

Dll operation events (2 events):
Event: 0.006 Loaded shared library C:\Program Files\Android\Android Studio\jbr\bin\java.dll
Event: 0.703 Loaded shared library C:\Program Files\Android\Android Studio\jbr\bin\verify.dll

Deoptimization events (20 events):
Event: 30.505 Thread 0x000001a7b52fe700 DEOPT PACKING pc=0x000001a7a01bde7c sp=0x0000001b440f9ff0
Event: 30.505 Thread 0x000001a7b52fe700 DEOPT UNPACKING pc=0x000001a79f6069a3 sp=0x0000001b440f9f00 mode 2
Event: 30.505 Thread 0x000001a7b52fe700 Uncommon trap: trap_request=0xffffff45 fr.pc=0x000001a7a01266e0 relative=0x0000000000000060
Event: 30.505 Thread 0x000001a7b52fe700 Uncommon trap: reason=unstable_if action=reinterpret pc=0x000001a7a01266e0 method=org.gradle.api.internal.attributes.DefaultImmutableAttributes.equals(Ljava/lang/Object;)Z @ 2 c2
Event: 30.505 Thread 0x000001a7b52fe700 DEOPT PACKING pc=0x000001a7a01266e0 sp=0x0000001b440f9f60
Event: 30.505 Thread 0x000001a7b52fe700 DEOPT UNPACKING pc=0x000001a79f6069a3 sp=0x0000001b440f9ef0 mode 2
Event: 30.510 Thread 0x000001a7b52fe700 Uncommon trap: trap_request=0xffffffbe fr.pc=0x000001a7a01a1b84 relative=0x0000000000003504
Event: 30.510 Thread 0x000001a7b52fe700 Uncommon trap: reason=profile_predicate action=maybe_recompile pc=0x000001a7a01a1b84 method=org.gradle.internal.snapshot.impl.AbstractValueProcessor.processValue(Ljava/lang/Object;Lorg/gradle/internal/snapshot/impl/AbstractValueProcessor$ValueVisitor;)Lja
Event: 30.510 Thread 0x000001a7b52fe700 DEOPT PACKING pc=0x000001a7a01a1b84 sp=0x0000001b440fafc0
Event: 30.510 Thread 0x000001a7b52fe700 DEOPT UNPACKING pc=0x000001a79f6069a3 sp=0x0000001b440fafb0 mode 2
Event: 30.526 Thread 0x000001a7b23ebc00 Uncommon trap: trap_request=0xffffff45 fr.pc=0x000001a7a0023520 relative=0x0000000000000160
Event: 30.526 Thread 0x000001a7b23ebc00 Uncommon trap: reason=unstable_if action=reinterpret pc=0x000001a7a0023520 method=com.google.common.collect.MapMakerInternalMap$Segment.getEntry(Ljava/lang/Object;I)Lcom/google/common/collect/MapMakerInternalMap$InternalEntry; @ 63 c2
Event: 30.526 Thread 0x000001a7b23ebc00 DEOPT PACKING pc=0x000001a7a0023520 sp=0x0000001b407fe470
Event: 30.526 Thread 0x000001a7b23ebc00 DEOPT UNPACKING pc=0x000001a79f6069a3 sp=0x0000001b407fe428 mode 2
Event: 30.555 Thread 0x000001a7b23e7d70 Uncommon trap: trap_request=0xffffff45 fr.pc=0x000001a7a0025118 relative=0x0000000000000158
Event: 30.555 Thread 0x000001a7b23e7d70 Uncommon trap: reason=unstable_if action=reinterpret pc=0x000001a7a0025118 method=com.google.common.cache.LocalCache$Segment.getEntry(Ljava/lang/Object;I)Lcom/google/common/cache/ReferenceEntry; @ 56 c2
Event: 30.555 Thread 0x000001a7b23e7d70 DEOPT PACKING pc=0x000001a7a0025118 sp=0x0000001b413fb6d0
Event: 30.555 Thread 0x000001a7b23e7d70 DEOPT UNPACKING pc=0x000001a79f6069a3 sp=0x0000001b413fb678 mode 2
Event: 30.619 Thread 0x000001a7b3882e70 DEOPT PACKING pc=0x000001a79995680f sp=0x0000001b431fe8b0
Event: 30.619 Thread 0x000001a7b3882e70 DEOPT UNPACKING pc=0x000001a79f607143 sp=0x0000001b431fdd70 mode 0

Classes unloaded (0 events):
No events

Classes redefined (0 events):
No events

Internal exceptions (20 events):
Event: 28.634 Thread 0x000001a7b52fe700 Exception <a 'sun/nio/fs/WindowsException'{0x000000008f3db330}> (0x000000008f3db330) 
thrown [s\src\hotspot\share\prims\jni.cpp, line 517]
Event: 28.634 Thread 0x000001a7b52fe700 Exception <a 'sun/nio/fs/WindowsException'{0x000000008f3db750}> (0x000000008f3db750) 
thrown [s\src\hotspot\share\prims\jni.cpp, line 517]
Event: 28.635 Thread 0x000001a7b52fe700 Exception <a 'sun/nio/fs/WindowsException'{0x000000008f3dd758}> (0x000000008f3dd758) 
thrown [s\src\hotspot\share\prims\jni.cpp, line 517]
Event: 28.635 Thread 0x000001a7b52fe700 Exception <a 'sun/nio/fs/WindowsException'{0x000000008f3ddb78}> (0x000000008f3ddb78) 
thrown [s\src\hotspot\share\prims\jni.cpp, line 517]
Event: 29.370 Thread 0x000001a7b52fe700 Exception <a 'sun/nio/fs/WindowsException'{0x0000000090349788}> (0x0000000090349788) 
thrown [s\src\hotspot\share\prims\jni.cpp, line 517]
Event: 29.370 Thread 0x000001a7b52fe700 Exception <a 'sun/nio/fs/WindowsException'{0x0000000090349bb8}> (0x0000000090349bb8) 
thrown [s\src\hotspot\share\prims\jni.cpp, line 517]
Event: 29.371 Thread 0x000001a7b52fe700 Exception <a 'sun/nio/fs/WindowsException'{0x000000009034bbc0}> (0x000000009034bbc0) 
thrown [s\src\hotspot\share\prims\jni.cpp, line 517]
Event: 29.371 Thread 0x000001a7b52fe700 Exception <a 'sun/nio/fs/WindowsException'{0x000000009034bff8}> (0x000000009034bff8) 
thrown [s\src\hotspot\share\prims\jni.cpp, line 517]
Event: 29.398 Thread 0x000001a7b52fb210 Exception <a 'sun/nio/fs/WindowsException'{0x000000009016d420}> (0x000000009016d420) 
thrown [s\src\hotspot\share\prims\jni.cpp, line 517]
Event: 29.405 Thread 0x000001a7b52fb210 Exception <a 'java/lang/NoSuchMethodError'{0x00000000901b7298}: 'int java.lang.invoke.DirectMethodHandle$Holder.invokeSpecial(java.lang.Object, java.lang.Object, java.lang.Object, java.lang.Object, java.lang.Object)'> (0x00000000901b7298) 
thrown [s\src\hotspot\share\interpreter\linkResolver.cpp, line 771]
Event: 29.581 Thread 0x000001a7b52fb210 Exception <a 'sun/nio/fs/WindowsException'{0x000000008f69aeb8}> (0x000000008f69aeb8) 
thrown [s\src\hotspot\share\prims\jni.cpp, line 517]
Event: 30.175 Thread 0x000001a7b52ff0a0 Implicit null exception at 0x000001a7a01dff1f to 0x000001a7a01e01e8
Event: 30.305 Thread 0x000001a7b52fb210 Exception <a 'sun/nio/fs/WindowsException'{0x00000000908c3410}> (0x00000000908c3410) 
thrown [s\src\hotspot\share\prims\jni.cpp, line 517]
Event: 30.379 Thread 0x000001a7b52fb210 Exception <a 'sun/nio/fs/WindowsException'{0x000000008fb10d88}> (0x000000008fb10d88) 
thrown [s\src\hotspot\share\prims\jni.cpp, line 517]
Event: 30.470 Thread 0x000001a7b52fe700 Exception <a 'java/lang/NoSuchMethodError'{0x0000000090eb6ab0}: static Lcom/android/build/gradle/internal/scope/InternalArtifactType;.<clinit>()V> (0x0000000090eb6ab0) 
thrown [s\src\hotspot\share\prims\jni.cpp, line 1108]
Event: 30.471 Thread 0x000001a7b52fe700 Exception <a 'java/lang/NoSuchMethodError'{0x0000000090eb81f0}: static Lcom/android/build/gradle/internal/scope/InternalArtifactType;.<clinit>()V> (0x0000000090eb81f0) 
thrown [s\src\hotspot\share\prims\jni.cpp, line 1108]
Event: 30.471 Thread 0x000001a7b52fe700 Exception <a 'java/lang/NoSuchMethodError'{0x0000000090ebb380}: static Lcom/android/build/api/artifact/Artifact$Single;.<clinit>()V> (0x0000000090ebb380) 
thrown [s\src\hotspot\share\prims\jni.cpp, line 1108]
Event: 30.471 Thread 0x000001a7b52fe700 Exception <a 'java/lang/NoSuchMethodError'{0x0000000090ebd8f8}: static Ljava/lang/Object;.<clinit>()V> (0x0000000090ebd8f8) 
thrown [s\src\hotspot\share\prims\jni.cpp, line 1108]
Event: 30.473 Thread 0x000001a7b52fe700 Exception <a 'java/lang/NoSuchMethodError'{0x000000008f9818b0}: static Lcom/android/build/api/artifact/ArtifactKind;.<clinit>()V> (0x000000008f9818b0) 
thrown [s\src\hotspot\share\prims\jni.cpp, line 1108]
Event: 30.473 Thread 0x000001a7b52fe700 Exception <a 'java/lang/NoSuchMethodError'{0x000000008f982a70}: static Lcom/android/build/api/artifact/ArtifactKind;.<clinit>()V> (0x000000008f982a70) 
thrown [s\src\hotspot\share\prims\jni.cpp, line 1108]

VM Operations (20 events):
Event: 28.978 Executing VM operation: G1CollectForAllocation
Event: 28.984 Executing VM operation: G1CollectForAllocation done
Event: 29.404 Executing VM operation: HandshakeAllThreads
Event: 29.404 Executing VM operation: HandshakeAllThreads done
Event: 29.597 Executing VM operation: ICBufferFull
Event: 29.597 Executing VM operation: ICBufferFull done
Event: 30.080 Executing VM operation: ICBufferFull
Event: 30.080 Executing VM operation: ICBufferFull done
Event: 30.141 Executing VM operation: G1CollectForAllocation
Event: 30.149 Executing VM operation: G1CollectForAllocation done
Event: 30.502 Executing VM operation: HandshakeAllThreads
Event: 30.502 Executing VM operation: HandshakeAllThreads done
Event: 30.503 Executing VM operation: HandshakeAllThreads
Event: 30.503 Executing VM operation: HandshakeAllThreads done
Event: 30.504 Executing VM operation: ICBufferFull
Event: 30.504 Executing VM operation: ICBufferFull done
Event: 30.510 Executing VM operation: HandshakeAllThreads
Event: 30.510 Executing VM operation: HandshakeAllThreads done
Event: 30.555 Executing VM operation: HandshakeAllThreads
Event: 30.556 Executing VM operation: HandshakeAllThreads done

Events (20 events):
Event: 30.572 Thread 0x000001a7af433d80 flushing nmethod 0x000001a79951b390
Event: 30.572 Thread 0x000001a7af433d80 flushing nmethod 0x000001a79951f210
Event: 30.572 Thread 0x000001a7af433d80 flushing nmethod 0x000001a79951f590
Event: 30.572 Thread 0x000001a7af433d80 flushing nmethod 0x000001a799522d10
Event: 30.572 Thread 0x000001a7af433d80 flushing nmethod 0x000001a799528290
Event: 30.572 Thread 0x000001a7af433d80 flushing nmethod 0x000001a79952e610
Event: 30.572 Thread 0x000001a7af433d80 flushing nmethod 0x000001a79952ec10
Event: 30.572 Thread 0x000001a7af433d80 flushing nmethod 0x000001a799530390
Event: 30.572 Thread 0x000001a7af433d80 flushing nmethod 0x000001a799530910
Event: 30.572 Thread 0x000001a7af433d80 flushing nmethod 0x000001a799530e90
Event: 30.572 Thread 0x000001a7af433d80 flushing nmethod 0x000001a799532510
Event: 30.572 Thread 0x000001a7af433d80 flushing nmethod 0x000001a799532990
Event: 30.572 Thread 0x000001a7af433d80 flushing nmethod 0x000001a799534610
Event: 30.572 Thread 0x000001a7af433d80 flushing nmethod 0x000001a799534b90
Event: 30.572 Thread 0x000001a7af433d80 flushing nmethod 0x000001a799535a90
Event: 30.572 Thread 0x000001a7af433d80 flushing nmethod 0x000001a799536090
Event: 30.572 Thread 0x000001a7af433d80 flushing nmethod 0x000001a799536890
Event: 30.572 Thread 0x000001a7af433d80 flushing nmethod 0x000001a799536d90
Event: 30.572 Thread 0x000001a7af433d80 flushing nmethod 0x000001a799537890
Event: 30.573 Thread 0x000001a7af433d80 flushing nmethod 0x000001a799542d10


Dynamic libraries:
0x00007ff6b7d10000 - 0x00007ff6b7d1a000 	C:\Program Files\Android\Android Studio\jbr\bin\java.exe
0x00007ffd26b90000 - 0x00007ffd26d88000 	C:\Windows\SYSTEM32\ntdll.dll
0x00007ffd25330000 - 0x00007ffd253ef000 	C:\Windows\System32\KERNEL32.DLL
0x00007ffd24330000 - 0x00007ffd24626000 	C:\Windows\System32\KERNELBASE.dll
0x00007ffd246a0000 - 0x00007ffd247a0000 	C:\Windows\System32\ucrtbase.dll
0x00007ffd0d5a0000 - 0x00007ffd0d5b7000 	C:\Program Files\Android\Android Studio\jbr\bin\jli.dll
0x00007ffd24de0000 - 0x00007ffd24f7d000 	C:\Windows\System32\USER32.dll
0x00007ffd247a0000 - 0x00007ffd247c2000 	C:\Windows\System32\win32u.dll
0x00007ffd25d00000 - 0x00007ffd25d2c000 	C:\Windows\System32\GDI32.dll
0x00007ffd24ad0000 - 0x00007ffd24be5000 	C:\Windows\System32\gdi32full.dll
0x00007ffd24820000 - 0x00007ffd248bd000 	C:\Windows\System32\msvcp_win.dll
0x00007ffd0c7a0000 - 0x00007ffd0c7bb000 	C:\Program Files\Android\Android Studio\jbr\bin\VCRUNTIME140.dll
0x00007ffd103c0000 - 0x00007ffd1065a000 	C:\Windows\WinSxS\amd64_microsoft.windows.common-controls_6595b64144ccf1df_6.0.19041.1110_none_60b5254171f9507e\COMCTL32.dll
0x00007ffd25110000 - 0x00007ffd251ae000 	C:\Windows\System32\msvcrt.dll
0x00007ffd24ca0000 - 0x00007ffd24cd0000 	C:\Windows\System32\IMM32.DLL
0x00007ffd11e90000 - 0x00007ffd11e9c000 	C:\Program Files\Android\Android Studio\jbr\bin\vcruntime140_1.dll
0x00007ffcf8870000 - 0x00007ffcf88fd000 	C:\Program Files\Android\Android Studio\jbr\bin\msvcp140.dll
0x00007ffcebba0000 - 0x00007ffcec80d000 	C:\Program Files\Android\Android Studio\jbr\bin\server\jvm.dll
0x00007ffd24bf0000 - 0x00007ffd24c9f000 	C:\Windows\System32\ADVAPI32.dll
0x00007ffd25e20000 - 0x00007ffd25ebc000 	C:\Windows\System32\sechost.dll
0x00007ffd269c0000 - 0x00007ffd26ae6000 	C:\Windows\System32\RPCRT4.dll
0x00007ffd12850000 - 0x00007ffd12859000 	C:\Windows\SYSTEM32\WSOCK32.dll
0x00007ffd254c0000 - 0x00007ffd2552b000 	C:\Windows\System32\WS2_32.dll
0x00007ffd1ad40000 - 0x00007ffd1ad67000 	C:\Windows\SYSTEM32\WINMM.dll
0x00007ffd1b180000 - 0x00007ffd1b18a000 	C:\Windows\SYSTEM32\VERSION.dll
0x00007ffd22150000 - 0x00007ffd22162000 	C:\Windows\SYSTEM32\kernel.appcore.dll
0x00007ffd18640000 - 0x00007ffd1864a000 	C:\Program Files\Android\Android Studio\jbr\bin\jimage.dll
0x00007ffd1da30000 - 0x00007ffd1dc14000 	C:\Windows\SYSTEM32\DBGHELP.DLL
0x00007ffd11440000 - 0x00007ffd11474000 	C:\Windows\SYSTEM32\dbgcore.DLL
0x00007ffd24270000 - 0x00007ffd242f2000 	C:\Windows\System32\bcryptPrimitives.dll
0x00007ffd153e0000 - 0x00007ffd15405000 	C:\Program Files\Android\Android Studio\jbr\bin\java.dll
0x00007ffd15370000 - 0x00007ffd15388000 	C:\Program Files\Android\Android Studio\jbr\bin\zip.dll
0x00007ffd25530000 - 0x00007ffd25c74000 	C:\Windows\System32\SHELL32.dll
0x00007ffd22350000 - 0x00007ffd22ae3000 	C:\Windows\SYSTEM32\windows.storage.dll
0x00007ffd25f20000 - 0x00007ffd26274000 	C:\Windows\System32\combase.dll
0x00007ffd23cd0000 - 0x00007ffd23cfe000 	C:\Windows\SYSTEM32\Wldp.dll
0x00007ffd253f0000 - 0x00007ffd2549d000 	C:\Windows\System32\SHCORE.dll
0x00007ffd25ec0000 - 0x00007ffd25f15000 	C:\Windows\System32\shlwapi.dll
0x00007ffd241b0000 - 0x00007ffd241cf000 	C:\Windows\SYSTEM32\profapi.dll
0x00007ffd15000000 - 0x00007ffd15019000 	C:\Program Files\Android\Android Studio\jbr\bin\net.dll
0x00007ffd1cb10000 - 0x00007ffd1cc1a000 	C:\Windows\SYSTEM32\WINHTTP.dll
0x00007ffd23a30000 - 0x00007ffd23a9a000 	C:\Windows\system32\mswsock.dll
0x00007ffd14f70000 - 0x00007ffd14f86000 	C:\Program Files\Android\Android Studio\jbr\bin\nio.dll
0x00007ffd163e0000 - 0x00007ffd163f0000 	C:\Program Files\Android\Android Studio\jbr\bin\verify.dll
0x00007ffd0ede0000 - 0x00007ffd0ee07000 	C:\Users\Mr Robot\.gradle\native\68d5fa5c4cc2d200863cafc0d521ce42e7d3e7ee720ec0a83991735586a16f82\windows-amd64\native-platform.dll
0x00007ffceb060000 - 0x00007ffceb1a4000 	C:\Users\Mr Robot\.gradle\native\e376f236ea51e6404a007f0833ffe2c6e607c4080706a723a18a27aeea778392\windows-amd64\native-platform-file-events.dll
0x00007ffd17fb0000 - 0x00007ffd17fb9000 	C:\Program Files\Android\Android Studio\jbr\bin\management.dll
0x00007ffd16d70000 - 0x00007ffd16d7b000 	C:\Program Files\Android\Android Studio\jbr\bin\management_ext.dll
0x00007ffd25e10000 - 0x00007ffd25e18000 	C:\Windows\System32\PSAPI.DLL
0x00007ffd23c30000 - 0x00007ffd23c48000 	C:\Windows\SYSTEM32\CRYPTSP.dll
0x00007ffd232e0000 - 0x00007ffd23314000 	C:\Windows\system32\rsaenh.dll
0x00007ffd24300000 - 0x00007ffd24327000 	C:\Windows\System32\bcrypt.dll
0x00007ffd24170000 - 0x00007ffd2419e000 	C:\Windows\SYSTEM32\USERENV.dll
0x00007ffd23c20000 - 0x00007ffd23c2c000 	C:\Windows\SYSTEM32\CRYPTBASE.dll
0x00007ffd236d0000 - 0x00007ffd2370c000 	C:\Windows\SYSTEM32\IPHLPAPI.DLL
0x00007ffd25c90000 - 0x00007ffd25c98000 	C:\Windows\System32\NSI.dll
0x00007ffd1e550000 - 0x00007ffd1e567000 	C:\Windows\SYSTEM32\dhcpcsvc6.DLL
0x00007ffd1e590000 - 0x00007ffd1e5ad000 	C:\Windows\SYSTEM32\dhcpcsvc.DLL
0x00007ffd23720000 - 0x00007ffd237eb000 	C:\Windows\SYSTEM32\DNSAPI.dll
0x00007ffd150d0000 - 0x00007ffd150d7000 	C:\Windows\system32\wshunix.dll
0x0000000055530000 - 0x0000000055556000 	C:\Program Files\Bonjour\mdnsNSP.dll
0x00007ffd150b0000 - 0x00007ffd150ba000 	C:\Windows\System32\rasadhlp.dll
0x00007ffd15ba0000 - 0x00007ffd15c22000 	C:\Windows\System32\fwpuclnt.dll
0x00007ffd23400000 - 0x00007ffd23433000 	C:\Windows\SYSTEM32\ntmarta.dll

dbghelp: loaded successfully - version: 4.0.5 - missing functions: none
symbol engine: initialized successfully - sym options: 0x614 - pdb path: .;C:\Program Files\Android\Android Studio\jbr\bin;C:\Windows\SYSTEM32;C:\Windows\WinSxS\amd64_microsoft.windows.common-controls_6595b64144ccf1df_6.0.19041.1110_none_60b5254171f9507e;C:\Program Files\Android\Android Studio\jbr\bin\server;C:\Users\Mr Robot\.gradle\native\68d5fa5c4cc2d200863cafc0d521ce42e7d3e7ee720ec0a83991735586a16f82\windows-amd64;C:\Users\Mr Robot\.gradle\native\e376f236ea51e6404a007f0833ffe2c6e607c4080706a723a18a27aeea778392\windows-amd64;C:\Program Files\Bonjour

VM Arguments:
jvm_args: --add-opens=java.base/java.util=ALL-UNNAMED --add-opens=java.base/java.lang=ALL-UNNAMED --add-opens=java.base/java.lang.invoke=ALL-UNNAMED --add-opens=java.prefs/java.util.prefs=ALL-UNNAMED --add-opens=java.base/java.nio.charset=ALL-UNNAMED --add-opens=java.base/java.net=ALL-UNNAMED --add-opens=java.base/java.util.concurrent.atomic=ALL-UNNAMED -Xmx2048m -Dfile.encoding=UTF-8 -Duser.country=US -Duser.language=en -Duser.variant 
java_command: org.gradle.launcher.daemon.bootstrap.GradleDaemon 8.0
java_class_path (initial): C:\Users\Mr Robot\.gradle\wrapper\dists\gradle-8.0-bin\ca5e32bp14vu59qr306oxotwh\gradle-8.0\lib\gradle-launcher-8.0.jar
Launcher Type: SUN_STANDARD

[Global flags]
     intx CICompilerCount                          = 3                                         {product} {ergonomic}
     uint ConcGCThreads                            = 1                                         {product} {ergonomic}
     uint G1ConcRefinementThreads                  = 4                                         {product} {ergonomic}
   size_t G1HeapRegionSize                         = 1048576                                   {product} {ergonomic}
    uintx GCDrainStackTargetSize                   = 64                                        {product} {ergonomic}
   size_t InitialHeapSize                          = 134217728                                 {product} {ergonomic}
   size_t MarkStackSize                            = 4194304                                   {product} {ergonomic}
   size_t MaxHeapSize                              = 2147483648                                {product} {command line}
   size_t MaxNewSize                               = 1287651328                                {product} {ergonomic}
   size_t MinHeapDeltaBytes                        = 1048576                                   {product} {ergonomic}
   size_t MinHeapSize                              = 8388608                                   {product} {ergonomic}
    uintx NonNMethodCodeHeapSize                   = 5832780                                {pd product} {ergonomic}
    uintx NonProfiledCodeHeapSize                  = 122912730                              {pd product} {ergonomic}
    uintx ProfiledCodeHeapSize                     = 122912730                              {pd product} {ergonomic}
    uintx ReservedCodeCacheSize                    = 251658240                              {pd product} {ergonomic}
     bool SegmentedCodeCache                       = true                                      {product} {ergonomic}
   size_t SoftMaxHeapSize                          = 2147483648                             {manageable} {ergonomic}
     bool UseCompressedClassPointers               = true                           {product lp64_product} {ergonomic}
     bool UseCompressedOops                        = true                           {product lp64_product} {ergonomic}
     bool UseG1GC                                  = true                                      {product} {ergonomic}
     bool UseLargePagesIndividualAllocation        = false                                  {pd product} {ergonomic}

Logging:
Log output configuration:
 #0: stdout all=warning uptime,level,tags
 #1: stderr all=off uptime,level,tags

Environment Variables:
PATH=C:\Program Files\Common Files\Oracle\Java\javapath;C:\Windows\system32;C:\Windows;C:\Windows\System32\Wbem;C:\Windows\System32\WindowsPowerShell\v1.0\;C:\Windows\System32\OpenSSH\;C:\Users\Mr Robot\AppData\Local\Microsoft\WindowsApps;;C:\Users\Mr Robot\AppData\Local\Programs\Microsoft VS Code\bin
USERNAME=Mr Robot
OS=Windows_NT
PROCESSOR_IDENTIFIER=Intel64 Family 6 Model 60 Stepping 3, GenuineIntel
TMP=C:\Users\MRROBO~1\AppData\Local\Temp
TEMP=C:\Users\MRROBO~1\AppData\Local\Temp



---------------  S Y S T E M  ---------------

OS:
 Windows 10 , 64 bit Build 19041 (10.0.19041.2913)
OS uptime: 0 days 15:39 hours

CPU: total 4 (initial active 4) (4 cores per cpu, 1 threads per core) family 6 model 60 stepping 3 microcode 0x27, cx8, cmov, fxsr, mmx, sse, sse2, sse3, ssse3, sse4.1, sse4.2, popcnt, lzcnt, tsc, tscinvbit, avx, avx2, aes, erms, clmul, bmi1, bmi2, fma, vzeroupper, clflush

Memory: 4k page, system-wide physical 8084M (127M free)
TotalPageFile size 16276M (AvailPageFile size 5M)
current process WorkingSet (physical memory assigned to process): 504M, peak: 507M
current process commit charge ("private bytes"): 581M, peak: 583M

vm_info: OpenJDK 64-Bit Server VM (17.0.6+0-b2043.56-9586694) for windows-amd64 JRE (17.0.6+0-b2043.56-9586694), built on Feb  9 2023 20:06:20 by "androidbuild" with MS VC++ 16.10 / 16.11 (VS2019)

END.
