#
# There is insufficient memory for the Java Runtime Environment to continue.
# Native memory allocation (mmap) failed to map 3145728 bytes for G1 virtual space
# Possible reasons:
#   The system is out of physical RAM or swap space
#   The process is running with CompressedOops enabled, and the Java Heap may be blocking the growth of the native heap
# Possible solutions:
#   Reduce memory load on the system
#   Increase physical memory or swap space
#   Check if swap backing store is full
#   Decrease Java heap size (-Xmx/-Xms)
#   Decrease number of Java threads
#   Decrease Java thread stack sizes (-Xss)
#   Set larger code cache with -XX:ReservedCodeCacheSize=
#   JVM is running with Unscaled Compressed Oops mode in which the Java heap is
#     placed in the first 4GB address space. The Java Heap base address is the
#     maximum limit for the native heap growth. Please use -XX:HeapBaseMinAddress
#     to set the Java Heap base and to place the Java Heap above 4GB virtual address.
# This output file may be truncated or incomplete.
#
#  Out of Memory Error (os_windows.cpp:3769), pid=4920, tid=11984
#
# JRE version: OpenJDK Runtime Environment (17.0.6) (build 17.0.6+0-b2043.56-9586694)
# Java VM: OpenJDK 64-Bit Server VM (17.0.6+0-b2043.56-9586694, mixed mode, tiered, compressed oops, compressed class ptrs, g1 gc, windows-amd64)
# No core dump will be written. Minidumps are not enabled by default on client versions of Windows
#

---------------  S U M M A R Y ------------

Command Line: --add-opens=java.base/java.util=ALL-UNNAMED --add-opens=java.base/java.lang=ALL-UNNAMED --add-opens=java.base/java.lang.invoke=ALL-UNNAMED --add-opens=java.prefs/java.util.prefs=ALL-UNNAMED --add-opens=java.base/java.nio.charset=ALL-UNNAMED --add-opens=java.base/java.net=ALL-UNNAMED --add-opens=java.base/java.util.concurrent.atomic=ALL-UNNAMED -Xmx2048m -Dfile.encoding=UTF-8 -Duser.country=US -Duser.language=en -Duser.variant org.gradle.launcher.daemon.bootstrap.GradleDaemon 8.0

Host: Intel(R) Core(TM) i5-4590S CPU @ 3.00GHz, 4 cores, 7G,  Windows 10 , 64 bit Build 19041 (10.0.19041.2913)
Time: Fri Jun  2 15:46:50 2023 Pacific Daylight Time elapsed time: 18.315326 seconds (0d 0h 0m 18s)

---------------  T H R E A D  ---------------

Current thread (0x000001eec6058ca0):  VMThread "VM Thread" [stack: 0x00000051b9d00000,0x00000051b9e00000] [id=11984]

Stack: [0x00000051b9d00000,0x00000051b9e00000]
Native frames: (J=compiled Java code, j=interpreted, Vv=VM code, C=native code)
V  [jvm.dll+0x683b4a]
V  [jvm.dll+0x842654]
V  [jvm.dll+0x843dfe]
V  [jvm.dll+0x844463]
V  [jvm.dll+0x249b75]
V  [jvm.dll+0x680a19]
V  [jvm.dll+0x674f0a]
V  [jvm.dll+0x309acb]
V  [jvm.dll+0x310f86]
V  [jvm.dll+0x360918]
V  [jvm.dll+0x360b1f]
V  [jvm.dll+0x2dfbf8]
V  [jvm.dll+0x2ddec4]
V  [jvm.dll+0x2dd4cc]
V  [jvm.dll+0x321f3b]
V  [jvm.dll+0x84893b]
V  [jvm.dll+0x849674]
V  [jvm.dll+0x849b8d]
V  [jvm.dll+0x849f64]
V  [jvm.dll+0x84a030]
V  [jvm.dll+0x7f25fa]
V  [jvm.dll+0x682985]
C  [ucrtbase.dll+0x21bb2]
C  [KERNEL32.DLL+0x17614]
C  [ntdll.dll+0x526a1]

VM_Operation (0x00000051be3fd240): G1CollectForAllocation, mode: safepoint, requested by thread 0x000001eec7da9700


---------------  P R O C E S S  ---------------

Threads class SMR info:
_java_thread_list=0x000001eecef32770, length=89, elements={
0x000001eeaca88420, 0x000001eec607c620, 0x000001eec607ddc0, 0x000001eec6098770,
0x000001eec6099130, 0x000001eec6c0bc40, 0x000001eec6c0e640, 0x000001eec6c15680,
0x000001eec6c17b40, 0x000001eec6c1b400, 0x000001eec6c107f0, 0x000001eec6c0e170,
0x000001eec6c0f980, 0x000001eec6c10cc0, 0x000001eec6c10320, 0x000001eec6c0fe50,
0x000001eec6c0d7d0, 0x000001eec6c0dca0, 0x000001eec6c0d300, 0x000001eec6c0efe0,
0x000001eec6c0f4b0, 0x000001eec9445e10, 0x000001eec9445470, 0x000001eec9448490,
0x000001eec9448960, 0x000001eec9447fc0, 0x000001eec9447620, 0x000001eec9444fa0,
0x000001eec94462e0, 0x000001eec9445940, 0x000001eec94467b0, 0x000001eec9446c80,
0x000001eec9447150, 0x000001eec6f85230, 0x000001eec6f83a20, 0x000001eec6f80060,
0x000001eec6f83ef0, 0x000001eec6f84d60, 0x000001eec6f85700, 0x000001eec6f82bb0,
0x000001eec6f83080, 0x000001eec6f860a0, 0x000001eec6f80a00, 0x000001eec6f86570,
0x000001eec6f86a40, 0x000001eec6f86f10, 0x000001eec6f878b0, 0x000001eec6f873e0,
0x000001eec6f80ed0, 0x000001eec6f813a0, 0x000001eec6f81870, 0x000001eec6f81d40,
0x000001eec6f82210, 0x000001eec6f826e0, 0x000001eec7daa570, 0x000001eec7da9bd0,
0x000001eec7da7ef0, 0x000001eec7dab3e0, 0x000001eec7dada60, 0x000001eec7dad0c0,
0x000001eec7da83c0, 0x000001eec7dae8d0, 0x000001eec7dae400, 0x000001eec7da9700,
0x000001eec7da7080, 0x000001eec7dacbf0, 0x000001eec7daaf10, 0x000001eec7da8d60,
0x000001eec7dac720, 0x000001eec7da9230, 0x000001eec7dad590, 0x000001eec7daa0a0,
0x000001eec7daaa40, 0x000001eec7dadf30, 0x000001eec7da7550, 0x000001eec7da7a20,
0x000001eec7da8890, 0x000001eec7dab8b0, 0x000001eec7dabd80, 0x000001eec6c0eb10,
0x000001eeccd06e50, 0x000001eeccbfd300, 0x000001eeccbf9470, 0x000001eeccbf9e10,
0x000001eeccbfbfc0, 0x000001eeccbfb620, 0x000001eeccc00320, 0x000001eeccbf8ad0,
0x000001eeccbfdca0
}

Java Threads: ( => current thread )
  0x000001eeaca88420 JavaThread "main" [_thread_blocked, id=10784, stack(0x00000051b9600000,0x00000051b9700000)]
  0x000001eec607c620 JavaThread "Reference Handler" daemon [_thread_blocked, id=12032, stack(0x00000051b9e00000,0x00000051b9f00000)]
  0x000001eec607ddc0 JavaThread "Finalizer" daemon [_thread_blocked, id=12104, stack(0x00000051b9f00000,0x00000051ba000000)]
  0x000001eec6098770 JavaThread "Signal Dispatcher" daemon [_thread_blocked, id=9728, stack(0x00000051ba100000,0x00000051ba200000)]
  0x000001eec6099130 JavaThread "Attach Listener" daemon [_thread_blocked, id=2532, stack(0x00000051ba200000,0x00000051ba300000)]
  0x000001eec6c0bc40 JavaThread "Service Thread" daemon [_thread_blocked, id=1284, stack(0x00000051ba300000,0x00000051ba400000)]
  0x000001eec6c0e640 JavaThread "Monitor Deflation Thread" daemon [_thread_blocked, id=6328, stack(0x00000051ba400000,0x00000051ba500000)]
  0x000001eec6c15680 JavaThread "C2 CompilerThread0" daemon [_thread_blocked, id=6024, stack(0x00000051ba500000,0x00000051ba600000)]
  0x000001eec6c17b40 JavaThread "C1 CompilerThread0" daemon [_thread_blocked, id=9516, stack(0x00000051ba600000,0x00000051ba700000)]
  0x000001eec6c1b400 JavaThread "Sweeper thread" daemon [_thread_blocked, id=2096, stack(0x00000051ba700000,0x00000051ba800000)]
  0x000001eec6c107f0 JavaThread "Common-Cleaner" daemon [_thread_blocked, id=5024, stack(0x00000051ba800000,0x00000051ba900000)]
  0x000001eec6c0e170 JavaThread "Notification Thread" daemon [_thread_blocked, id=10576, stack(0x00000051ba900000,0x00000051baa00000)]
  0x000001eec6c0f980 JavaThread "Daemon health stats" [_thread_blocked, id=2168, stack(0x00000051baf00000,0x00000051bb000000)]
  0x000001eec6c10cc0 JavaThread "Incoming local TCP Connector on port 64156" [_thread_in_native, id=1128, stack(0x00000051bb000000,0x00000051bb100000)]
  0x000001eec6c10320 JavaThread "Daemon periodic checks" [_thread_blocked, id=11768, stack(0x00000051bb100000,0x00000051bb200000)]
  0x000001eec6c0fe50 JavaThread "Daemon" [_thread_blocked, id=9000, stack(0x00000051bb200000,0x00000051bb300000)]
  0x000001eec6c0d7d0 JavaThread "Handler for socket connection from /127.0.0.1:64156 to /127.0.0.1:64157" [_thread_in_native, id=9856, stack(0x00000051bb300000,0x00000051bb400000)]
  0x000001eec6c0dca0 JavaThread "Cancel handler" [_thread_blocked, id=10660, stack(0x00000051bb400000,0x00000051bb500000)]
  0x000001eec6c0d300 JavaThread "Daemon worker" [_thread_blocked, id=10804, stack(0x00000051bb500000,0x00000051bb600000)]
  0x000001eec6c0efe0 JavaThread "Asynchronous log dispatcher for DefaultDaemonConnection: socket connection from /127.0.0.1:64156 to /127.0.0.1:64157" [_thread_blocked, id=8984, stack(0x00000051bb600000,0x00000051bb700000)]
  0x000001eec6c0f4b0 JavaThread "Stdin handler" [_thread_blocked, id=4312, stack(0x00000051bb700000,0x00000051bb800000)]
  0x000001eec9445e10 JavaThread "Daemon client event forwarder" [_thread_blocked, id=6316, stack(0x00000051bb800000,0x00000051bb900000)]
  0x000001eec9445470 JavaThread "Cache worker for journal cache (C:\Users\Mr Robot\.gradle\caches\journal-1)" [_thread_blocked, id=5964, stack(0x00000051bab00000,0x00000051bac00000)]
  0x000001eec9448490 JavaThread "File lock request listener" [_thread_in_native, id=8948, stack(0x00000051bb900000,0x00000051bba00000)]
  0x000001eec9448960 JavaThread "Cache worker for file hash cache (C:\Users\Mr Robot\.gradle\caches\8.0\fileHashes)" [_thread_blocked, id=4012, stack(0x00000051bba00000,0x00000051bbb00000)]
  0x000001eec9447fc0 JavaThread "File watcher server" daemon [_thread_blocked, id=8124, stack(0x00000051bbb00000,0x00000051bbc00000)]
  0x000001eec9447620 JavaThread "File watcher consumer" daemon [_thread_blocked, id=8824, stack(0x00000051bbc00000,0x00000051bbd00000)]
  0x000001eec9444fa0 JavaThread "Cache worker for checksums cache (C:\Users\Mr Robot\AndroidStudioProjects\SahiwalHealthCare3\.gradle\8.0\checksums)" [_thread_blocked, id=8768, stack(0x00000051bbd00000,0x00000051bbe00000)]
  0x000001eec94462e0 JavaThread "Cache worker for cache directory md-rule (C:\Users\Mr Robot\.gradle\caches\8.0\md-rule)" [_thread_blocked, id=11896, stack(0x00000051bbe00000,0x00000051bbf00000)]
  0x000001eec9445940 JavaThread "Cache worker for file content cache (C:\Users\Mr Robot\.gradle\caches\8.0\fileContent)" [_thread_blocked, id=1780, stack(0x00000051bbf00000,0x00000051bc000000)]
  0x000001eec94467b0 JavaThread "Cache worker for file hash cache (C:\Users\Mr Robot\AndroidStudioProjects\SahiwalHealthCare3\.gradle\8.0\fileHashes)" [_thread_blocked, id=2088, stack(0x00000051bc100000,0x00000051bc200000)]
  0x000001eec9446c80 JavaThread "Cache worker for cache directory md-supplier (C:\Users\Mr Robot\.gradle\caches\8.0\md-supplier)" [_thread_blocked, id=2688, stack(0x00000051bc200000,0x00000051bc300000)]
  0x000001eec9447150 JavaThread "Cache worker for execution history cache (C:\Users\Mr Robot\.gradle\caches\8.0\executionHistory)" [_thread_blocked, id=10332, stack(0x00000051bc300000,0x00000051bc400000)]
  0x000001eec6f85230 JavaThread "jar transforms" [_thread_blocked, id=5820, stack(0x00000051bc400000,0x00000051bc500000)]
  0x000001eec6f83a20 JavaThread "jar transforms Thread 2" [_thread_blocked, id=9852, stack(0x00000051bc500000,0x00000051bc600000)]
  0x000001eec6f80060 JavaThread "jar transforms Thread 3" [_thread_blocked, id=4244, stack(0x00000051bc700000,0x00000051bc800000)]
  0x000001eec6f83ef0 JavaThread "jar transforms Thread 4" [_thread_blocked, id=5796, stack(0x00000051bc800000,0x00000051bc900000)]
  0x000001eec6f84d60 JavaThread "Cache worker for dependencies-accessors (C:\Users\Mr Robot\AndroidStudioProjects\SahiwalHealthCare3\.gradle\8.0\dependencies-accessors)" [_thread_blocked, id=8372, stack(0x00000051bc900000,0x00000051bca00000)]
  0x000001eec6f85700 JavaThread "Cache worker for Build Output Cleanup Cache (C:\Users\Mr Robot\AndroidStudioProjects\SahiwalHealthCare3\.gradle\buildOutputCleanup)" [_thread_blocked, id=11080, stack(0x00000051bca00000,0x00000051bcb00000)]
  0x000001eec6f82bb0 JavaThread "Unconstrained build operations" [_thread_blocked, id=10764, stack(0x00000051bcb00000,0x00000051bcc00000)]
  0x000001eec6f83080 JavaThread "Unconstrained build operations Thread 2" [_thread_blocked, id=3556, stack(0x00000051bcc00000,0x00000051bcd00000)]
  0x000001eec6f860a0 JavaThread "Unconstrained build operations Thread 3" [_thread_blocked, id=5916, stack(0x00000051bcd00000,0x00000051bce00000)]
  0x000001eec6f80a00 JavaThread "Unconstrained build operations Thread 4" [_thread_blocked, id=8696, stack(0x00000051bce00000,0x00000051bcf00000)]
  0x000001eec6f86570 JavaThread "Unconstrained build operations Thread 5" [_thread_blocked, id=10384, stack(0x00000051bcf00000,0x00000051bd000000)]
  0x000001eec6f86a40 JavaThread "Unconstrained build operations Thread 6" [_thread_blocked, id=11448, stack(0x00000051bd000000,0x00000051bd100000)]
  0x000001eec6f86f10 JavaThread "Unconstrained build operations Thread 7" [_thread_blocked, id=5844, stack(0x00000051bd100000,0x00000051bd200000)]
  0x000001eec6f878b0 JavaThread "Unconstrained build operations Thread 8" [_thread_blocked, id=11012, stack(0x00000051bd200000,0x00000051bd300000)]
  0x000001eec6f873e0 JavaThread "Unconstrained build operations Thread 9" [_thread_blocked, id=9372, stack(0x00000051bd300000,0x00000051bd400000)]
  0x000001eec6f80ed0 JavaThread "Unconstrained build operations Thread 10" [_thread_blocked, id=8720, stack(0x00000051bd400000,0x00000051bd500000)]
  0x000001eec6f813a0 JavaThread "Unconstrained build operations Thread 11" [_thread_blocked, id=5276, stack(0x00000051bd500000,0x00000051bd600000)]
  0x000001eec6f81870 JavaThread "Unconstrained build operations Thread 12" [_thread_blocked, id=1252, stack(0x00000051bd600000,0x00000051bd700000)]
  0x000001eec6f81d40 JavaThread "Unconstrained build operations Thread 13" [_thread_blocked, id=11528, stack(0x00000051bd700000,0x00000051bd800000)]
  0x000001eec6f82210 JavaThread "Unconstrained build operations Thread 14" [_thread_blocked, id=8352, stack(0x00000051bd800000,0x00000051bd900000)]
  0x000001eec6f826e0 JavaThread "Unconstrained build operations Thread 15" [_thread_blocked, id=7056, stack(0x00000051bd900000,0x00000051bda00000)]
  0x000001eec7daa570 JavaThread "Unconstrained build operations Thread 16" [_thread_blocked, id=10008, stack(0x00000051bda00000,0x00000051bdb00000)]
  0x000001eec7da9bd0 JavaThread "Unconstrained build operations Thread 17" [_thread_blocked, id=8504, stack(0x00000051bdb00000,0x00000051bdc00000)]
  0x000001eec7da7ef0 JavaThread "Unconstrained build operations Thread 18" [_thread_blocked, id=9312, stack(0x00000051bdc00000,0x00000051bdd00000)]
  0x000001eec7dab3e0 JavaThread "Unconstrained build operations Thread 19" [_thread_blocked, id=9332, stack(0x00000051bdd00000,0x00000051bde00000)]
  0x000001eec7dada60 JavaThread "Unconstrained build operations Thread 20" [_thread_blocked, id=9740, stack(0x00000051bde00000,0x00000051bdf00000)]
  0x000001eec7dad0c0 JavaThread "Unconstrained build operations Thread 21" [_thread_blocked, id=1000, stack(0x00000051bdf00000,0x00000051be000000)]
  0x000001eec7da83c0 JavaThread "Unconstrained build operations Thread 22" [_thread_blocked, id=11748, stack(0x00000051be000000,0x00000051be100000)]
  0x000001eec7dae8d0 JavaThread "Unconstrained build operations Thread 23" [_thread_blocked, id=9028, stack(0x00000051be100000,0x00000051be200000)]
  0x000001eec7dae400 JavaThread "Unconstrained build operations Thread 24" [_thread_blocked, id=11868, stack(0x00000051be200000,0x00000051be300000)]
  0x000001eec7da9700 JavaThread "Unconstrained build operations Thread 25" [_thread_blocked, id=10768, stack(0x00000051be300000,0x00000051be400000)]
  0x000001eec7da7080 JavaThread "Unconstrained build operations Thread 26" [_thread_blocked, id=11472, stack(0x00000051be400000,0x00000051be500000)]
  0x000001eec7dacbf0 JavaThread "Unconstrained build operations Thread 27" [_thread_blocked, id=1864, stack(0x00000051be500000,0x00000051be600000)]
  0x000001eec7daaf10 JavaThread "Unconstrained build operations Thread 28" [_thread_blocked, id=11496, stack(0x00000051be600000,0x00000051be700000)]
  0x000001eec7da8d60 JavaThread "Unconstrained build operations Thread 29" [_thread_blocked, id=3756, stack(0x00000051be700000,0x00000051be800000)]
  0x000001eec7dac720 JavaThread "Unconstrained build operations Thread 30" [_thread_blocked, id=4344, stack(0x00000051be800000,0x00000051be900000)]
  0x000001eec7da9230 JavaThread "Unconstrained build operations Thread 31" [_thread_blocked, id=5672, stack(0x00000051be900000,0x00000051bea00000)]
  0x000001eec7dad590 JavaThread "Unconstrained build operations Thread 32" [_thread_blocked, id=7816, stack(0x00000051bea00000,0x00000051beb00000)]
  0x000001eec7daa0a0 JavaThread "Unconstrained build operations Thread 33" [_thread_blocked, id=2488, stack(0x00000051beb00000,0x00000051bec00000)]
  0x000001eec7daaa40 JavaThread "Unconstrained build operations Thread 34" [_thread_blocked, id=4160, stack(0x00000051bec00000,0x00000051bed00000)]
  0x000001eec7dadf30 JavaThread "Unconstrained build operations Thread 35" [_thread_blocked, id=6772, stack(0x00000051bed00000,0x00000051bee00000)]
  0x000001eec7da7550 JavaThread "Unconstrained build operations Thread 36" [_thread_blocked, id=9144, stack(0x00000051bee00000,0x00000051bef00000)]
  0x000001eec7da7a20 JavaThread "Unconstrained build operations Thread 37" [_thread_blocked, id=4904, stack(0x00000051bef00000,0x00000051bf000000)]
  0x000001eec7da8890 JavaThread "Unconstrained build operations Thread 38" [_thread_blocked, id=8364, stack(0x00000051bf000000,0x00000051bf100000)]
  0x000001eec7dab8b0 JavaThread "Unconstrained build operations Thread 39" [_thread_blocked, id=9120, stack(0x00000051bf100000,0x00000051bf200000)]
  0x000001eec7dabd80 JavaThread "Unconstrained build operations Thread 40" [_thread_blocked, id=1760, stack(0x00000051bf200000,0x00000051bf300000)]
  0x000001eec6c0eb10 JavaThread "build event listener" [_thread_blocked, id=11348, stack(0x00000051bc000000,0x00000051bc100000)]
  0x000001eeccd06e50 JavaThread "C2 CompilerThread1" daemon [_thread_blocked, id=6536, stack(0x00000051bf300000,0x00000051bf400000)]
  0x000001eeccbfd300 JavaThread "Memory manager" [_thread_blocked, id=8600, stack(0x00000051bf400000,0x00000051bf500000)]
  0x000001eeccbf9470 JavaThread "pool-3-thread-1" [_thread_blocked, id=11524, stack(0x00000051bf500000,0x00000051bf600000)]
  0x000001eeccbf9e10 JavaThread "build event listener" [_thread_blocked, id=6876, stack(0x00000051bf600000,0x00000051bf700000)]
  0x000001eeccbfbfc0 JavaThread "included builds" [_thread_blocked, id=8356, stack(0x00000051bf700000,0x00000051bf800000)]
  0x000001eeccbfb620 JavaThread "Execution worker" [_thread_blocked, id=3656, stack(0x00000051bf800000,0x00000051bf900000)]
  0x000001eeccc00320 JavaThread "Execution worker Thread 2" [_thread_blocked, id=9888, stack(0x00000051bf900000,0x00000051bfa00000)]
  0x000001eeccbf8ad0 JavaThread "Execution worker Thread 3" [_thread_blocked, id=724, stack(0x00000051bfa00000,0x00000051bfb00000)]
  0x000001eeccbfdca0 JavaThread "Cache worker for execution history cache (C:\Users\Mr Robot\AndroidStudioProjects\SahiwalHealthCare3\.gradle\8.0\executionHistory)" [_thread_blocked, id=10312, stack(0x00000051bfb00000,0x00000051bfc00000)]

Other Threads:
=>0x000001eec6058ca0 VMThread "VM Thread" [stack: 0x00000051b9d00000,0x00000051b9e00000] [id=11984]
  0x000001eec6d944c0 WatcherThread [stack: 0x00000051baa00000,0x00000051bab00000] [id=2320]
  0x000001eeacae6a70 GCTaskThread "GC Thread#0" [stack: 0x00000051b9800000,0x00000051b9900000] [id=8652]
  0x000001eec7748700 GCTaskThread "GC Thread#1" [stack: 0x00000051bac00000,0x00000051bad00000] [id=4368]
  0x000001eec72089c0 GCTaskThread "GC Thread#2" [stack: 0x00000051bad00000,0x00000051bae00000] [id=556]
  0x000001eec7c3d030 GCTaskThread "GC Thread#3" [stack: 0x00000051bae00000,0x00000051baf00000] [id=11908]
  0x000001eeacaf78c0 ConcurrentGCThread "G1 Main Marker" [stack: 0x00000051b9900000,0x00000051b9a00000] [id=9084]
  0x000001eeacaf81e0 ConcurrentGCThread "G1 Conc#0" [stack: 0x00000051b9a00000,0x00000051b9b00000] [id=232]
  0x000001eeacb5d230 ConcurrentGCThread "G1 Refine#0" [stack: 0x00000051b9b00000,0x00000051b9c00000] [id=916]
  0x000001eec7356c00 ConcurrentGCThread "G1 Refine#1" [stack: 0x00000051bc600000,0x00000051bc700000] [id=6272]
  0x000001eeacb5eb70 ConcurrentGCThread "G1 Service" [stack: 0x00000051b9c00000,0x00000051b9d00000] [id=6688]

Threads with active compile tasks:
C2 CompilerThread0    18349 10692       4       org.gradle.internal.snapshot.ChildMapFactory::childMapFromSorted (84 bytes)
C2 CompilerThread1    18349 10690   !   4       java.util.concurrent.ConcurrentHashMap::putVal (432 bytes)

VM state: at safepoint (normal execution)

VM Mutex/Monitor currently owned by a thread:  ([mutex/lock_event])
[0x000001eeaca83ad0] Threads_lock - owner thread: 0x000001eec6058ca0
[0x000001eeaca834a0] Heap_lock - owner thread: 0x000001eec7da9700

Heap address: 0x0000000080000000, size: 2048 MB, Compressed Oops mode: 32-bit

CDS archive(s) not mapped
Compressed class space mapped at: 0x0000000100000000-0x0000000140000000, reserved size: 1073741824
Narrow klass base: 0x0000000000000000, Narrow klass shift: 3, Narrow klass range: 0x140000000

GC Precious Log:
 CPUs: 4 total, 4 available
 Memory: 8084M
 Large Page Support: Disabled
 NUMA Support: Disabled
 Compressed Oops: Enabled (32-bit)
 Heap Region Size: 1M
 Heap Min Capacity: 8M
 Heap Initial Capacity: 128M
 Heap Max Capacity: 2G
 Pre-touch: Disabled
 Parallel Workers: 4
 Concurrent Workers: 1
 Concurrent Refinement Workers: 4
 Periodic GC: Disabled

Heap:
 garbage-first heap   total 153600K, used 88780K [0x0000000080000000, 0x0000000100000000)
  region size 1024K, 3 young (3072K), 3 survivors (3072K)
 Metaspace       used 88604K, committed 89280K, reserved 1130496K
  class space    used 11994K, committed 12288K, reserved 1048576K

Heap Regions: E=young(eden), S=young(survivor), O=old, HS=humongous(starts), HC=humongous(continues), CS=collection set, F=free, OA=open archive, CA=closed archive, TAMS=top-at-mark-start (previous, next)
|   0|0x0000000080000000, 0x0000000080100000, 0x0000000080100000|100%| O|  |TAMS 0x0000000080100000, 0x0000000080100000| Untracked 
|   1|0x0000000080100000, 0x0000000080200000, 0x0000000080200000|100%| O|  |TAMS 0x0000000080200000, 0x0000000080200000| Untracked 
|   2|0x0000000080200000, 0x0000000080300000, 0x0000000080300000|100%|HS|  |TAMS 0x0000000080300000, 0x0000000080300000| Complete 
|   3|0x0000000080300000, 0x0000000080400000, 0x0000000080400000|100%|HC|  |TAMS 0x0000000080400000, 0x0000000080400000| Complete 
|   4|0x0000000080400000, 0x0000000080500000, 0x0000000080500000|100%|HC|  |TAMS 0x0000000080500000, 0x0000000080500000| Complete 
|   5|0x0000000080500000, 0x0000000080600000, 0x0000000080600000|100%|HC|  |TAMS 0x0000000080600000, 0x0000000080600000| Complete 
|   6|0x0000000080600000, 0x0000000080700000, 0x0000000080700000|100%| O|  |TAMS 0x0000000080700000, 0x0000000080700000| Untracked 
|   7|0x0000000080700000, 0x0000000080800000, 0x0000000080800000|100%| O|  |TAMS 0x0000000080800000, 0x0000000080800000| Untracked 
|   8|0x0000000080800000, 0x0000000080900000, 0x0000000080900000|100%| O|  |TAMS 0x0000000080900000, 0x0000000080900000| Untracked 
|   9|0x0000000080900000, 0x0000000080a00000, 0x0000000080a00000|100%| O|  |TAMS 0x0000000080a00000, 0x0000000080a00000| Untracked 
|  10|0x0000000080a00000, 0x0000000080b00000, 0x0000000080b00000|100%| O|  |TAMS 0x0000000080b00000, 0x0000000080b00000| Untracked 
|  11|0x0000000080b00000, 0x0000000080c00000, 0x0000000080c00000|100%| O|  |TAMS 0x0000000080b00000, 0x0000000080c00000| Untracked 
|  12|0x0000000080c00000, 0x0000000080d00000, 0x0000000080d00000|100%| O|  |TAMS 0x0000000080d00000, 0x0000000080d00000| Untracked 
|  13|0x0000000080d00000, 0x0000000080e00000, 0x0000000080e00000|100%| O|  |TAMS 0x0000000080e00000, 0x0000000080e00000| Untracked 
|  14|0x0000000080e00000, 0x0000000080f00000, 0x0000000080f00000|100%| O|  |TAMS 0x0000000080f00000, 0x0000000080f00000| Untracked 
|  15|0x0000000080f00000, 0x0000000081000000, 0x0000000081000000|100%| O|  |TAMS 0x0000000081000000, 0x0000000081000000| Untracked 
|  16|0x0000000081000000, 0x0000000081100000, 0x0000000081100000|100%| O|  |TAMS 0x0000000081100000, 0x0000000081100000| Untracked 
|  17|0x0000000081100000, 0x0000000081200000, 0x0000000081200000|100%| O|  |TAMS 0x0000000081200000, 0x0000000081200000| Untracked 
|  18|0x0000000081200000, 0x0000000081300000, 0x0000000081300000|100%| O|  |TAMS 0x0000000081300000, 0x0000000081300000| Untracked 
|  19|0x0000000081300000, 0x0000000081400000, 0x0000000081400000|100%| O|  |TAMS 0x0000000081400000, 0x0000000081400000| Untracked 
|  20|0x0000000081400000, 0x0000000081500000, 0x0000000081500000|100%| O|  |TAMS 0x0000000081500000, 0x0000000081500000| Untracked 
|  21|0x0000000081500000, 0x0000000081600000, 0x0000000081600000|100%| O|  |TAMS 0x0000000081600000, 0x0000000081600000| Untracked 
|  22|0x0000000081600000, 0x0000000081700000, 0x0000000081700000|100%| O|  |TAMS 0x0000000081700000, 0x0000000081700000| Untracked 
|  23|0x0000000081700000, 0x0000000081800000, 0x0000000081800000|100%| O|  |TAMS 0x0000000081800000, 0x0000000081800000| Untracked 
|  24|0x0000000081800000, 0x0000000081900000, 0x0000000081900000|100%| O|  |TAMS 0x0000000081900000, 0x0000000081900000| Untracked 
|  25|0x0000000081900000, 0x0000000081a00000, 0x0000000081a00000|100%| O|  |TAMS 0x0000000081a00000, 0x0000000081a00000| Untracked 
|  26|0x0000000081a00000, 0x0000000081b00000, 0x0000000081b00000|100%| O|  |TAMS 0x0000000081b00000, 0x0000000081b00000| Untracked 
|  27|0x0000000081b00000, 0x0000000081c00000, 0x0000000081c00000|100%| O|  |TAMS 0x0000000081c00000, 0x0000000081c00000| Untracked 
|  28|0x0000000081c00000, 0x0000000081d00000, 0x0000000081d00000|100%| O|  |TAMS 0x0000000081d00000, 0x0000000081d00000| Untracked 
|  29|0x0000000081d00000, 0x0000000081e00000, 0x0000000081e00000|100%| O|  |TAMS 0x0000000081e00000, 0x0000000081e00000| Untracked 
|  30|0x0000000081e00000, 0x0000000081f00000, 0x0000000081f00000|100%| O|  |TAMS 0x0000000081f00000, 0x0000000081f00000| Untracked 
|  31|0x0000000081f00000, 0x0000000082000000, 0x0000000082000000|100%| O|  |TAMS 0x0000000082000000, 0x0000000082000000| Untracked 
|  32|0x0000000082000000, 0x0000000082100000, 0x0000000082100000|100%| O|  |TAMS 0x0000000082100000, 0x0000000082100000| Untracked 
|  33|0x0000000082100000, 0x0000000082200000, 0x0000000082200000|100%| O|  |TAMS 0x0000000082200000, 0x0000000082200000| Untracked 
|  34|0x0000000082200000, 0x0000000082300000, 0x0000000082300000|100%| O|  |TAMS 0x0000000082300000, 0x0000000082300000| Untracked 
|  35|0x0000000082300000, 0x0000000082400000, 0x0000000082400000|100%|HS|  |TAMS 0x0000000082400000, 0x0000000082400000| Complete 
|  36|0x0000000082400000, 0x0000000082500000, 0x0000000082500000|100%|HS|  |TAMS 0x0000000082500000, 0x0000000082500000| Complete 
|  37|0x0000000082500000, 0x0000000082600000, 0x0000000082600000|100%| O|  |TAMS 0x0000000082600000, 0x0000000082600000| Untracked 
|  38|0x0000000082600000, 0x0000000082600000, 0x0000000082700000|  0%| F|  |TAMS 0x0000000082600000, 0x0000000082600000| Untracked 
|  39|0x0000000082700000, 0x0000000082800000, 0x0000000082800000|100%| O|  |TAMS 0x0000000082800000, 0x0000000082800000| Untracked 
|  40|0x0000000082800000, 0x0000000082900000, 0x0000000082900000|100%| O|  |TAMS 0x0000000082900000, 0x0000000082900000| Untracked 
|  41|0x0000000082900000, 0x0000000082a00000, 0x0000000082a00000|100%| O|  |TAMS 0x0000000082a00000, 0x0000000082a00000| Untracked 
|  42|0x0000000082a00000, 0x0000000082b00000, 0x0000000082b00000|100%| O|  |TAMS 0x0000000082b00000, 0x0000000082b00000| Untracked 
|  43|0x0000000082b00000, 0x0000000082c00000, 0x0000000082c00000|100%| O|  |TAMS 0x0000000082c00000, 0x0000000082c00000| Untracked 
|  44|0x0000000082c00000, 0x0000000082d00000, 0x0000000082d00000|100%| O|  |TAMS 0x0000000082d00000, 0x0000000082d00000| Untracked 
|  45|0x0000000082d00000, 0x0000000082e00000, 0x0000000082e00000|100%| O|  |TAMS 0x0000000082e00000, 0x0000000082e00000| Untracked 
|  46|0x0000000082e00000, 0x0000000082f00000, 0x0000000082f00000|100%| O|  |TAMS 0x0000000082f00000, 0x0000000082f00000| Untracked 
|  47|0x0000000082f00000, 0x0000000083000000, 0x0000000083000000|100%| O|  |TAMS 0x0000000083000000, 0x0000000083000000| Untracked 
|  48|0x0000000083000000, 0x0000000083100000, 0x0000000083100000|100%| O|  |TAMS 0x0000000083100000, 0x0000000083100000| Untracked 
|  49|0x0000000083100000, 0x0000000083200000, 0x0000000083200000|100%| O|  |TAMS 0x0000000083200000, 0x0000000083200000| Untracked 
|  50|0x0000000083200000, 0x0000000083300000, 0x0000000083300000|100%| O|  |TAMS 0x0000000083300000, 0x0000000083300000| Untracked 
|  51|0x0000000083300000, 0x0000000083400000, 0x0000000083400000|100%| O|  |TAMS 0x0000000083400000, 0x0000000083400000| Untracked 
|  52|0x0000000083400000, 0x0000000083500000, 0x0000000083500000|100%| O|  |TAMS 0x0000000083500000, 0x0000000083500000| Untracked 
|  53|0x0000000083500000, 0x0000000083600000, 0x0000000083600000|100%| O|  |TAMS 0x0000000083600000, 0x0000000083600000| Untracked 
|  54|0x0000000083600000, 0x0000000083700000, 0x0000000083700000|100%| O|  |TAMS 0x0000000083700000, 0x0000000083700000| Untracked 
|  55|0x0000000083700000, 0x0000000083800000, 0x0000000083800000|100%| O|  |TAMS 0x0000000083800000, 0x0000000083800000| Untracked 
|  56|0x0000000083800000, 0x0000000083900000, 0x0000000083900000|100%| O|  |TAMS 0x0000000083900000, 0x0000000083900000| Untracked 
|  57|0x0000000083900000, 0x0000000083a00000, 0x0000000083a00000|100%| O|  |TAMS 0x0000000083a00000, 0x0000000083a00000| Untracked 
|  58|0x0000000083a00000, 0x0000000083b00000, 0x0000000083b00000|100%| O|  |TAMS 0x0000000083b00000, 0x0000000083b00000| Untracked 
|  59|0x0000000083b00000, 0x0000000083c00000, 0x0000000083c00000|100%| O|  |TAMS 0x0000000083c00000, 0x0000000083c00000| Untracked 
|  60|0x0000000083c00000, 0x0000000083d00000, 0x0000000083d00000|100%| O|  |TAMS 0x0000000083d00000, 0x0000000083d00000| Untracked 
|  61|0x0000000083d00000, 0x0000000083e00000, 0x0000000083e00000|100%| O|  |TAMS 0x0000000083e00000, 0x0000000083e00000| Untracked 
|  62|0x0000000083e00000, 0x0000000083f00000, 0x0000000083f00000|100%| O|  |TAMS 0x0000000083f00000, 0x0000000083f00000| Untracked 
|  63|0x0000000083f00000, 0x0000000084000000, 0x0000000084000000|100%| O|  |TAMS 0x0000000084000000, 0x0000000084000000| Untracked 
|  64|0x0000000084000000, 0x0000000084100000, 0x0000000084100000|100%| O|  |TAMS 0x0000000084100000, 0x0000000084100000| Untracked 
|  65|0x0000000084100000, 0x0000000084200000, 0x0000000084200000|100%| O|  |TAMS 0x0000000084200000, 0x0000000084200000| Untracked 
|  66|0x0000000084200000, 0x0000000084300000, 0x0000000084300000|100%| O|  |TAMS 0x0000000084300000, 0x0000000084300000| Untracked 
|  67|0x0000000084300000, 0x0000000084400000, 0x0000000084400000|100%| O|  |TAMS 0x0000000084400000, 0x0000000084400000| Untracked 
|  68|0x0000000084400000, 0x0000000084500000, 0x0000000084500000|100%| O|  |TAMS 0x0000000084500000, 0x0000000084500000| Untracked 
|  69|0x0000000084500000, 0x0000000084600000, 0x0000000084600000|100%| O|  |TAMS 0x0000000084600000, 0x0000000084600000| Untracked 
|  70|0x0000000084600000, 0x0000000084700000, 0x0000000084700000|100%| O|  |TAMS 0x0000000084700000, 0x0000000084700000| Untracked 
|  71|0x0000000084700000, 0x0000000084800000, 0x0000000084800000|100%| O|  |TAMS 0x0000000084800000, 0x0000000084800000| Untracked 
|  72|0x0000000084800000, 0x0000000084900000, 0x0000000084900000|100%| O|  |TAMS 0x00000000848e9200, 0x0000000084900000| Untracked 
|  73|0x0000000084900000, 0x0000000084a00000, 0x0000000084a00000|100%| O|  |TAMS 0x0000000084900000, 0x0000000084a00000| Untracked 
|  74|0x0000000084a00000, 0x0000000084b00000, 0x0000000084b00000|100%| O|  |TAMS 0x0000000084a00000, 0x0000000084b00000| Untracked 
|  75|0x0000000084b00000, 0x0000000084c00000, 0x0000000084c00000|100%| O|  |TAMS 0x0000000084b00000, 0x0000000084c00000| Untracked 
|  76|0x0000000084c00000, 0x0000000084d00000, 0x0000000084d00000|100%| O|  |TAMS 0x0000000084c00000, 0x0000000084d00000| Untracked 
|  77|0x0000000084d00000, 0x0000000084e00000, 0x0000000084e00000|100%| O|  |TAMS 0x0000000084d00000, 0x0000000084e00000| Untracked 
|  78|0x0000000084e00000, 0x0000000084f00000, 0x0000000084f00000|100%| O|  |TAMS 0x0000000084e00000, 0x0000000084f00000| Untracked 
|  79|0x0000000084f00000, 0x0000000085000000, 0x0000000085000000|100%| O|  |TAMS 0x0000000084f00000, 0x0000000085000000| Untracked 
|  80|0x0000000085000000, 0x0000000085100000, 0x0000000085100000|100%| O|  |TAMS 0x0000000085000000, 0x0000000085100000| Untracked 
|  81|0x0000000085100000, 0x0000000085200000, 0x0000000085200000|100%| O|  |TAMS 0x0000000085100000, 0x0000000085200000| Untracked 
|  82|0x0000000085200000, 0x0000000085300000, 0x0000000085300000|100%| O|  |TAMS 0x0000000085200000, 0x0000000085300000| Untracked 
|  83|0x0000000085300000, 0x0000000085400000, 0x0000000085400000|100%| O|  |TAMS 0x0000000085300000, 0x0000000085400000| Untracked 
|  84|0x0000000085400000, 0x0000000085500000, 0x0000000085500000|100%| O|  |TAMS 0x0000000085400000, 0x0000000085500000| Untracked 
|  85|0x0000000085500000, 0x0000000085500000, 0x0000000085600000|  0%| F|  |TAMS 0x0000000085500000, 0x0000000085500000| Untracked 
|  86|0x0000000085600000, 0x0000000085600000, 0x0000000085700000|  0%| F|  |TAMS 0x0000000085600000, 0x0000000085600000| Untracked 
|  87|0x0000000085700000, 0x0000000085700000, 0x0000000085800000|  0%| F|  |TAMS 0x0000000085700000, 0x0000000085700000| Untracked 
|  88|0x0000000085800000, 0x0000000085800000, 0x0000000085900000|  0%| F|  |TAMS 0x0000000085800000, 0x0000000085800000| Untracked 
|  89|0x0000000085900000, 0x0000000085900000, 0x0000000085a00000|  0%| F|  |TAMS 0x0000000085900000, 0x0000000085900000| Untracked 
|  90|0x0000000085a00000, 0x0000000085a00000, 0x0000000085b00000|  0%| F|  |TAMS 0x0000000085a00000, 0x0000000085a00000| Untracked 
|  91|0x0000000085b00000, 0x0000000085b00000, 0x0000000085c00000|  0%| F|  |TAMS 0x0000000085b00000, 0x0000000085b00000| Untracked 
|  92|0x0000000085c00000, 0x0000000085c00000, 0x0000000085d00000|  0%| F|  |TAMS 0x0000000085c00000, 0x0000000085c00000| Untracked 
|  93|0x0000000085d00000, 0x0000000085d00000, 0x0000000085e00000|  0%| F|  |TAMS 0x0000000085d00000, 0x0000000085d00000| Untracked 
|  94|0x0000000085e00000, 0x0000000085e00000, 0x0000000085f00000|  0%| F|  |TAMS 0x0000000085e00000, 0x0000000085e00000| Untracked 
|  95|0x0000000085f00000, 0x0000000085f00000, 0x0000000086000000|  0%| F|  |TAMS 0x0000000085f00000, 0x0000000085f00000| Untracked 
|  96|0x0000000086000000, 0x0000000086000000, 0x0000000086100000|  0%| F|  |TAMS 0x0000000086000000, 0x0000000086000000| Untracked 
|  97|0x0000000086100000, 0x0000000086100000, 0x0000000086200000|  0%| F|  |TAMS 0x0000000086100000, 0x0000000086100000| Untracked 
|  98|0x0000000086200000, 0x0000000086200000, 0x0000000086300000|  0%| F|  |TAMS 0x0000000086200000, 0x0000000086200000| Untracked 
|  99|0x0000000086300000, 0x0000000086300000, 0x0000000086400000|  0%| F|  |TAMS 0x0000000086300000, 0x0000000086300000| Untracked 
| 100|0x0000000086400000, 0x0000000086400000, 0x0000000086500000|  0%| F|  |TAMS 0x0000000086400000, 0x0000000086400000| Untracked 
| 101|0x0000000086500000, 0x0000000086500000, 0x0000000086600000|  0%| F|  |TAMS 0x0000000086500000, 0x0000000086500000| Untracked 
| 102|0x0000000086600000, 0x0000000086600000, 0x0000000086700000|  0%| F|  |TAMS 0x0000000086600000, 0x0000000086600000| Untracked 
| 103|0x0000000086700000, 0x0000000086700000, 0x0000000086800000|  0%| F|  |TAMS 0x0000000086700000, 0x0000000086700000| Untracked 
| 104|0x0000000086800000, 0x0000000086800000, 0x0000000086900000|  0%| F|  |TAMS 0x0000000086800000, 0x0000000086800000| Untracked 
| 105|0x0000000086900000, 0x0000000086900000, 0x0000000086a00000|  0%| F|  |TAMS 0x0000000086900000, 0x0000000086900000| Untracked 
| 106|0x0000000086a00000, 0x0000000086a00000, 0x0000000086b00000|  0%| F|  |TAMS 0x0000000086a00000, 0x0000000086a00000| Untracked 
| 107|0x0000000086b00000, 0x0000000086b00000, 0x0000000086c00000|  0%| F|  |TAMS 0x0000000086b00000, 0x0000000086b00000| Untracked 
| 108|0x0000000086c00000, 0x0000000086c00000, 0x0000000086d00000|  0%| F|  |TAMS 0x0000000086c00000, 0x0000000086c00000| Untracked 
| 109|0x0000000086d00000, 0x0000000086db3310, 0x0000000086e00000| 69%| S|CS|TAMS 0x0000000086d00000, 0x0000000086d00000| Complete 
| 110|0x0000000086e00000, 0x0000000086f00000, 0x0000000086f00000|100%| S|CS|TAMS 0x0000000086e00000, 0x0000000086e00000| Complete 
| 111|0x0000000086f00000, 0x0000000087000000, 0x0000000087000000|100%| S|CS|TAMS 0x0000000086f00000, 0x0000000086f00000| Complete 
| 112|0x0000000087000000, 0x0000000087000000, 0x0000000087100000|  0%| F|  |TAMS 0x0000000087000000, 0x0000000087000000| Untracked 
| 113|0x0000000087100000, 0x0000000087100000, 0x0000000087200000|  0%| F|  |TAMS 0x0000000087100000, 0x0000000087100000| Untracked 
| 114|0x0000000087200000, 0x0000000087200000, 0x0000000087300000|  0%| F|  |TAMS 0x0000000087200000, 0x0000000087200000| Untracked 
| 115|0x0000000087300000, 0x0000000087300000, 0x0000000087400000|  0%| F|  |TAMS 0x0000000087300000, 0x0000000087300000| Untracked 
| 116|0x0000000087400000, 0x0000000087400000, 0x0000000087500000|  0%| F|  |TAMS 0x0000000087400000, 0x0000000087400000| Untracked 
| 117|0x0000000087500000, 0x0000000087500000, 0x0000000087600000|  0%| F|  |TAMS 0x0000000087500000, 0x0000000087500000| Untracked 
| 118|0x0000000087600000, 0x0000000087600000, 0x0000000087700000|  0%| F|  |TAMS 0x0000000087600000, 0x0000000087600000| Untracked 
| 119|0x0000000087700000, 0x0000000087700000, 0x0000000087800000|  0%| F|  |TAMS 0x0000000087700000, 0x0000000087700000| Untracked 
| 120|0x0000000087800000, 0x0000000087800000, 0x0000000087900000|  0%| F|  |TAMS 0x0000000087800000, 0x0000000087800000| Untracked 
| 121|0x0000000087900000, 0x0000000087900000, 0x0000000087a00000|  0%| F|  |TAMS 0x0000000087900000, 0x0000000087900000| Untracked 
| 122|0x0000000087a00000, 0x0000000087a00000, 0x0000000087b00000|  0%| F|  |TAMS 0x0000000087a00000, 0x0000000087a00000| Untracked 
| 123|0x0000000087b00000, 0x0000000087b00000, 0x0000000087c00000|  0%| F|  |TAMS 0x0000000087b00000, 0x0000000087b00000| Untracked 
| 124|0x0000000087c00000, 0x0000000087c00000, 0x0000000087d00000|  0%| F|  |TAMS 0x0000000087c00000, 0x0000000087c00000| Untracked 
| 125|0x0000000087d00000, 0x0000000087d00000, 0x0000000087e00000|  0%| F|  |TAMS 0x0000000087d00000, 0x0000000087d00000| Untracked 
| 126|0x0000000087e00000, 0x0000000087e00000, 0x0000000087f00000|  0%| F|  |TAMS 0x0000000087e00000, 0x0000000087e00000| Untracked 
| 127|0x0000000087f00000, 0x0000000087f00000, 0x0000000088000000|  0%| F|  |TAMS 0x0000000087f00000, 0x0000000087f00000| Untracked 
| 128|0x0000000088000000, 0x0000000088000000, 0x0000000088100000|  0%| F|  |TAMS 0x0000000088000000, 0x0000000088000000| Untracked 
| 129|0x0000000088100000, 0x0000000088100000, 0x0000000088200000|  0%| F|  |TAMS 0x0000000088100000, 0x0000000088100000| Untracked 
| 130|0x0000000088200000, 0x0000000088200000, 0x0000000088300000|  0%| F|  |TAMS 0x0000000088200000, 0x0000000088200000| Untracked 
| 131|0x0000000088300000, 0x0000000088300000, 0x0000000088400000|  0%| F|  |TAMS 0x0000000088300000, 0x0000000088300000| Untracked 
| 132|0x0000000088400000, 0x0000000088400000, 0x0000000088500000|  0%| F|  |TAMS 0x0000000088400000, 0x0000000088400000| Untracked 
| 133|0x0000000088500000, 0x0000000088500000, 0x0000000088600000|  0%| F|  |TAMS 0x0000000088500000, 0x0000000088500000| Untracked 
| 134|0x0000000088600000, 0x0000000088600000, 0x0000000088700000|  0%| F|  |TAMS 0x0000000088600000, 0x0000000088600000| Untracked 
| 135|0x0000000088700000, 0x0000000088700000, 0x0000000088800000|  0%| F|  |TAMS 0x0000000088700000, 0x0000000088700000| Untracked 
| 136|0x0000000088800000, 0x0000000088800000, 0x0000000088900000|  0%| F|  |TAMS 0x0000000088800000, 0x0000000088800000| Untracked 
| 137|0x0000000088900000, 0x0000000088900000, 0x0000000088a00000|  0%| F|  |TAMS 0x0000000088900000, 0x0000000088900000| Untracked 
| 138|0x0000000088a00000, 0x0000000088a00000, 0x0000000088b00000|  0%| F|  |TAMS 0x0000000088a00000, 0x0000000088a00000| Untracked 
| 139|0x0000000088b00000, 0x0000000088b00000, 0x0000000088c00000|  0%| F|  |TAMS 0x0000000088b00000, 0x0000000088b00000| Untracked 
| 140|0x0000000088c00000, 0x0000000088c00000, 0x0000000088d00000|  0%| F|  |TAMS 0x0000000088c00000, 0x0000000088c00000| Untracked 
| 141|0x0000000088d00000, 0x0000000088d00000, 0x0000000088e00000|  0%| F|  |TAMS 0x0000000088d00000, 0x0000000088d00000| Untracked 
| 142|0x0000000088e00000, 0x0000000088e00000, 0x0000000088f00000|  0%| F|  |TAMS 0x0000000088e00000, 0x0000000088e00000| Untracked 
| 143|0x0000000088f00000, 0x0000000088f00000, 0x0000000089000000|  0%| F|  |TAMS 0x0000000088f00000, 0x0000000088f00000| Untracked 
| 144|0x0000000089000000, 0x0000000089000000, 0x0000000089100000|  0%| F|  |TAMS 0x0000000089000000, 0x0000000089000000| Untracked 
| 145|0x0000000089100000, 0x0000000089100000, 0x0000000089200000|  0%| F|  |TAMS 0x0000000089100000, 0x0000000089100000| Untracked 
| 146|0x0000000089200000, 0x0000000089200000, 0x0000000089300000|  0%| F|  |TAMS 0x0000000089200000, 0x0000000089200000| Untracked 
| 147|0x0000000089300000, 0x0000000089300000, 0x0000000089400000|  0%| F|  |TAMS 0x0000000089300000, 0x0000000089300000| Untracked 
| 148|0x0000000089400000, 0x0000000089400000, 0x0000000089500000|  0%| F|  |TAMS 0x0000000089400000, 0x0000000089400000| Untracked 
| 149|0x0000000089500000, 0x0000000089500000, 0x0000000089600000|  0%| F|  |TAMS 0x0000000089500000, 0x0000000089500000| Untracked 

Card table byte_map: [0x000001eebf360000,0x000001eebf760000] _byte_map_base: 0x000001eebef60000

Marking Bits (Prev, Next): (CMBitMap*) 0x000001eeacae6fd0, (CMBitMap*) 0x000001eeacae6f90
 Prev Bits: [0x000001eec1b60000, 0x000001eec3b60000)
 Next Bits: [0x000001eebfb60000, 0x000001eec1b60000)

Polling page: 0x000001eeaa9c0000

Metaspace:

Usage:
  Non-class:     74.81 MB used.
      Class:     11.71 MB used.
       Both:     86.53 MB used.

Virtual space:
  Non-class space:       80.00 MB reserved,      75.19 MB ( 94%) committed,  10 nodes.
      Class space:        1.00 GB reserved,      12.00 MB (  1%) committed,  1 nodes.
             Both:        1.08 GB reserved,      87.19 MB (  8%) committed. 

Chunk freelists:
   Non-Class:  832.00 KB
       Class:  32.00 KB
        Both:  864.00 KB

MaxMetaspaceSize: unlimited
CompressedClassSpaceSize: 1.00 GB
Initial GC threshold: 21.00 MB
Current GC threshold: 143.38 MB
CDS: off
MetaspaceReclaimPolicy: balanced
 - commit_granule_bytes: 65536.
 - commit_granule_words: 8192.
 - virtual_space_node_default_size: 1048576.
 - enlarge_chunks_in_place: 1.
 - new_chunks_are_fully_committed: 0.
 - uncommit_free_chunks: 1.
 - use_allocation_guard: 0.
 - handle_deallocations: 1.


Internal statistics:

num_allocs_failed_limit: 6.
num_arena_births: 874.
num_arena_deaths: 0.
num_vsnodes_births: 11.
num_vsnodes_deaths: 0.
num_space_committed: 1395.
num_space_uncommitted: 0.
num_chunks_returned_to_freelist: 6.
num_chunks_taken_from_freelist: 4101.
num_chunk_merges: 6.
num_chunk_splits: 2682.
num_chunks_enlarged: 1769.
num_purges: 0.
num_inconsistent_stats: 0.

CodeHeap 'non-profiled nmethods': size=120000Kb used=5439Kb max_used=5760Kb free=114560Kb
 bounds [0x000001eeb7a30000, 0x000001eeb7fe0000, 0x000001eebef60000]
CodeHeap 'profiled nmethods': size=120000Kb used=17641Kb max_used=18787Kb free=102358Kb
 bounds [0x000001eeaff60000, 0x000001eeb11c0000, 0x000001eeb7490000]
CodeHeap 'non-nmethods': size=5760Kb used=2371Kb max_used=2469Kb free=3389Kb
 bounds [0x000001eeb7490000, 0x000001eeb7700000, 0x000001eeb7a30000]
 total_blobs=10045 nmethods=9144 adapters=813
 compilation: enabled
              stopped_count=0, restarted_count=0
 full_count=0

Compilation events (20 events):
Event: 18.294 Thread 0x000001eeccd06e50 nmethod 10680 0x000001eeb7d15b90 code [0x000001eeb7d15d20, 0x000001eeb7d15f98]
Event: 18.295 Thread 0x000001eec6c17b40 10687       3       org.gradle.execution.plan.DefaultFinalizedExecutionPlan::releaseLocks (36 bytes)
Event: 18.295 Thread 0x000001eec6c15680 nmethod 10681 0x000001eeb7d15710 code [0x000001eeb7d158a0, 0x000001eeb7d159b8]
Event: 18.295 Thread 0x000001eec6c17b40 nmethod 10687 0x000001eeb0a6ed10 code [0x000001eeb0a6ef00, 0x000001eeb0a6f4d8]
Event: 18.295 Thread 0x000001eec6c15680 10688       4       java.util.TimSort::countRunAndMakeAscending (128 bytes)
Event: 18.296 Thread 0x000001eec6c17b40 10689       3       org.gradle.internal.fingerprint.impl.DefaultCurrentFileCollectionFingerprint::<init> (53 bytes)
Event: 18.296 Thread 0x000001eec6c17b40 nmethod 10689 0x000001eeb0a6e310 code [0x000001eeb0a6e4e0, 0x000001eeb0a6eae8]
Event: 18.297 Thread 0x000001eeccd06e50 10690   !   4       java.util.concurrent.ConcurrentHashMap::putVal (432 bytes)
Event: 18.297 Thread 0x000001eec6c17b40 10691   !   3       org.gradle.internal.resources.AbstractTrackedResourceLock::unlock (78 bytes)
Event: 18.297 Thread 0x000001eec6c17b40 nmethod 10691 0x000001eeb0872d90 code [0x000001eeb0873020, 0x000001eeb0873cf8]
Event: 18.303 Thread 0x000001eec6c17b40 10694       1       org.gradle.internal.operations.DefaultBuildOperationQueue::access$1000 (5 bytes)
Event: 18.303 Thread 0x000001eec6c17b40 nmethod 10694 0x000001eeb7abe390 code [0x000001eeb7abe520, 0x000001eeb7abe5d8]
Event: 18.303 Thread 0x000001eec6c17b40 10695       3       org.gradle.internal.resources.AbstractResourceLockRegistry$ThreadLockDetails::access$102 (7 bytes)
Event: 18.303 Thread 0x000001eec6c17b40 nmethod 10695 0x000001eeb0964b10 code [0x000001eeb0964ca0, 0x000001eeb0964d98]
Event: 18.304 Thread 0x000001eec6c15680 nmethod 10688 0x000001eeb7fc3810 code [0x000001eeb7fc39a0, 0x000001eeb7fc4138]
Event: 18.304 Thread 0x000001eec6c15680 10692       4       org.gradle.internal.snapshot.ChildMapFactory::childMapFromSorted (84 bytes)
Event: 18.305 Thread 0x000001eec6c17b40 10697       3       org.gradle.internal.resources.DefaultLease::releaseLock (33 bytes)
Event: 18.305 Thread 0x000001eec6c17b40 nmethod 10697 0x000001eeb0872790 code [0x000001eeb0872940, 0x000001eeb0872c28]
Event: 18.305 Thread 0x000001eec6c17b40 10698       3       org.gradle.internal.resources.LeaseHolder::releaseLease (11 bytes)
Event: 18.305 Thread 0x000001eec6c17b40 nmethod 10698 0x000001eeb0966510 code [0x000001eeb09666a0, 0x000001eeb09667b8]

GC Heap History (20 events):
Event: 13.439 GC heap after
{Heap after GC invocations=34 (full 0):
 garbage-first heap   total 128000K, used 55635K [0x0000000080000000, 0x0000000100000000)
  region size 1024K, 6 young (6144K), 6 survivors (6144K)
 Metaspace       used 68837K, committed 69376K, reserved 1114112K
  class space    used 9048K, committed 9280K, reserved 1048576K
}
Event: 13.844 GC heap before
{Heap before GC invocations=34 (full 0):
 garbage-first heap   total 128000K, used 94547K [0x0000000080000000, 0x0000000100000000)
  region size 1024K, 44 young (45056K), 6 survivors (6144K)
 Metaspace       used 71659K, committed 72192K, reserved 1114112K
  class space    used 9483K, committed 9728K, reserved 1048576K
}
Event: 13.850 GC heap after
{Heap after GC invocations=35 (full 0):
 garbage-first heap   total 128000K, used 58751K [0x0000000080000000, 0x0000000100000000)
  region size 1024K, 6 young (6144K), 6 survivors (6144K)
 Metaspace       used 71659K, committed 72192K, reserved 1114112K
  class space    used 9483K, committed 9728K, reserved 1048576K
}
Event: 14.355 GC heap before
{Heap before GC invocations=35 (full 0):
 garbage-first heap   total 128000K, used 96639K [0x0000000080000000, 0x0000000100000000)
  region size 1024K, 43 young (44032K), 6 survivors (6144K)
 Metaspace       used 75075K, committed 75648K, reserved 1122304K
  class space    used 10095K, committed 10368K, reserved 1048576K
}
Event: 14.361 GC heap after
{Heap after GC invocations=36 (full 0):
 garbage-first heap   total 128000K, used 61323K [0x0000000080000000, 0x0000000100000000)
  region size 1024K, 6 young (6144K), 6 survivors (6144K)
 Metaspace       used 75075K, committed 75648K, reserved 1122304K
  class space    used 10095K, committed 10368K, reserved 1048576K
}
Event: 15.089 GC heap before
{Heap before GC invocations=36 (full 0):
 garbage-first heap   total 128000K, used 99211K [0x0000000080000000, 0x0000000100000000)
  region size 1024K, 43 young (44032K), 6 survivors (6144K)
 Metaspace       used 77013K, committed 77568K, reserved 1122304K
  class space    used 10387K, committed 10624K, reserved 1048576K
}
Event: 15.097 GC heap after
{Heap after GC invocations=37 (full 0):
 garbage-first heap   total 128000K, used 64511K [0x0000000080000000, 0x0000000100000000)
  region size 1024K, 6 young (6144K), 6 survivors (6144K)
 Metaspace       used 77013K, committed 77568K, reserved 1122304K
  class space    used 10387K, committed 10624K, reserved 1048576K
}
Event: 15.606 GC heap before
{Heap before GC invocations=37 (full 0):
 garbage-first heap   total 128000K, used 100351K [0x0000000080000000, 0x0000000100000000)
  region size 1024K, 41 young (41984K), 6 survivors (6144K)
 Metaspace       used 80820K, committed 81536K, reserved 1122304K
  class space    used 10992K, committed 11328K, reserved 1048576K
}
Event: 15.614 GC heap after
{Heap after GC invocations=38 (full 0):
 garbage-first heap   total 153600K, used 67480K [0x0000000080000000, 0x0000000100000000)
  region size 1024K, 3 young (3072K), 3 survivors (3072K)
 Metaspace       used 80820K, committed 81536K, reserved 1122304K
  class space    used 10992K, committed 11328K, reserved 1048576K
}
Event: 16.364 GC heap before
{Heap before GC invocations=39 (full 0):
 garbage-first heap   total 153600K, used 119704K [0x0000000080000000, 0x0000000100000000)
  region size 1024K, 54 young (55296K), 3 survivors (3072K)
 Metaspace       used 84062K, committed 84672K, reserved 1122304K
  class space    used 11410K, committed 11648K, reserved 1048576K
}
Event: 16.372 GC heap after
{Heap after GC invocations=40 (full 0):
 garbage-first heap   total 153600K, used 73634K [0x0000000080000000, 0x0000000100000000)
  region size 1024K, 7 young (7168K), 7 survivors (7168K)
 Metaspace       used 84062K, committed 84672K, reserved 1122304K
  class space    used 11410K, committed 11648K, reserved 1048576K
}
Event: 16.378 GC heap before
{Heap before GC invocations=40 (full 0):
 garbage-first heap   total 153600K, used 74658K [0x0000000080000000, 0x0000000100000000)
  region size 1024K, 8 young (8192K), 7 survivors (7168K)
 Metaspace       used 84063K, committed 84672K, reserved 1122304K
  class space    used 11410K, committed 11648K, reserved 1048576K
}
Event: 16.386 GC heap after
{Heap after GC invocations=41 (full 0):
 garbage-first heap   total 153600K, used 74660K [0x0000000080000000, 0x0000000100000000)
  region size 1024K, 1 young (1024K), 1 survivors (1024K)
 Metaspace       used 84063K, committed 84672K, reserved 1122304K
  class space    used 11410K, committed 11648K, reserved 1048576K
}
Event: 16.963 GC heap before
{Heap before GC invocations=41 (full 0):
 garbage-first heap   total 153600K, used 120740K [0x0000000080000000, 0x0000000100000000)
  region size 1024K, 47 young (48128K), 1 survivors (1024K)
 Metaspace       used 87236K, committed 87872K, reserved 1130496K
  class space    used 11829K, committed 12096K, reserved 1048576K
}
Event: 16.971 GC heap after
{Heap after GC invocations=42 (full 0):
 garbage-first heap   total 153600K, used 82229K [0x0000000080000000, 0x0000000100000000)
  region size 1024K, 6 young (6144K), 6 survivors (6144K)
 Metaspace       used 87236K, committed 87872K, reserved 1130496K
  class space    used 11829K, committed 12096K, reserved 1048576K
}
Event: 17.801 GC heap before
{Heap before GC invocations=43 (full 0):
 garbage-first heap   total 153600K, used 121141K [0x0000000080000000, 0x0000000100000000)
  region size 1024K, 45 young (46080K), 6 survivors (6144K)
 Metaspace       used 88166K, committed 88768K, reserved 1130496K
  class space    used 11971K, committed 12224K, reserved 1048576K
}
Event: 17.810 GC heap after
{Heap after GC invocations=44 (full 0):
 garbage-first heap   total 153600K, used 86572K [0x0000000080000000, 0x0000000100000000)
  region size 1024K, 4 young (4096K), 4 survivors (4096K)
 Metaspace       used 88166K, committed 88768K, reserved 1130496K
  class space    used 11971K, committed 12224K, reserved 1048576K
}
Event: 17.847 GC heap before
{Heap before GC invocations=44 (full 0):
 garbage-first heap   total 153600K, used 89644K [0x0000000080000000, 0x0000000100000000)
  region size 1024K, 7 young (7168K), 4 survivors (4096K)
 Metaspace       used 88199K, committed 88768K, reserved 1130496K
  class space    used 11971K, committed 12224K, reserved 1048576K
}
Event: 17.851 GC heap after
{Heap after GC invocations=45 (full 0):
 garbage-first heap   total 153600K, used 86771K [0x0000000080000000, 0x0000000100000000)
  region size 1024K, 1 young (1024K), 1 survivors (1024K)
 Metaspace       used 88199K, committed 88768K, reserved 1130496K
  class space    used 11971K, committed 12224K, reserved 1048576K
}
Event: 18.307 GC heap before
{Heap before GC invocations=45 (full 0):
 garbage-first heap   total 153600K, used 123635K [0x0000000080000000, 0x0000000100000000)
  region size 1024K, 38 young (38912K), 1 survivors (1024K)
 Metaspace       used 88604K, committed 89280K, reserved 1130496K
  class space    used 11994K, committed 12288K, reserved 1048576K
}

Dll operation events (2 events):
Event: 0.006 Loaded shared library C:\Program Files\Android\Android Studio\jbr\bin\java.dll
Event: 0.460 Loaded shared library C:\Program Files\Android\Android Studio\jbr\bin\verify.dll

Deoptimization events (20 events):
Event: 18.304 Thread 0x000001eec7dae400 Uncommon trap: trap_request=0xffffffd6 fr.pc=0x000001eeb7fc3fec relative=0x000000000000064c
Event: 18.304 Thread 0x000001eec7dae400 Uncommon trap: reason=array_check action=maybe_recompile pc=0x000001eeb7fc3fec method=java.util.TimSort.reverseRange([Ljava/lang/Object;II)V @ 20 c2
Event: 18.304 Thread 0x000001eec7dae400 DEOPT PACKING pc=0x000001eeb7fc3fec sp=0x00000051be2fc510
Event: 18.304 Thread 0x000001eec7dae400 DEOPT UNPACKING pc=0x000001eeb74e69a3 sp=0x00000051be2fc440 mode 2
Event: 18.305 Thread 0x000001eec7da8d60 Uncommon trap: trap_request=0xffffffd6 fr.pc=0x000001eeb7fc3fec relative=0x000000000000064c
Event: 18.305 Thread 0x000001eec7da8d60 Uncommon trap: reason=array_check action=maybe_recompile pc=0x000001eeb7fc3fec method=java.util.TimSort.reverseRange([Ljava/lang/Object;II)V @ 20 c2
Event: 18.305 Thread 0x000001eec7da8d60 DEOPT PACKING pc=0x000001eeb7fc3fec sp=0x00000051be7fc6d0
Event: 18.305 Thread 0x000001eec7da8d60 DEOPT UNPACKING pc=0x000001eeb74e69a3 sp=0x00000051be7fc600 mode 2
Event: 18.305 Thread 0x000001eec7da83c0 Uncommon trap: trap_request=0xffffffd6 fr.pc=0x000001eeb7fc3fec relative=0x000000000000064c
Event: 18.305 Thread 0x000001eec7da83c0 Uncommon trap: reason=array_check action=maybe_recompile pc=0x000001eeb7fc3fec method=java.util.TimSort.reverseRange([Ljava/lang/Object;II)V @ 20 c2
Event: 18.305 Thread 0x000001eec7da83c0 DEOPT PACKING pc=0x000001eeb7fc3fec sp=0x00000051be0fc8a0
Event: 18.305 Thread 0x000001eec7da83c0 DEOPT UNPACKING pc=0x000001eeb74e69a3 sp=0x00000051be0fc7d0 mode 2
Event: 18.306 Thread 0x000001eec7da9700 Uncommon trap: trap_request=0xffffffd6 fr.pc=0x000001eeb7fc3fec relative=0x000000000000064c
Event: 18.306 Thread 0x000001eec6f81870 Uncommon trap: trap_request=0xffffffd6 fr.pc=0x000001eeb7fc3fec relative=0x000000000000064c
Event: 18.306 Thread 0x000001eec7da9700 Uncommon trap: reason=array_check action=maybe_recompile pc=0x000001eeb7fc3fec method=java.util.TimSort.reverseRange([Ljava/lang/Object;II)V @ 20 c2
Event: 18.306 Thread 0x000001eec6f81870 Uncommon trap: reason=array_check action=maybe_recompile pc=0x000001eeb7fc3fec method=java.util.TimSort.reverseRange([Ljava/lang/Object;II)V @ 20 c2
Event: 18.306 Thread 0x000001eec7da9700 DEOPT PACKING pc=0x000001eeb7fc3fec sp=0x00000051be3fc450
Event: 18.306 Thread 0x000001eec6f81870 DEOPT PACKING pc=0x000001eeb7fc3fec sp=0x00000051bd6fc4b0
Event: 18.306 Thread 0x000001eec7da9700 DEOPT UNPACKING pc=0x000001eeb74e69a3 sp=0x00000051be3fc380 mode 2
Event: 18.306 Thread 0x000001eec6f81870 DEOPT UNPACKING pc=0x000001eeb74e69a3 sp=0x00000051bd6fc3e0 mode 2

Classes unloaded (0 events):
No events

Classes redefined (0 events):
No events

Internal exceptions (20 events):
Event: 16.902 Thread 0x000001eec9445e10 Exception <a 'java/lang/NoSuchMethodError'{0x0000000086906148}: static Lorg/gradle/internal/build/event/types/DefaultTaskFinishedProgressEvent;.<clinit>()V> (0x0000000086906148) 
thrown [s\src\hotspot\share\prims\jni.cpp, line 1108]
Event: 16.904 Thread 0x000001eec9445e10 Exception <a 'java/lang/NoSuchMethodError'{0x000000008691b198}: static Lorg/gradle/internal/build/event/types/DefaultTaskSuccessResult;.<clinit>()V> (0x000000008691b198) 
thrown [s\src\hotspot\share\prims\jni.cpp, line 1108]
Event: 16.904 Thread 0x000001eec9445e10 Exception <a 'java/lang/NoSuchMethodError'{0x000000008691c8a0}: static Lorg/gradle/internal/build/event/types/AbstractTaskResult;.<clinit>()V> (0x000000008691c8a0) 
thrown [s\src\hotspot\share\prims\jni.cpp, line 1108]
Event: 16.926 Thread 0x000001eeccbfbfc0 Exception <a 'sun/nio/fs/WindowsException'{0x0000000086a8eda0}> (0x0000000086a8eda0) 
thrown [s\src\hotspot\share\prims\jni.cpp, line 517]
Event: 16.930 Thread 0x000001eec6c0eb10 Exception <a 'java/lang/NoSuchMethodError'{0x0000000086af5b68}: static Lcom/android/buildanalyzer/common/AndroidGradlePluginAttributionData$BuildInfo;.<clinit>()V> (0x0000000086af5b68) 
thrown [s\src\hotspot\share\prims\jni.cpp, line 1108]
Event: 16.933 Thread 0x000001eec6c0eb10 Exception <a 'java/lang/NoSuchMethodError'{0x000000008680e978}: static Lcom/android/buildanalyzer/common/AndroidGradlePluginAttributionData$JavaInfo;.<clinit>()V> (0x000000008680e978) 
thrown [s\src\hotspot\share\prims\jni.cpp, line 1108]
Event: 16.935 Thread 0x000001eec6c0eb10 Exception <a 'java/lang/NoSuchMethodError'{0x0000000086830638}: static [Ljava/lang/String;.<clinit>()V> (0x0000000086830638) 
thrown [s\src\hotspot\share\prims\jni.cpp, line 1108]
Event: 16.935 Thread 0x000001eec6c0eb10 Exception <a 'java/lang/NoSuchMethodError'{0x000000008683cd80}: static Lcom/android/buildanalyzer/common/AndroidGradlePluginAttributionData$TaskInfo;.<clinit>()V> (0x000000008683cd80) 
thrown [s\src\hotspot\share\prims\jni.cpp, line 1108]
Event: 16.942 Thread 0x000001eec6c0eb10 Exception <a 'java/lang/NoSuchMethodError'{0x0000000086849a50}: static Lcom/android/buildanalyzer/common/AndroidGradlePluginAttributionData$TaskCategoryInfo;.<clinit>()V> (0x0000000086849a50) 
thrown [s\src\hotspot\share\prims\jni.cpp, line 1108]
Event: 16.996 Thread 0x000001eec9445e10 Exception <a 'java/lang/NoSuchMethodError'{0x0000000089458740}: static Lorg/gradle/internal/build/event/types/DefaultTaskSkippedResult;.<clinit>()V> (0x0000000089458740) 
thrown [s\src\hotspot\share\prims\jni.cpp, line 1108]
Event: 17.399 Thread 0x000001eeccbfbfc0 Exception <a 'java/lang/NoSuchMethodError'{0x0000000088dfb020}: 'void java.lang.invoke.DirectMethodHandle$Holder.invokeStatic(java.lang.Object, java.lang.Object, java.lang.Object, java.lang.Object, int, java.lang.Object, java.lang.Object)'> (0x0000000088dfb020) 
thrown [s\src\hotspot\share\interpreter\linkResolver.cpp, line 771]
Event: 17.408 Thread 0x000001eec6f82bb0 Implicit null exception at 0x000001eeb7f434db to 0x000001eeb7f43564
Event: 17.423 Thread 0x000001eec6f82bb0 Exception <a 'java/lang/NoSuchMethodError'{0x00000000889b6bd0}: 'java.lang.Object java.lang.invoke.DirectMethodHandle$Holder.invokeSpecialIFC(java.lang.Object, java.lang.Object, java.lang.Object)'> (0x00000000889b6bd0) 
thrown [s\src\hotspot\share\interpreter\linkResolver.cpp, line 771]
Event: 17.423 Thread 0x000001eec6f860a0 Exception <a 'java/lang/NoSuchMethodError'{0x00000000889a6bb8}: 'java.lang.Object java.lang.invoke.DirectMethodHandle$Holder.invokeSpecialIFC(java.lang.Object, java.lang.Object, java.lang.Object)'> (0x00000000889a6bb8) 
thrown [s\src\hotspot\share\interpreter\linkResolver.cpp, line 771]
Event: 17.423 Thread 0x000001eeccbfbfc0 Exception <a 'java/lang/NoSuchMethodError'{0x00000000889c3560}: 'java.lang.Object java.lang.invoke.DirectMethodHandle$Holder.invokeSpecialIFC(java.lang.Object, java.lang.Object, java.lang.Object)'> (0x00000000889c3560) 
thrown [s\src\hotspot\share\interpreter\linkResolver.cpp, line 771]
Event: 17.423 Thread 0x000001eec7dabd80 Exception <a 'java/lang/NoSuchMethodError'{0x00000000889ebd80}: 'java.lang.Object java.lang.invoke.DirectMethodHandle$Holder.invokeSpecialIFC(java.lang.Object, java.lang.Object, java.lang.Object)'> (0x00000000889ebd80) 
thrown [s\src\hotspot\share\interpreter\linkResolver.cpp, line 771]
Event: 17.631 Thread 0x000001eeccbfbfc0 Exception <a 'java/lang/NoSuchMethodError'{0x000000008784d470}: 'void java.lang.invoke.DirectMethodHandle$Holder.invokeVirtual(java.lang.Object, java.lang.Object)'> (0x000000008784d470) 
thrown [s\src\hotspot\share\interpreter\linkResolver.cpp, line 771]
Event: 17.707 Thread 0x000001eeccbfbfc0 Implicit null exception at 0x000001eeb7fa6384 to 0x000001eeb7fa6508
Event: 17.707 Thread 0x000001eec7dabd80 Implicit null exception at 0x000001eeb7fa6384 to 0x000001eeb7fa6508
Event: 17.707 Thread 0x000001eec6f82bb0 Implicit null exception at 0x000001eeb7fa6384 to 0x000001eeb7fa6508

VM Operations (20 events):
Event: 17.796 Executing VM operation: ICBufferFull done
Event: 17.801 Executing VM operation: G1CollectForAllocation
Event: 17.810 Executing VM operation: G1CollectForAllocation done
Event: 17.847 Executing VM operation: G1CollectForAllocation
Event: 17.851 Executing VM operation: G1CollectForAllocation done
Event: 17.895 Executing VM operation: HandshakeAllThreads
Event: 17.895 Executing VM operation: HandshakeAllThreads done
Event: 17.910 Executing VM operation: HandshakeAllThreads
Event: 17.910 Executing VM operation: HandshakeAllThreads done
Event: 17.929 Executing VM operation: HandshakeAllThreads
Event: 17.929 Executing VM operation: HandshakeAllThreads done
Event: 18.009 Executing VM operation: ICBufferFull
Event: 18.009 Executing VM operation: ICBufferFull done
Event: 18.168 Executing VM operation: ICBufferFull
Event: 18.168 Executing VM operation: ICBufferFull done
Event: 18.170 Executing VM operation: HandshakeAllThreads
Event: 18.171 Executing VM operation: HandshakeAllThreads done
Event: 18.171 Executing VM operation: HandshakeAllThreads
Event: 18.171 Executing VM operation: HandshakeAllThreads done
Event: 18.307 Executing VM operation: G1CollectForAllocation

Events (20 events):
Event: 17.939 Thread 0x000001eec6c1b400 flushing nmethod 0x000001eeb0ff0710
Event: 17.940 Thread 0x000001eec6c1b400 flushing nmethod 0x000001eeb0ff7690
Event: 17.940 Thread 0x000001eec6c1b400 flushing nmethod 0x000001eeb1009510
Event: 17.940 Thread 0x000001eec6c1b400 flushing nmethod 0x000001eeb1009890
Event: 17.940 Thread 0x000001eec6c1b400 flushing nmethod 0x000001eeb10aac90
Event: 17.940 Thread 0x000001eec6c1b400 flushing nmethod 0x000001eeb10b2c90
Event: 17.940 Thread 0x000001eec6c1b400 flushing nmethod 0x000001eeb10b3a10
Event: 17.940 Thread 0x000001eec6c1b400 flushing nmethod 0x000001eeb10b4690
Event: 17.940 Thread 0x000001eec6c1b400 flushing nmethod 0x000001eeb10b4d90
Event: 17.940 Thread 0x000001eec6c1b400 flushing nmethod 0x000001eeb10b5810
Event: 17.940 Thread 0x000001eec6c1b400 flushing nmethod 0x000001eeb10b5d90
Event: 17.940 Thread 0x000001eec6c1b400 flushing nmethod 0x000001eeb10b7490
Event: 17.940 Thread 0x000001eec6c1b400 flushing nmethod 0x000001eeb10b7d10
Event: 17.940 Thread 0x000001eec6c1b400 flushing nmethod 0x000001eeb10b8310
Event: 17.940 Thread 0x000001eec6c1b400 flushing nmethod 0x000001eeb10c8810
Event: 17.940 Thread 0x000001eec6c1b400 flushing nmethod 0x000001eeb10d4a10
Event: 17.940 Thread 0x000001eec6c1b400 flushing nmethod 0x000001eeb10fda90
Event: 17.940 Thread 0x000001eec6c1b400 flushing nmethod 0x000001eeb1117f90
Event: 17.940 Thread 0x000001eec6c1b400 flushing nmethod 0x000001eeb1118e90
Event: 17.940 Thread 0x000001eec6c1b400 flushing nmethod 0x000001eeb1139790


Dynamic libraries:
0x00007ff63a4f0000 - 0x00007ff63a4fa000 	C:\Program Files\Android\Android Studio\jbr\bin\java.exe
0x00007ffc26bb0000 - 0x00007ffc26da8000 	C:\Windows\SYSTEM32\ntdll.dll
0x00007ffc26600000 - 0x00007ffc266bf000 	C:\Windows\System32\KERNEL32.DLL
0x00007ffc24840000 - 0x00007ffc24b36000 	C:\Windows\System32\KERNELBASE.dll
0x00007ffc243b0000 - 0x00007ffc244b0000 	C:\Windows\System32\ucrtbase.dll
0x00007ffc1fd60000 - 0x00007ffc1fd77000 	C:\Program Files\Android\Android Studio\jbr\bin\jli.dll
0x00007ffc258c0000 - 0x00007ffc25a5d000 	C:\Windows\System32\USER32.dll
0x00007ffc24560000 - 0x00007ffc24582000 	C:\Windows\System32\win32u.dll
0x00007ffc266c0000 - 0x00007ffc266ec000 	C:\Windows\System32\GDI32.dll
0x00007ffc24290000 - 0x00007ffc243a5000 	C:\Windows\System32\gdi32full.dll
0x00007ffc24b40000 - 0x00007ffc24bdd000 	C:\Windows\System32\msvcp_win.dll
0x00007ffc1f3f0000 - 0x00007ffc1f40b000 	C:\Program Files\Android\Android Studio\jbr\bin\VCRUNTIME140.dll
0x00007ffc10190000 - 0x00007ffc1042a000 	C:\Windows\WinSxS\amd64_microsoft.windows.common-controls_6595b64144ccf1df_6.0.19041.1110_none_60b5254171f9507e\COMCTL32.dll
0x00007ffc26440000 - 0x00007ffc264de000 	C:\Windows\System32\msvcrt.dll
0x00007ffc269d0000 - 0x00007ffc26a00000 	C:\Windows\System32\IMM32.DLL
0x00007ffc1fdb0000 - 0x00007ffc1fdbc000 	C:\Program Files\Android\Android Studio\jbr\bin\vcruntime140_1.dll
0x00007ffc0aeb0000 - 0x00007ffc0af3d000 	C:\Program Files\Android\Android Studio\jbr\bin\msvcp140.dll
0x00007ffb94520000 - 0x00007ffb9518d000 	C:\Program Files\Android\Android Studio\jbr\bin\server\jvm.dll
0x00007ffc253c0000 - 0x00007ffc2546f000 	C:\Windows\System32\ADVAPI32.dll
0x00007ffc26560000 - 0x00007ffc265fc000 	C:\Windows\System32\sechost.dll
0x00007ffc25a60000 - 0x00007ffc25b86000 	C:\Windows\System32\RPCRT4.dll
0x00007ffc11d80000 - 0x00007ffc11d89000 	C:\Windows\SYSTEM32\WSOCK32.dll
0x00007ffc25850000 - 0x00007ffc258bb000 	C:\Windows\System32\WS2_32.dll
0x00007ffc1aa60000 - 0x00007ffc1aa87000 	C:\Windows\SYSTEM32\WINMM.dll
0x00007ffc1b1a0000 - 0x00007ffc1b1aa000 	C:\Windows\SYSTEM32\VERSION.dll
0x00007ffc22170000 - 0x00007ffc22182000 	C:\Windows\SYSTEM32\kernel.appcore.dll
0x00007ffc114a0000 - 0x00007ffc114aa000 	C:\Program Files\Android\Android Studio\jbr\bin\jimage.dll
0x00007ffc1d4e0000 - 0x00007ffc1d6c4000 	C:\Windows\SYSTEM32\DBGHELP.DLL
0x00007ffc11b70000 - 0x00007ffc11ba4000 	C:\Windows\SYSTEM32\dbgcore.DLL
0x00007ffc24760000 - 0x00007ffc247e2000 	C:\Windows\System32\bcryptPrimitives.dll
0x00007ffc0abb0000 - 0x00007ffc0abd5000 	C:\Program Files\Android\Android Studio\jbr\bin\java.dll
0x00007ffc0ab90000 - 0x00007ffc0aba8000 	C:\Program Files\Android\Android Studio\jbr\bin\zip.dll
0x00007ffc24c10000 - 0x00007ffc25354000 	C:\Windows\System32\SHELL32.dll
0x00007ffc22370000 - 0x00007ffc22b03000 	C:\Windows\SYSTEM32\windows.storage.dll
0x00007ffc25490000 - 0x00007ffc257e4000 	C:\Windows\System32\combase.dll
0x00007ffc23cf0000 - 0x00007ffc23d1e000 	C:\Windows\SYSTEM32\Wldp.dll
0x00007ffc26390000 - 0x00007ffc2643d000 	C:\Windows\System32\SHCORE.dll
0x00007ffc264f0000 - 0x00007ffc26545000 	C:\Windows\System32\shlwapi.dll
0x00007ffc241d0000 - 0x00007ffc241ef000 	C:\Windows\SYSTEM32\profapi.dll
0x00007ffc0ab70000 - 0x00007ffc0ab89000 	C:\Program Files\Android\Android Studio\jbr\bin\net.dll
0x00007ffc1cd30000 - 0x00007ffc1ce3a000 	C:\Windows\SYSTEM32\WINHTTP.dll
0x00007ffc23a50000 - 0x00007ffc23aba000 	C:\Windows\system32\mswsock.dll
0x00007ffc0aaf0000 - 0x00007ffc0ab06000 	C:\Program Files\Android\Android Studio\jbr\bin\nio.dll
0x00007ffc0aae0000 - 0x00007ffc0aaf0000 	C:\Program Files\Android\Android Studio\jbr\bin\verify.dll
0x00007ffc1aa90000 - 0x00007ffc1aab7000 	C:\Users\Mr Robot\.gradle\native\68d5fa5c4cc2d200863cafc0d521ce42e7d3e7ee720ec0a83991735586a16f82\windows-amd64\native-platform.dll
0x00007ffbfcc40000 - 0x00007ffbfcd84000 	C:\Users\Mr Robot\.gradle\native\e376f236ea51e6404a007f0833ffe2c6e607c4080706a723a18a27aeea778392\windows-amd64\native-platform-file-events.dll
0x00007ffc11400000 - 0x00007ffc11409000 	C:\Program Files\Android\Android Studio\jbr\bin\management.dll
0x00007ffc0bfa0000 - 0x00007ffc0bfab000 	C:\Program Files\Android\Android Studio\jbr\bin\management_ext.dll
0x00007ffc266f0000 - 0x00007ffc266f8000 	C:\Windows\System32\PSAPI.DLL
0x00007ffc23c40000 - 0x00007ffc23c58000 	C:\Windows\SYSTEM32\CRYPTSP.dll
0x00007ffc23300000 - 0x00007ffc23334000 	C:\Windows\system32\rsaenh.dll
0x00007ffc24be0000 - 0x00007ffc24c07000 	C:\Windows\System32\bcrypt.dll
0x00007ffc24190000 - 0x00007ffc241be000 	C:\Windows\SYSTEM32\USERENV.dll
0x00007ffc23c60000 - 0x00007ffc23c6c000 	C:\Windows\SYSTEM32\CRYPTBASE.dll
0x00007ffc236f0000 - 0x00007ffc2372c000 	C:\Windows\SYSTEM32\IPHLPAPI.DLL
0x00007ffc264e0000 - 0x00007ffc264e8000 	C:\Windows\System32\NSI.dll
0x00007ffc1e440000 - 0x00007ffc1e457000 	C:\Windows\SYSTEM32\dhcpcsvc6.DLL
0x00007ffc1e480000 - 0x00007ffc1e49d000 	C:\Windows\SYSTEM32\dhcpcsvc.DLL
0x00007ffc23740000 - 0x00007ffc2380b000 	C:\Windows\SYSTEM32\DNSAPI.dll
0x00007ffc0cb60000 - 0x00007ffc0cb67000 	C:\Windows\system32\wshunix.dll

dbghelp: loaded successfully - version: 4.0.5 - missing functions: none
symbol engine: initialized successfully - sym options: 0x614 - pdb path: .;C:\Program Files\Android\Android Studio\jbr\bin;C:\Windows\SYSTEM32;C:\Windows\WinSxS\amd64_microsoft.windows.common-controls_6595b64144ccf1df_6.0.19041.1110_none_60b5254171f9507e;C:\Program Files\Android\Android Studio\jbr\bin\server;C:\Users\Mr Robot\.gradle\native\68d5fa5c4cc2d200863cafc0d521ce42e7d3e7ee720ec0a83991735586a16f82\windows-amd64;C:\Users\Mr Robot\.gradle\native\e376f236ea51e6404a007f0833ffe2c6e607c4080706a723a18a27aeea778392\windows-amd64

VM Arguments:
jvm_args: --add-opens=java.base/java.util=ALL-UNNAMED --add-opens=java.base/java.lang=ALL-UNNAMED --add-opens=java.base/java.lang.invoke=ALL-UNNAMED --add-opens=java.prefs/java.util.prefs=ALL-UNNAMED --add-opens=java.base/java.nio.charset=ALL-UNNAMED --add-opens=java.base/java.net=ALL-UNNAMED --add-opens=java.base/java.util.concurrent.atomic=ALL-UNNAMED -Xmx2048m -Dfile.encoding=UTF-8 -Duser.country=US -Duser.language=en -Duser.variant 
java_command: org.gradle.launcher.daemon.bootstrap.GradleDaemon 8.0
java_class_path (initial): C:\Users\Mr Robot\.gradle\wrapper\dists\gradle-8.0-bin\ca5e32bp14vu59qr306oxotwh\gradle-8.0\lib\gradle-launcher-8.0.jar
Launcher Type: SUN_STANDARD

[Global flags]
     intx CICompilerCount                          = 3                                         {product} {ergonomic}
     uint ConcGCThreads                            = 1                                         {product} {ergonomic}
     uint G1ConcRefinementThreads                  = 4                                         {product} {ergonomic}
   size_t G1HeapRegionSize                         = 1048576                                   {product} {ergonomic}
    uintx GCDrainStackTargetSize                   = 64                                        {product} {ergonomic}
   size_t InitialHeapSize                          = 134217728                                 {product} {ergonomic}
   size_t MarkStackSize                            = 4194304                                   {product} {ergonomic}
   size_t MaxHeapSize                              = 2147483648                                {product} {command line}
   size_t MaxNewSize                               = 1287651328                                {product} {ergonomic}
   size_t MinHeapDeltaBytes                        = 1048576                                   {product} {ergonomic}
   size_t MinHeapSize                              = 8388608                                   {product} {ergonomic}
    uintx NonNMethodCodeHeapSize                   = 5832780                                {pd product} {ergonomic}
    uintx NonProfiledCodeHeapSize                  = 122912730                              {pd product} {ergonomic}
    uintx ProfiledCodeHeapSize                     = 122912730                              {pd product} {ergonomic}
    uintx ReservedCodeCacheSize                    = 251658240                              {pd product} {ergonomic}
     bool SegmentedCodeCache                       = true                                      {product} {ergonomic}
   size_t SoftMaxHeapSize                          = 2147483648                             {manageable} {ergonomic}
     bool UseCompressedClassPointers               = true                           {product lp64_product} {ergonomic}
     bool UseCompressedOops                        = true                           {product lp64_product} {ergonomic}
     bool UseG1GC                                  = true                                      {product} {ergonomic}
     bool UseLargePagesIndividualAllocation        = false                                  {pd product} {ergonomic}

Logging:
Log output configuration:
 #0: stdout all=warning uptime,level,tags
 #1: stderr all=off uptime,level,tags

Environment Variables:
PATH=C:\Program Files\Common Files\Oracle\Java\javapath;C:\Windows\system32;C:\Windows;C:\Windows\System32\Wbem;C:\Windows\System32\WindowsPowerShell\v1.0\;C:\Windows\System32\OpenSSH\;C:\Users\Mr Robot\AppData\Local\Microsoft\WindowsApps;;C:\Users\Mr Robot\AppData\Local\Programs\Microsoft VS Code\bin
USERNAME=Mr Robot
OS=Windows_NT
PROCESSOR_IDENTIFIER=Intel64 Family 6 Model 60 Stepping 3, GenuineIntel
TMP=C:\Users\MRROBO~1\AppData\Local\Temp
TEMP=C:\Users\MRROBO~1\AppData\Local\Temp



---------------  S Y S T E M  ---------------

OS:
 Windows 10 , 64 bit Build 19041 (10.0.19041.2913)
OS uptime: 0 days 12:51 hours

CPU: total 4 (initial active 4) (4 cores per cpu, 1 threads per core) family 6 model 60 stepping 3 microcode 0x27, cx8, cmov, fxsr, mmx, sse, sse2, sse3, ssse3, sse4.1, sse4.2, popcnt, lzcnt, tsc, tscinvbit, avx, avx2, aes, erms, clmul, bmi1, bmi2, fma, vzeroupper, clflush

Memory: 4k page, system-wide physical 8084M (335M free)
TotalPageFile size 16276M (AvailPageFile size 5M)
current process WorkingSet (physical memory assigned to process): 401M, peak: 409M
current process commit charge ("private bytes"): 622M, peak: 625M

vm_info: OpenJDK 64-Bit Server VM (17.0.6+0-b2043.56-9586694) for windows-amd64 JRE (17.0.6+0-b2043.56-9586694), built on Feb  9 2023 20:06:20 by "androidbuild" with MS VC++ 16.10 / 16.11 (VS2019)

END.
